|ITERS: 1480405 / 1480405 | EPOCHS: 1.70 | COMP: 100.00% | RATE: 4.59 it./s | SPD: 0.2179 s/it.| ERT: (0, 0, 0, 0) | ET: (4, 3, 49, 40)                                                                 
val>|ITERS: 500 / 500 | COMP: 100.00% | RATE: 9.10 it./s | SPD: 0.1099 s/it.| ERT: (0, 0, 0, 0) |                                                                                                       

Finished setup:

Initilizaing neptune:
	--> neptune init
	--> saving the neptune runid

Set the random seed for reproducibility:

Setting the device to GPU if available, otherwise CPU:
	--> device set to cuda:4.

Setting arch-hyperparams for the GPT model:

Loading the training and evaluation data:
	--> loading train.bin
	--> took (0, 0, 0, 5)
	--> loading val.bin
	--> took (0, 0, 0, 0)

Setting train-hyperparams and util variables:

Defining the model and utilities:

The model:
	--> def human readable

Creating the model:

The model has 5M trainable parameters:
	--> initialiazing the optimizer
	--> initializing the learing rate scheduler
	--> computing the initial loss
	--> saving the last loss for early stopping
	--> neptune logging the initial loss

==========================================================================================:

2024-12-25_02-33 : iter     0 <=> epoch 0 | train loss 4.5104 | val loss 4.5090:
	--> training ...
	--> checkpointing
	--> checkpoint_2024-12-25_03-09 : iter       5000 <=> epoch 0.0057416699112440095 | train loss 0.7742518187 | val loss 0.7652288079
	--> training ...
	--> checkpointing
	--> checkpoint_2024-12-25_03-29 : iter      10000 <=> epoch 0.011483339822488019 | train loss 0.6914616227 | val loss 0.6913830638
	--> training ...
	--> checkpointing
	--> checkpoint_2024-12-25_03-50 : iter      15000 <=> epoch 0.017225009733732026 | train loss 0.6644197106 | val loss 0.6652581692
	--> training ...
	--> checkpointing
	--> checkpoint_2024-12-25_04-10 : iter      20000 <=> epoch 0.022966679644976038 | train loss 0.6505937576 | val loss 0.6492223740
	--> training ...
	--> checkpointing
	--> checkpoint_2024-12-25_04-30 : iter      25000 <=> epoch 0.028708349556220047 | train loss 0.6397778392 | val loss 0.6439975500
	--> training ...
	--> checkpointing
	--> checkpoint_2024-12-25_04-50 : iter      30000 <=> epoch 0.03445001946746405 | train loss 0.6325315833 | val loss 0.6358705163
	--> training ...
	--> checkpointing
	--> checkpoint_2024-12-25_05-11 : iter      35000 <=> epoch 0.04019168937870806 | train loss 0.6246053576 | val loss 0.6269739270
	--> training ...
	--> checkpointing
	--> checkpoint_2024-12-25_05-31 : iter      40000 <=> epoch 0.045933359289952076 | train loss 0.6209084392 | val loss 0.6243540049
	--> training ...
	--> checkpointing
	--> checkpoint_2024-12-25_05-51 : iter      45000 <=> epoch 0.051675029201196085 | train loss 0.6155744195 | val loss 0.6153094769
	--> training ...
	--> checkpointing
	--> checkpoint_2024-12-25_06-11 : iter      50000 <=> epoch 0.057416699112440094 | train loss 0.6115693450 | val loss 0.6175462604
	--> training ...
	--> checkpointing
	--> checkpoint_2024-12-25_06-31 : iter      55000 <=> epoch 0.0631583690236841 | train loss 0.6096366644 | val loss 0.6128296256
	--> training ...
	--> checkpointing
	--> checkpoint_2024-12-25_06-51 : iter      60000 <=> epoch 0.0689000389349281 | train loss 0.6072003841 | val loss 0.6095398068
	--> training ...
	--> checkpointing
	--> checkpoint_2024-12-25_07-12 : iter      65000 <=> epoch 0.07464170884617212 | train loss 0.6055574417 | val loss 0.6066833138
	--> training ...
	--> checkpointing
	--> checkpoint_2024-12-25_07-32 : iter      70000 <=> epoch 0.08038337875741612 | train loss 0.6025877595 | val loss 0.6045285463
	--> training ...
	--> checkpointing
	--> checkpoint_2024-12-25_07-52 : iter      75000 <=> epoch 0.08612504866866014 | train loss 0.6010948420 | val loss 0.6033347249
	--> training ...
	--> checkpointing
	--> checkpoint_2024-12-25_08-12 : iter      80000 <=> epoch 0.09186671857990415 | train loss 0.5979226828 | val loss 0.6023179889
	--> training ...
	--> checkpointing
	--> checkpoint_2024-12-25_08-32 : iter      85000 <=> epoch 0.09760838849114815 | train loss 0.5962048769 | val loss 0.6009743810
	--> training ...
	--> checkpointing
	--> checkpoint_2024-12-25_08-53 : iter      90000 <=> epoch 0.10335005840239217 | train loss 0.5962634683 | val loss 0.5978662968
	--> training ...
	--> checkpointing
	--> checkpoint_2024-12-25_09-13 : iter      95000 <=> epoch 0.10909172831363617 | train loss 0.5966725349 | val loss 0.5996266007
	--> training ...
	--> checkpointing
	--> checkpoint_2024-12-25_09-33 : iter     100000 <=> epoch 0.11483339822488019 | train loss 0.5938545465 | val loss 0.5975579023
	--> training ...
	--> checkpointing
	--> checkpoint_2024-12-25_09-53 : iter     105000 <=> epoch 0.12057506813612419 | train loss 0.5922413468 | val loss 0.5966914892
	--> training ...
	--> checkpointing
	--> checkpoint_2024-12-25_10-13 : iter     110000 <=> epoch 0.1263167380473682 | train loss 0.5924658179 | val loss 0.5962694287
	--> training ...
	--> checkpointing
	--> checkpoint_2024-12-25_10-34 : iter     115000 <=> epoch 0.1320584079586122 | train loss 0.5924358964 | val loss 0.5960696340
	--> training ...
	--> checkpointing
	--> checkpoint_2024-12-25_10-54 : iter     120000 <=> epoch 0.1378000778698562 | train loss 0.5924635530 | val loss 0.5931330919
	--> training ...
	--> checkpointing
	--> checkpoint_2024-12-25_11-14 : iter     125000 <=> epoch 0.14354174778110024 | train loss 0.5896220803 | val loss 0.5936451554
	--> training ...
	--> checkpointing
	--> checkpoint_2024-12-25_11-34 : iter     130000 <=> epoch 0.14928341769234424 | train loss 0.5897020698 | val loss 0.5934010148
	--> training ...
	--> checkpointing
	--> checkpoint_2024-12-25_11-54 : iter     135000 <=> epoch 0.15502508760358824 | train loss 0.5873436332 | val loss 0.5914163589
	--> training ...
	--> checkpointing
	--> checkpoint_2024-12-25_12-15 : iter     140000 <=> epoch 0.16076675751483224 | train loss 0.5874055624 | val loss 0.5926342010
	--> training ...
	--> checkpointing
	--> checkpoint_2024-12-25_12-35 : iter     145000 <=> epoch 0.16650842742607627 | train loss 0.5883796811 | val loss 0.5909197927
	--> training ...
	--> checkpointing
	--> checkpoint_2024-12-25_12-55 : iter     150000 <=> epoch 0.17225009733732027 | train loss 0.5867059827 | val loss 0.5897158384
	--> training ...
	--> checkpointing
	--> checkpoint_2024-12-25_13-15 : iter     155000 <=> epoch 0.17799176724856428 | train loss 0.5845984817 | val loss 0.5894368887
	--> training ...
	--> checkpointing
	--> checkpoint_2024-12-25_13-35 : iter     160000 <=> epoch 0.1837334371598083 | train loss 0.5869874358 | val loss 0.5892667770
	--> training ...
	--> checkpointing
	--> checkpoint_2024-12-25_13-55 : iter     165000 <=> epoch 0.1894751070710523 | train loss 0.5852352381 | val loss 0.5920313597
	--> training ...
	--> checkpointing
	--> checkpoint_2024-12-25_14-16 : iter     170000 <=> epoch 0.1952167769822963 | train loss 0.5841708779 | val loss 0.5888845325
	--> training ...
	--> checkpointing
	--> checkpoint_2024-12-25_14-36 : iter     175000 <=> epoch 0.2009584468935403 | train loss 0.5829027295 | val loss 0.5870658159
	--> training ...
	--> checkpointing
	--> checkpoint_2024-12-25_14-56 : iter     180000 <=> epoch 0.20670011680478434 | train loss 0.5848832726 | val loss 0.5875928402
	--> training ...
	--> checkpointing
	--> checkpoint_2024-12-25_15-16 : iter     185000 <=> epoch 0.21244178671602834 | train loss 0.5827155113 | val loss 0.5865736008
	--> training ...
	--> checkpointing
	--> checkpoint_2024-12-25_15-36 : iter     190000 <=> epoch 0.21818345662727234 | train loss 0.5835323930 | val loss 0.5887441635
	--> training ...
	--> checkpointing
	--> checkpoint_2024-12-25_15-57 : iter     195000 <=> epoch 0.22392512653851634 | train loss 0.5815834999 | val loss 0.5880962610
	--> training ...
	--> checkpointing
	--> checkpoint_2024-12-25_16-17 : iter     200000 <=> epoch 0.22966679644976037 | train loss 0.5839586258 | val loss 0.5898865461
	--> training ...
	--> checkpointing
	--> checkpoint_2024-12-25_16-37 : iter     205000 <=> epoch 0.23540846636100438 | train loss 0.5833685994 | val loss 0.5868522525
	--> training ...
	--> checkpointing
	--> checkpoint_2024-12-25_16-57 : iter     210000 <=> epoch 0.24115013627224838 | train loss 0.5813520551 | val loss 0.5871508718
	--> training ...
	--> checkpointing
	--> checkpoint_2024-12-25_17-17 : iter     215000 <=> epoch 0.24689180618349238 | train loss 0.5815578699 | val loss 0.5861276984
	--> training ...
	--> checkpointing
	--> checkpoint_2024-12-25_17-37 : iter     220000 <=> epoch 0.2526334760947364 | train loss 0.5799430609 | val loss 0.5874267817
	--> training ...
	--> checkpointing
	--> checkpoint_2024-12-25_17-58 : iter     225000 <=> epoch 0.2583751460059804 | train loss 0.5818915367 | val loss 0.5836246610
	--> training ...
	--> checkpointing
	--> checkpoint_2024-12-25_18-18 : iter     230000 <=> epoch 0.2641168159172244 | train loss 0.5813606977 | val loss 0.5865022540
	--> training ...
	--> checkpointing
	--> checkpoint_2024-12-25_18-38 : iter     235000 <=> epoch 0.26985848582846844 | train loss 0.5809082985 | val loss 0.5849858522
	--> training ...
	--> checkpointing
	--> checkpoint_2024-12-25_18-58 : iter     240000 <=> epoch 0.2756001557397124 | train loss 0.5805020928 | val loss 0.5839636326
	--> training ...
	--> checkpointing
	--> checkpoint_2024-12-25_19-18 : iter     245000 <=> epoch 0.28134182565095645 | train loss 0.5786319375 | val loss 0.5854898691
	--> training ...
	--> checkpointing
	--> checkpoint_2024-12-25_19-38 : iter     250000 <=> epoch 0.2870834955622005 | train loss 0.5822041631 | val loss 0.5890595913
	--> training ...
	--> checkpointing
	--> checkpoint_2024-12-25_19-59 : iter     255000 <=> epoch 0.29282516547344445 | train loss 0.5815833211 | val loss 0.5841053724
	--> training ...
	--> checkpointing
	--> checkpoint_2024-12-25_20-20 : iter     260000 <=> epoch 0.2985668353846885 | train loss 0.5803294182 | val loss 0.5843954086
	--> training ...
	--> checkpointing
	--> checkpoint_2024-12-25_20-40 : iter     265000 <=> epoch 0.3043085052959325 | train loss 0.5772542357 | val loss 0.5828126669
	--> training ...
	--> checkpointing
	--> checkpoint_2024-12-25_21-00 : iter     270000 <=> epoch 0.3100501752071765 | train loss 0.5782027841 | val loss 0.5834820271
	--> training ...
	--> checkpointing
	--> checkpoint_2024-12-25_21-20 : iter     275000 <=> epoch 0.3157918451184205 | train loss 0.5781835914 | val loss 0.5838261843
	--> training ...
	--> checkpointing
	--> checkpoint_2024-12-25_21-40 : iter     280000 <=> epoch 0.3215335150296645 | train loss 0.5779337883 | val loss 0.5822886825
	--> training ...
	--> checkpointing
	--> checkpoint_2024-12-25_22-00 : iter     285000 <=> epoch 0.3272751849409085 | train loss 0.5786019564 | val loss 0.5852060914
	--> training ...
	--> checkpointing
	--> checkpoint_2024-12-25_22-21 : iter     290000 <=> epoch 0.33301685485215254 | train loss 0.5770336986 | val loss 0.5829650760
	--> training ...
	--> checkpointing
	--> checkpoint_2024-12-25_22-41 : iter     295000 <=> epoch 0.3387585247633965 | train loss 0.5791644454 | val loss 0.5843046308
	--> training ...
	--> checkpointing
	--> checkpoint_2024-12-25_23-01 : iter     300000 <=> epoch 0.34450019467464055 | train loss 0.5778577924 | val loss 0.5819463134
	--> training ...
	--> checkpointing
	--> checkpoint_2024-12-25_23-21 : iter     305000 <=> epoch 0.3502418645858846 | train loss 0.5765522122 | val loss 0.5830286741
	--> training ...
	--> checkpointing
	--> checkpoint_2024-12-25_23-41 : iter     310000 <=> epoch 0.35598353449712855 | train loss 0.5755437016 | val loss 0.5814416409
	--> training ...
	--> checkpointing
	--> checkpoint_2024-12-26_00-01 : iter     315000 <=> epoch 0.3617252044083726 | train loss 0.5769374371 | val loss 0.5816905499
	--> training ...
	--> checkpointing
	--> checkpoint_2024-12-26_00-22 : iter     320000 <=> epoch 0.3674668743196166 | train loss 0.5751060843 | val loss 0.5799456835
	--> training ...
	--> checkpointing
	--> checkpoint_2024-12-26_00-42 : iter     325000 <=> epoch 0.3732085442308606 | train loss 0.5763378739 | val loss 0.5812666416
	--> training ...
	--> checkpointing
	--> checkpoint_2024-12-26_01-02 : iter     330000 <=> epoch 0.3789502141421046 | train loss 0.5762202144 | val loss 0.5815253854
	--> training ...
	--> checkpointing
	--> checkpoint_2024-12-26_01-22 : iter     335000 <=> epoch 0.3846918840533486 | train loss 0.5754162669 | val loss 0.5788112283
	--> training ...
	--> checkpointing
	--> checkpoint_2024-12-26_01-42 : iter     340000 <=> epoch 0.3904335539645926 | train loss 0.5751276612 | val loss 0.5805730224
	--> training ...
	--> checkpointing
	--> checkpoint_2024-12-26_02-02 : iter     345000 <=> epoch 0.39617522387583665 | train loss 0.5743653178 | val loss 0.5788776875
	--> training ...
	--> checkpointing
	--> checkpoint_2024-12-26_02-22 : iter     350000 <=> epoch 0.4019168937870806 | train loss 0.5743783116 | val loss 0.5822277665
	--> training ...
	--> checkpointing
	--> checkpoint_2024-12-26_02-43 : iter     355000 <=> epoch 0.40765856369832465 | train loss 0.5757949352 | val loss 0.5804525018
	--> training ...
	--> checkpointing
	--> checkpoint_2024-12-26_03-03 : iter     360000 <=> epoch 0.4134002336095687 | train loss 0.5739153028 | val loss 0.5819293261
	--> training ...
	--> checkpointing
	--> checkpoint_2024-12-26_03-23 : iter     365000 <=> epoch 0.41914190352081265 | train loss 0.5746310949 | val loss 0.5813144445
	--> training ...
	--> checkpointing
	--> checkpoint_2024-12-26_03-43 : iter     370000 <=> epoch 0.4248835734320567 | train loss 0.5763123631 | val loss 0.5814793706
	--> training ...
	--> checkpointing
	--> checkpoint_2024-12-26_04-03 : iter     375000 <=> epoch 0.43062524334330066 | train loss 0.5751795769 | val loss 0.5821757913
	--> training ...
	--> checkpointing
	--> checkpoint_2024-12-26_04-23 : iter     380000 <=> epoch 0.4363669132545447 | train loss 0.5746890306 | val loss 0.5800284743
	--> training ...
	--> checkpointing
	--> checkpoint_2024-12-26_04-44 : iter     385000 <=> epoch 0.4421085831657887 | train loss 0.5733031631 | val loss 0.5790385604
	--> training ...
	--> checkpointing
	--> checkpoint_2024-12-26_05-04 : iter     390000 <=> epoch 0.4478502530770327 | train loss 0.5722804666 | val loss 0.5811252594
	--> training ...
	--> checkpointing
	--> checkpoint_2024-12-26_05-24 : iter     395000 <=> epoch 0.4535919229882767 | train loss 0.5739995241 | val loss 0.5814800262
	--> training ...
	--> checkpointing
	--> checkpoint_2024-12-26_05-44 : iter     400000 <=> epoch 0.45933359289952075 | train loss 0.5728378892 | val loss 0.5801498294
	--> training ...
	--> checkpointing
	--> checkpoint_2024-12-26_06-04 : iter     405000 <=> epoch 0.4650752628107647 | train loss 0.5743162632 | val loss 0.5806350708
	--> training ...
	--> checkpointing
	--> checkpoint_2024-12-26_06-25 : iter     410000 <=> epoch 0.47081693272200875 | train loss 0.5767641068 | val loss 0.5810557604
	--> training ...
	--> checkpointing
	--> checkpoint_2024-12-26_06-45 : iter     415000 <=> epoch 0.4765586026332528 | train loss 0.5727142692 | val loss 0.5786190033
	--> training ...
	--> checkpointing
	--> checkpoint_2024-12-26_07-05 : iter     420000 <=> epoch 0.48230027254449676 | train loss 0.5744912028 | val loss 0.5807627439
	--> training ...
	--> checkpointing
	--> checkpoint_2024-12-26_07-25 : iter     425000 <=> epoch 0.4880419424557408 | train loss 0.5720502734 | val loss 0.5792658925
	--> training ...
	--> checkpointing
	--> checkpoint_2024-12-26_07-45 : iter     430000 <=> epoch 0.49378361236698476 | train loss 0.5721077323 | val loss 0.5802299976
	--> training ...
	--> checkpointing
	--> checkpoint_2024-12-26_08-05 : iter     435000 <=> epoch 0.4995252822782288 | train loss 0.5731200576 | val loss 0.5785372853
	--> training ...
	--> checkpointing
	--> checkpoint_2024-12-26_08-26 : iter     440000 <=> epoch 0.5052669521894728 | train loss 0.5748348236 | val loss 0.5809326172
	--> training ...
	--> checkpointing
	--> checkpoint_2024-12-26_08-46 : iter     445000 <=> epoch 0.5110086221007168 | train loss 0.5714413524 | val loss 0.5791829824
	--> training ...
	--> checkpointing
	--> checkpoint_2024-12-26_09-06 : iter     450000 <=> epoch 0.5167502920119608 | train loss 0.5740569830 | val loss 0.5785166621
	--> training ...
	--> checkpointing
	--> checkpoint_2024-12-26_09-26 : iter     455000 <=> epoch 0.5224919619232048 | train loss 0.5729913712 | val loss 0.5766769648
	--> training ...
	--> checkpointing
	--> checkpoint_2024-12-26_09-46 : iter     460000 <=> epoch 0.5282336318344488 | train loss 0.5725979209 | val loss 0.5785634518
	--> training ...
	--> checkpointing
	--> checkpoint_2024-12-26_10-06 : iter     465000 <=> epoch 0.5339753017456929 | train loss 0.5704768896 | val loss 0.5789988041
	--> training ...
	--> checkpointing
	--> checkpoint_2024-12-26_10-27 : iter     470000 <=> epoch 0.5397169716569369 | train loss 0.5730445385 | val loss 0.5784529448
	--> training ...
	--> checkpointing
	--> checkpoint_2024-12-26_10-47 : iter     475000 <=> epoch 0.5454586415681809 | train loss 0.5718505383 | val loss 0.5776306391
	--> training ...
	--> checkpointing
	--> checkpoint_2024-12-26_11-07 : iter     480000 <=> epoch 0.5512003114794248 | train loss 0.5712350607 | val loss 0.5792412758
	--> training ...
	--> checkpointing
	--> checkpoint_2024-12-26_11-27 : iter     485000 <=> epoch 0.5569419813906689 | train loss 0.5707830787 | val loss 0.5774888396
	--> training ...
	--> checkpointing
	--> checkpoint_2024-12-26_11-47 : iter     490000 <=> epoch 0.5626836513019129 | train loss 0.5703818202 | val loss 0.5787205100
	--> training ...
	--> checkpointing
	--> checkpoint_2024-12-26_12-07 : iter     495000 <=> epoch 0.5684253212131569 | train loss 0.5706151128 | val loss 0.5788112879
	--> training ...
	--> checkpointing
	--> checkpoint_2024-12-26_12-28 : iter     500000 <=> epoch 0.574166991124401 | train loss 0.5715264678 | val loss 0.5774943829
	--> training ...
	--> checkpointing
	--> checkpoint_2024-12-26_12-48 : iter     505000 <=> epoch 0.5799086610356449 | train loss 0.5731354356 | val loss 0.5792058110
	--> training ...
	--> checkpointing
	--> checkpoint_2024-12-26_13-08 : iter     510000 <=> epoch 0.5856503309468889 | train loss 0.5715814233 | val loss 0.5785374045
	--> training ...
	--> checkpointing
	--> checkpoint_2024-12-26_13-28 : iter     515000 <=> epoch 0.5913920008581329 | train loss 0.5702663660 | val loss 0.5770829916
	--> training ...
	--> checkpointing
	--> checkpoint_2024-12-26_13-48 : iter     520000 <=> epoch 0.597133670769377 | train loss 0.5712066293 | val loss 0.5772879124
	--> training ...
	--> checkpointing
	--> checkpoint_2024-12-26_14-08 : iter     525000 <=> epoch 0.602875340680621 | train loss 0.5705114603 | val loss 0.5790178180
	--> training ...
	--> checkpointing
	--> checkpoint_2024-12-26_14-29 : iter     530000 <=> epoch 0.608617010591865 | train loss 0.5710590482 | val loss 0.5796224475
	--> training ...
	--> checkpointing
	--> checkpoint_2024-12-26_14-49 : iter     535000 <=> epoch 0.6143586805031089 | train loss 0.5695021749 | val loss 0.5778710246
	--> training ...
	--> checkpointing
	--> checkpoint_2024-12-26_15-09 : iter     540000 <=> epoch 0.620100350414353 | train loss 0.5716728568 | val loss 0.5786468387
	--> training ...
	--> checkpointing
	--> checkpoint_2024-12-26_15-29 : iter     545000 <=> epoch 0.625842020325597 | train loss 0.5703905225 | val loss 0.5769129395
	--> training ...
	--> checkpointing
	--> checkpoint_2024-12-26_15-49 : iter     550000 <=> epoch 0.631583690236841 | train loss 0.5686812997 | val loss 0.5779780746
	--> training ...
	--> checkpointing
	--> checkpoint_2024-12-26_16-09 : iter     555000 <=> epoch 0.637325360148085 | train loss 0.5687948465 | val loss 0.5772532225
	--> training ...
	--> checkpointing
	--> checkpoint_2024-12-26_16-30 : iter     560000 <=> epoch 0.643067030059329 | train loss 0.5701134205 | val loss 0.5780717134
	--> training ...
	--> checkpointing
	--> checkpoint_2024-12-26_16-50 : iter     565000 <=> epoch 0.648808699970573 | train loss 0.5696114898 | val loss 0.5800746083
	--> training ...
	--> checkpointing
	--> checkpoint_2024-12-26_17-10 : iter     570000 <=> epoch 0.654550369881817 | train loss 0.5718418956 | val loss 0.5761340261
	--> training ...
	--> checkpointing
	--> checkpoint_2024-12-26_17-30 : iter     575000 <=> epoch 0.6602920397930611 | train loss 0.5681455731 | val loss 0.5765599608
	--> training ...
	--> checkpointing
	--> checkpoint_2024-12-26_17-50 : iter     580000 <=> epoch 0.6660337097043051 | train loss 0.5671874285 | val loss 0.5771248341
	--> training ...
	--> checkpointing
	--> checkpoint_2024-12-26_18-11 : iter     585000 <=> epoch 0.6717753796155491 | train loss 0.5678768158 | val loss 0.5777518749
	--> training ...
	--> checkpointing
	--> checkpoint_2024-12-26_18-31 : iter     590000 <=> epoch 0.677517049526793 | train loss 0.5676624179 | val loss 0.5773482919
	--> training ...
	--> checkpointing
	--> checkpoint_2024-12-26_18-51 : iter     595000 <=> epoch 0.6832587194380371 | train loss 0.5676798820 | val loss 0.5782450438
	--> training ...
	--> checkpointing
	--> checkpoint_2024-12-26_19-11 : iter     600000 <=> epoch 0.6890003893492811 | train loss 0.5678569078 | val loss 0.5769150853
	--> training ...
	--> checkpointing
	--> checkpoint_2024-12-26_19-31 : iter     605000 <=> epoch 0.6947420592605251 | train loss 0.5685150623 | val loss 0.5779076815
	--> training ...
	--> checkpointing
	--> checkpoint_2024-12-26_19-51 : iter     610000 <=> epoch 0.7004837291717692 | train loss 0.5675693154 | val loss 0.5783478022
	--> training ...
	--> checkpointing
	--> checkpoint_2024-12-26_20-11 : iter     615000 <=> epoch 0.7062253990830131 | train loss 0.5699897408 | val loss 0.5768387914
	--> training ...
	--> checkpointing
	--> checkpoint_2024-12-26_20-32 : iter     620000 <=> epoch 0.7119670689942571 | train loss 0.5694100857 | val loss 0.5780940056
	--> training ...
	--> checkpointing
	--> checkpoint_2024-12-26_20-52 : iter     625000 <=> epoch 0.7177087389055011 | train loss 0.5671829581 | val loss 0.5789316893
	--> training ...
	--> checkpointing
	--> checkpoint_2024-12-26_21-12 : iter     630000 <=> epoch 0.7234504088167452 | train loss 0.5687373877 | val loss 0.5768164992
	--> training ...
	--> checkpointing
	--> checkpoint_2024-12-26_21-32 : iter     635000 <=> epoch 0.7291920787279892 | train loss 0.5687845945 | val loss 0.5778491497
	--> training ...
	--> checkpointing
	--> checkpoint_2024-12-26_21-52 : iter     640000 <=> epoch 0.7349337486392332 | train loss 0.5718152523 | val loss 0.5801021457
	--> training ...
	--> checkpointing
	--> checkpoint_2024-12-26_22-12 : iter     645000 <=> epoch 0.7406754185504771 | train loss 0.5708200932 | val loss 0.5800092220
	--> training ...
	--> checkpointing
	--> checkpoint_2024-12-26_22-32 : iter     650000 <=> epoch 0.7464170884617212 | train loss 0.5687089562 | val loss 0.5779444575
	--> training ...
	--> checkpointing
	--> checkpoint_2024-12-26_22-52 : iter     655000 <=> epoch 0.7521587583729652 | train loss 0.5681908131 | val loss 0.5768253207
	--> training ...
	--> checkpointing
	--> checkpoint_2024-12-26_23-13 : iter     660000 <=> epoch 0.7579004282842092 | train loss 0.5682071447 | val loss 0.5768144727
	--> training ...
	--> checkpointing
	--> checkpoint_2024-12-26_23-33 : iter     665000 <=> epoch 0.7636420981954533 | train loss 0.5666173697 | val loss 0.5760564208
	--> training ...
	--> checkpointing
	--> checkpoint_2024-12-26_23-53 : iter     670000 <=> epoch 0.7693837681066972 | train loss 0.5686386824 | val loss 0.5775213838
	--> training ...
	--> checkpointing
	--> checkpoint_2024-12-27_00-13 : iter     675000 <=> epoch 0.7751254380179412 | train loss 0.5656999350 | val loss 0.5788459182
	--> training ...
	--> checkpointing
	--> checkpoint_2024-12-27_00-33 : iter     680000 <=> epoch 0.7808671079291852 | train loss 0.5697833300 | val loss 0.5766262412
	--> training ...
	--> checkpointing
	--> checkpoint_2024-12-27_00-53 : iter     685000 <=> epoch 0.7866087778404293 | train loss 0.5663558841 | val loss 0.5757734179
	--> training ...
	--> checkpointing
	--> checkpoint_2024-12-27_01-14 : iter     690000 <=> epoch 0.7923504477516733 | train loss 0.5703765750 | val loss 0.5788264275
	--> training ...
	--> checkpointing
	--> checkpoint_2024-12-27_01-34 : iter     695000 <=> epoch 0.7980921176629173 | train loss 0.5684989095 | val loss 0.5763794184
	--> training ...
	--> checkpointing
	--> checkpoint_2024-12-27_01-54 : iter     700000 <=> epoch 0.8038337875741612 | train loss 0.5687645078 | val loss 0.5741225481
	--> training ...
	--> checkpointing
	--> checkpoint_2024-12-27_02-14 : iter     705000 <=> epoch 0.8095754574854053 | train loss 0.5703172088 | val loss 0.5756803751
	--> training ...
	--> checkpointing
	--> checkpoint_2024-12-27_02-34 : iter     710000 <=> epoch 0.8153171273966493 | train loss 0.5691697598 | val loss 0.5775123239
	--> training ...
	--> checkpointing
	--> checkpoint_2024-12-27_02-55 : iter     715000 <=> epoch 0.8210587973078933 | train loss 0.5669664741 | val loss 0.5775246620
	--> training ...
	--> checkpointing
	--> checkpoint_2024-12-27_03-15 : iter     720000 <=> epoch 0.8268004672191374 | train loss 0.5646281838 | val loss 0.5772088766
	--> training ...
	--> checkpointing
	--> checkpoint_2024-12-27_03-35 : iter     725000 <=> epoch 0.8325421371303813 | train loss 0.5674923658 | val loss 0.5768464208
	--> training ...
	--> checkpointing
	--> checkpoint_2024-12-27_03-55 : iter     730000 <=> epoch 0.8382838070416253 | train loss 0.5693888068 | val loss 0.5773367286
	--> training ...
	--> checkpointing
	--> checkpoint_2024-12-27_04-15 : iter     735000 <=> epoch 0.8440254769528693 | train loss 0.5668033361 | val loss 0.5784233809
	--> training ...
	--> checkpointing
	--> checkpoint_2024-12-27_04-35 : iter     740000 <=> epoch 0.8497671468641134 | train loss 0.5671363473 | val loss 0.5763754249
	--> training ...
	--> checkpointing
	--> checkpoint_2024-12-27_04-56 : iter     745000 <=> epoch 0.8555088167753574 | train loss 0.5656175613 | val loss 0.5776392817
	--> training ...
	--> checkpointing
	--> checkpoint_2024-12-27_05-16 : iter     750000 <=> epoch 0.8612504866866013 | train loss 0.5667538643 | val loss 0.5767894387
	--> training ...
	--> checkpointing
	--> checkpoint_2024-12-27_05-36 : iter     755000 <=> epoch 0.8669921565978453 | train loss 0.5667728186 | val loss 0.5747698545
	--> training ...
	--> checkpointing
	--> checkpoint_2024-12-27_05-56 : iter     760000 <=> epoch 0.8727338265090894 | train loss 0.5687843561 | val loss 0.5788151622
	--> training ...
	--> checkpointing
	--> checkpoint_2024-12-27_06-16 : iter     765000 <=> epoch 0.8784754964203334 | train loss 0.5670544505 | val loss 0.5746176243
	--> training ...
	--> checkpointing
	--> checkpoint_2024-12-27_06-36 : iter     770000 <=> epoch 0.8842171663315774 | train loss 0.5654031038 | val loss 0.5760265589
	--> training ...
	--> checkpointing
	--> checkpoint_2024-12-27_06-57 : iter     775000 <=> epoch 0.8899588362428215 | train loss 0.5666946769 | val loss 0.5772377849
	--> training ...
	--> checkpointing
	--> checkpoint_2024-12-27_07-17 : iter     780000 <=> epoch 0.8957005061540654 | train loss 0.5654865503 | val loss 0.5760514736
	--> training ...
	--> checkpointing
	--> checkpoint_2024-12-27_07-37 : iter     785000 <=> epoch 0.9014421760653094 | train loss 0.5656846166 | val loss 0.5763619542
	--> training ...
	--> checkpointing
	--> checkpoint_2024-12-27_07-57 : iter     790000 <=> epoch 0.9071838459765534 | train loss 0.5653811097 | val loss 0.5750436187
	--> training ...
	--> checkpointing
	--> checkpoint_2024-12-27_08-17 : iter     795000 <=> epoch 0.9129255158877975 | train loss 0.5656714439 | val loss 0.5770016909
	--> training ...
	--> checkpointing
	--> checkpoint_2024-12-27_08-37 : iter     800000 <=> epoch 0.9186671857990415 | train loss 0.5652142167 | val loss 0.5761437416
	--> training ...
	--> checkpointing
	--> checkpoint_2024-12-27_08-57 : iter     805000 <=> epoch 0.9244088557102854 | train loss 0.5652092099 | val loss 0.5750910044
	--> training ...
	--> checkpointing
	--> checkpoint_2024-12-27_09-18 : iter     810000 <=> epoch 0.9301505256215294 | train loss 0.5657910109 | val loss 0.5761663318
	--> training ...
	--> checkpointing
	--> checkpoint_2024-12-27_09-38 : iter     815000 <=> epoch 0.9358921955327735 | train loss 0.5677728057 | val loss 0.5747898221
	--> training ...
	--> checkpointing
	--> checkpoint_2024-12-27_09-58 : iter     820000 <=> epoch 0.9416338654440175 | train loss 0.5642772913 | val loss 0.5753389597
	--> training ...
	--> checkpointing
	--> checkpoint_2024-12-27_10-18 : iter     825000 <=> epoch 0.9473755353552615 | train loss 0.5667120814 | val loss 0.5754134059
	--> training ...
	--> checkpointing
	--> checkpoint_2024-12-27_10-38 : iter     830000 <=> epoch 0.9531172052665056 | train loss 0.5666742325 | val loss 0.5776399970
	--> training ...
	--> checkpointing
	--> checkpoint_2024-12-27_10-59 : iter     835000 <=> epoch 0.9588588751777495 | train loss 0.5638782978 | val loss 0.5752199292
	--> training ...
	--> checkpointing
	--> checkpoint_2024-12-27_11-19 : iter     840000 <=> epoch 0.9646005450889935 | train loss 0.5630156994 | val loss 0.5743690133
	--> training ...
	--> checkpointing
	--> checkpoint_2024-12-27_11-39 : iter     845000 <=> epoch 0.9703422150002375 | train loss 0.5651698709 | val loss 0.5778215528
	--> training ...
	--> checkpointing
	--> checkpoint_2024-12-27_11-59 : iter     850000 <=> epoch 0.9760838849114816 | train loss 0.5646488070 | val loss 0.5771483183
	--> training ...
	--> checkpointing
	--> checkpoint_2024-12-27_12-19 : iter     855000 <=> epoch 0.9818255548227256 | train loss 0.5655291080 | val loss 0.5761101842
	--> training ...
	--> checkpointing
	--> checkpoint_2024-12-27_12-39 : iter     860000 <=> epoch 0.9875672247339695 | train loss 0.5653845668 | val loss 0.5765222907
	--> training ...
	--> checkpointing
	--> checkpoint_2024-12-27_13-00 : iter     865000 <=> epoch 0.9933088946452135 | train loss 0.5660209060 | val loss 0.5766936541
	--> training ...
	--> checkpointing
	--> checkpoint_2024-12-27_13-20 : iter     870000 <=> epoch 0.9990505645564576 | train loss 0.5641372204 | val loss 0.5765883923
	--> training ...
	--> checkpointing
	--> checkpoint_2024-12-27_13-40 : iter     875000 <=> epoch 1.0047922344677016 | train loss 0.5657740831 | val loss 0.5776854157
	--> training ...
	--> checkpointing
	--> checkpoint_2024-12-27_14-00 : iter     880000 <=> epoch 1.0105339043789456 | train loss 0.5647705197 | val loss 0.5758243203
	--> training ...
	--> checkpointing
	--> checkpoint_2024-12-27_14-20 : iter     885000 <=> epoch 1.0162755742901897 | train loss 0.5658457875 | val loss 0.5774472952
	--> training ...
	--> checkpointing
	--> checkpoint_2024-12-27_14-40 : iter     890000 <=> epoch 1.0220172442014337 | train loss 0.5663946271 | val loss 0.5766892433
	--> training ...
	--> checkpointing
	--> checkpoint_2024-12-27_15-00 : iter     895000 <=> epoch 1.0277589141126777 | train loss 0.5665157437 | val loss 0.5764558911
	--> training ...
	--> checkpointing
	--> checkpoint_2024-12-27_15-20 : iter     900000 <=> epoch 1.0335005840239215 | train loss 0.5661776066 | val loss 0.5764889717
	--> training ...
	--> checkpointing
	--> checkpoint_2024-12-27_15-41 : iter     905000 <=> epoch 1.0392422539351656 | train loss 0.5665082932 | val loss 0.5763471723
	--> training ...
	--> checkpointing
	--> checkpoint_2024-12-27_16-01 : iter     910000 <=> epoch 1.0449839238464096 | train loss 0.5668125749 | val loss 0.5793734193
	--> training ...
	--> checkpointing
	--> checkpoint_2024-12-27_16-21 : iter     915000 <=> epoch 1.0507255937576536 | train loss 0.5661388636 | val loss 0.5768763423
	--> training ...
	--> checkpointing
	--> checkpoint_2024-12-27_16-41 : iter     920000 <=> epoch 1.0564672636688976 | train loss 0.5644045472 | val loss 0.5744652152
	--> training ...
	--> checkpointing
	--> checkpoint_2024-12-27_17-02 : iter     925000 <=> epoch 1.0622089335801417 | train loss 0.5661706924 | val loss 0.5758270025
	--> training ...
	--> checkpointing
	--> checkpoint_2024-12-27_17-22 : iter     930000 <=> epoch 1.0679506034913857 | train loss 0.5649368763 | val loss 0.5743571520
	--> training ...
	--> checkpointing
	--> checkpoint_2024-12-27_17-42 : iter     935000 <=> epoch 1.0736922734026297 | train loss 0.5698089600 | val loss 0.5798947215
	--> training ...
	--> checkpointing
	--> checkpoint_2024-12-27_18-02 : iter     940000 <=> epoch 1.0794339433138738 | train loss 0.5623725057 | val loss 0.5766747594
	--> training ...
	--> checkpointing
	--> checkpoint_2024-12-27_18-23 : iter     945000 <=> epoch 1.0851756132251178 | train loss 0.5644838810 | val loss 0.5742132068
	--> training ...
	--> checkpointing
	--> checkpoint_2024-12-27_18-43 : iter     950000 <=> epoch 1.0909172831363618 | train loss 0.5630759001 | val loss 0.5782062411
	--> training ...
	--> checkpointing
	--> checkpoint_2024-12-27_19-03 : iter     955000 <=> epoch 1.0966589530476056 | train loss 0.5648978353 | val loss 0.5769985318
	--> training ...
	--> checkpointing
	--> checkpoint_2024-12-27_19-23 : iter     960000 <=> epoch 1.1024006229588497 | train loss 0.5641856194 | val loss 0.5750743151
	--> training ...
	--> checkpointing
	--> checkpoint_2024-12-27_19-44 : iter     965000 <=> epoch 1.1081422928700937 | train loss 0.5642459989 | val loss 0.5759497285
	--> training ...
	--> checkpointing
	--> checkpoint_2024-12-27_20-04 : iter     970000 <=> epoch 1.1138839627813377 | train loss 0.5625730157 | val loss 0.5746488571
	--> training ...
	--> checkpointing
	--> checkpoint_2024-12-27_20-24 : iter     975000 <=> epoch 1.1196256326925818 | train loss 0.5646049380 | val loss 0.5732704401
	--> training ...
	--> checkpointing
	--> checkpoint_2024-12-27_20-44 : iter     980000 <=> epoch 1.1253673026038258 | train loss 0.5662121773 | val loss 0.5755832195
	--> training ...
	--> checkpointing
	--> checkpoint_2024-12-27_21-05 : iter     985000 <=> epoch 1.1311089725150698 | train loss 0.5667470098 | val loss 0.5765297413
	--> training ...
	--> checkpointing
	--> checkpoint_2024-12-27_21-25 : iter     990000 <=> epoch 1.1368506424263138 | train loss 0.5633311272 | val loss 0.5760453939
	--> training ...
	--> checkpointing
	--> checkpoint_2024-12-27_21-45 : iter     995000 <=> epoch 1.1425923123375579 | train loss 0.5631398559 | val loss 0.5759411454
	--> training ...
	--> checkpointing
	--> checkpoint_2024-12-27_22-05 : iter    1000000 <=> epoch 1.148333982248802 | train loss 0.5649762154 | val loss 0.5763083696
	--> training ...
	--> checkpointing
	--> checkpoint_2024-12-27_22-25 : iter    1005000 <=> epoch 1.154075652160046 | train loss 0.5650323033 | val loss 0.5743208528
	--> training ...
	--> checkpointing
	--> checkpoint_2024-12-27_22-46 : iter    1010000 <=> epoch 1.1598173220712897 | train loss 0.5684177876 | val loss 0.5791940689
	--> training ...
	--> checkpointing
	--> checkpoint_2024-12-27_23-06 : iter    1015000 <=> epoch 1.1655589919825338 | train loss 0.5620032549 | val loss 0.5777263045
	--> training ...
	--> checkpointing
	--> checkpoint_2024-12-27_23-26 : iter    1020000 <=> epoch 1.1713006618937778 | train loss 0.5643364787 | val loss 0.5773028135
	--> training ...
	--> checkpointing
	--> checkpoint_2024-12-27_23-46 : iter    1025000 <=> epoch 1.1770423318050218 | train loss 0.5644618869 | val loss 0.5742466450
	--> training ...
	--> checkpointing
	--> checkpoint_2024-12-28_00-07 : iter    1030000 <=> epoch 1.1827840017162659 | train loss 0.5640404820 | val loss 0.5755285621
	--> training ...
	--> checkpointing
	--> checkpoint_2024-12-28_00-27 : iter    1035000 <=> epoch 1.1885256716275099 | train loss 0.5637364388 | val loss 0.5763047338
	--> training ...
	--> checkpointing
	--> checkpoint_2024-12-28_00-47 : iter    1040000 <=> epoch 1.194267341538754 | train loss 0.5525330305 | val loss 0.5652086139
	--> training ...
	--> checkpointing
	--> checkpoint_2024-12-28_01-07 : iter    1045000 <=> epoch 1.200009011449998 | train loss 0.5503291488 | val loss 0.5669417381
	--> training ...
	--> checkpointing
	--> checkpoint_2024-12-28_01-27 : iter    1050000 <=> epoch 1.205750681361242 | train loss 0.5480719209 | val loss 0.5638950467
	--> training ...
	--> checkpointing
	--> checkpoint_2024-12-28_01-48 : iter    1055000 <=> epoch 1.211492351272486 | train loss 0.5479499698 | val loss 0.5642066002
	--> training ...
	--> checkpointing
	--> checkpoint_2024-12-28_02-08 : iter    1060000 <=> epoch 1.21723402118373 | train loss 0.5460749865 | val loss 0.5648189783
	--> training ...
	--> checkpointing
	--> checkpoint_2024-12-28_02-28 : iter    1065000 <=> epoch 1.2229756910949738 | train loss 0.5467102528 | val loss 0.5657876134
	--> training ...
	--> checkpointing
	--> checkpoint_2024-12-28_02-48 : iter    1070000 <=> epoch 1.2287173610062179 | train loss 0.5467037559 | val loss 0.5657700300
	--> training ...
	--> checkpointing
	--> checkpoint_2024-12-28_03-08 : iter    1075000 <=> epoch 1.234459030917462 | train loss 0.5476440787 | val loss 0.5634810328
	--> training ...
	--> checkpointing
	--> checkpoint_2024-12-28_03-29 : iter    1080000 <=> epoch 1.240200700828706 | train loss 0.5450739264 | val loss 0.5656819940
	--> training ...
	--> checkpointing
	--> checkpoint_2024-12-28_03-49 : iter    1085000 <=> epoch 1.24594237073995 | train loss 0.5446259379 | val loss 0.5663604736
	--> training ...
	--> checkpointing
	--> checkpoint_2024-12-28_04-09 : iter    1090000 <=> epoch 1.251684040651194 | train loss 0.5449075699 | val loss 0.5655159950
	--> training ...
	--> checkpointing
	--> checkpoint_2024-12-28_04-29 : iter    1095000 <=> epoch 1.257425710562438 | train loss 0.5435531735 | val loss 0.5657104254
	--> training ...
	--> checkpointing
	--> checkpoint_2024-12-28_04-49 : iter    1100000 <=> epoch 1.263167380473682 | train loss 0.5433920622 | val loss 0.5656259060
	--> training ...
	--> checkpointing
	--> checkpoint_2024-12-28_05-10 : iter    1105000 <=> epoch 1.268909050384926 | train loss 0.5474293828 | val loss 0.5642040372
	--> training ...
	--> checkpointing
	--> checkpoint_2024-12-28_05-30 : iter    1110000 <=> epoch 1.27465072029617 | train loss 0.5440142751 | val loss 0.5683156848
	--> training ...
	--> checkpointing
	--> checkpoint_2024-12-28_05-50 : iter    1115000 <=> epoch 1.2803923902074141 | train loss 0.5452997684 | val loss 0.5671138763
	--> training ...
	--> checkpointing
	--> checkpoint_2024-12-28_06-10 : iter    1120000 <=> epoch 1.286134060118658 | train loss 0.5421049595 | val loss 0.5669780970
	--> training ...
	--> checkpointing
	--> checkpoint_2024-12-28_06-30 : iter    1125000 <=> epoch 1.291875730029902 | train loss 0.5414414406 | val loss 0.5672059655
	--> training ...
	--> checkpointing
	--> checkpoint_2024-12-28_06-51 : iter    1130000 <=> epoch 1.297617399941146 | train loss 0.5426720977 | val loss 0.5664221048
	--> training ...
	--> checkpointing
	--> checkpoint_2024-12-28_07-11 : iter    1135000 <=> epoch 1.30335906985239 | train loss 0.5426369905 | val loss 0.5670447350
	--> training ...
	--> checkpointing
	--> checkpoint_2024-12-28_07-31 : iter    1140000 <=> epoch 1.309100739763634 | train loss 0.5432602763 | val loss 0.5665581226
	--> training ...
	--> checkpointing
	--> checkpoint_2024-12-28_07-51 : iter    1145000 <=> epoch 1.314842409674878 | train loss 0.5428033471 | val loss 0.5653498769
	--> training ...
	--> checkpointing
	--> checkpoint_2024-12-28_08-12 : iter    1150000 <=> epoch 1.3205840795861221 | train loss 0.5405418873 | val loss 0.5688172579
	--> training ...
	--> checkpointing
	--> checkpoint_2024-12-28_08-32 : iter    1155000 <=> epoch 1.3263257494973661 | train loss 0.5444653034 | val loss 0.5641351938
	--> training ...
	--> checkpointing
	--> checkpoint_2024-12-28_08-52 : iter    1160000 <=> epoch 1.3320674194086102 | train loss 0.5431959629 | val loss 0.5683067441
	--> training ...
	--> checkpointing
	--> checkpoint_2024-12-28_09-12 : iter    1165000 <=> epoch 1.3378090893198542 | train loss 0.5432434678 | val loss 0.5682259202
	--> training ...
	--> checkpointing
	--> checkpoint_2024-12-28_09-32 : iter    1170000 <=> epoch 1.3435507592310982 | train loss 0.5422539115 | val loss 0.5674311519
	--> training ...
	--> checkpointing
	--> checkpoint_2024-12-28_09-52 : iter    1175000 <=> epoch 1.349292429142342 | train loss 0.5418426394 | val loss 0.5657499433
	--> training ...
	--> checkpointing
	--> checkpoint_2024-12-28_10-12 : iter    1180000 <=> epoch 1.355034099053586 | train loss 0.5420643687 | val loss 0.5668873787
	--> training ...
	--> checkpointing
	--> checkpoint_2024-12-28_10-33 : iter    1185000 <=> epoch 1.36077576896483 | train loss 0.5392587185 | val loss 0.5669497252
	--> training ...
	--> checkpointing
	--> checkpoint_2024-12-28_10-53 : iter    1190000 <=> epoch 1.3665174388760741 | train loss 0.5407128930 | val loss 0.5681231618
	--> training ...
	--> checkpointing
	--> checkpoint_2024-12-28_11-13 : iter    1195000 <=> epoch 1.3722591087873182 | train loss 0.5393229127 | val loss 0.5665223002
	--> training ...
	--> checkpointing
	--> checkpoint_2024-12-28_11-33 : iter    1200000 <=> epoch 1.3780007786985622 | train loss 0.5414706469 | val loss 0.5675811172
	--> training ...
	--> checkpointing
	--> checkpoint_2024-12-28_11-54 : iter    1205000 <=> epoch 1.3837424486098062 | train loss 0.5398271680 | val loss 0.5668153167
	--> training ...
	--> checkpointing
	--> checkpoint_2024-12-28_12-14 : iter    1210000 <=> epoch 1.3894841185210502 | train loss 0.5403382778 | val loss 0.5704750419
	--> training ...
	--> checkpointing
	--> checkpoint_2024-12-28_12-34 : iter    1215000 <=> epoch 1.3952257884322943 | train loss 0.5400552750 | val loss 0.5670321584
	--> training ...
	--> checkpointing
	--> checkpoint_2024-12-28_12-54 : iter    1220000 <=> epoch 1.4009674583435383 | train loss 0.5404591560 | val loss 0.5687373281
	--> training ...
	--> checkpointing
	--> checkpoint_2024-12-28_13-14 : iter    1225000 <=> epoch 1.4067091282547823 | train loss 0.5420274138 | val loss 0.5676159859
	--> training ...
	--> checkpointing
	--> checkpoint_2024-12-28_13-34 : iter    1230000 <=> epoch 1.4124507981660261 | train loss 0.5397638083 | val loss 0.5682786703
	--> training ...
	--> checkpointing
	--> checkpoint_2024-12-28_13-54 : iter    1235000 <=> epoch 1.4181924680772702 | train loss 0.5429844260 | val loss 0.5657008290
	--> training ...
	--> checkpointing
	--> checkpoint_2024-12-28_14-15 : iter    1240000 <=> epoch 1.4239341379885142 | train loss 0.5392385721 | val loss 0.5678228736
	--> training ...
	--> checkpointing
	--> checkpoint_2024-12-28_14-35 : iter    1245000 <=> epoch 1.4296758078997582 | train loss 0.5405158401 | val loss 0.5682249665
	--> training ...
	--> checkpointing
	--> checkpoint_2024-12-28_14-55 : iter    1250000 <=> epoch 1.4354174778110023 | train loss 0.5376594663 | val loss 0.5668129921
	--> training ...
	--> checkpointing
	--> checkpoint_2024-12-28_15-15 : iter    1255000 <=> epoch 1.4411591477222463 | train loss 0.5405544639 | val loss 0.5694571137
	--> training ...
	--> checkpointing
	--> checkpoint_2024-12-28_15-35 : iter    1260000 <=> epoch 1.4469008176334903 | train loss 0.5404288173 | val loss 0.5664961338
	--> training ...
	--> checkpointing
	--> checkpoint_2024-12-28_15-55 : iter    1265000 <=> epoch 1.4526424875447344 | train loss 0.5415604711 | val loss 0.5686141849
	--> training ...
	--> checkpointing
	--> checkpoint_2024-12-28_16-16 : iter    1270000 <=> epoch 1.4583841574559784 | train loss 0.5395055413 | val loss 0.5697485805
	--> training ...
	--> checkpointing
	--> checkpoint_2024-12-28_16-36 : iter    1275000 <=> epoch 1.4641258273672224 | train loss 0.5402379036 | val loss 0.5680797100
	--> training ...
	--> checkpointing
	--> checkpoint_2024-12-28_16-56 : iter    1280000 <=> epoch 1.4698674972784664 | train loss 0.5380187035 | val loss 0.5657456517
	--> training ...
	--> checkpointing
	--> checkpoint_2024-12-28_17-16 : iter    1285000 <=> epoch 1.4756091671897102 | train loss 0.5390344262 | val loss 0.5676429272
	--> training ...
	--> checkpointing
	--> checkpoint_2024-12-28_17-36 : iter    1290000 <=> epoch 1.4813508371009543 | train loss 0.5401268601 | val loss 0.5676218867
	--> training ...
	--> checkpointing
	--> checkpoint_2024-12-28_17-56 : iter    1295000 <=> epoch 1.4870925070121983 | train loss 0.5388357639 | val loss 0.5647690296
	--> training ...
	--> checkpointing
	--> checkpoint_2024-12-28_18-16 : iter    1300000 <=> epoch 1.4928341769234423 | train loss 0.5396662951 | val loss 0.5673139691
	--> training ...
	--> checkpointing
	--> checkpoint_2024-12-28_18-36 : iter    1305000 <=> epoch 1.4985758468346864 | train loss 0.5384252071 | val loss 0.5672267675
	--> training ...
	--> checkpointing
	--> checkpoint_2024-12-28_18-57 : iter    1310000 <=> epoch 1.5043175167459304 | train loss 0.5396332741 | val loss 0.5684559941
	--> training ...
	--> checkpointing
	--> checkpoint_2024-12-28_19-17 : iter    1315000 <=> epoch 1.5100591866571744 | train loss 0.5400607586 | val loss 0.5681341887
	--> training ...
	--> checkpointing
	--> checkpoint_2024-12-28_19-37 : iter    1320000 <=> epoch 1.5158008565684185 | train loss 0.5384449363 | val loss 0.5673975945
	--> training ...
	--> checkpointing
	--> checkpoint_2024-12-28_19-57 : iter    1325000 <=> epoch 1.5215425264796625 | train loss 0.5392444134 | val loss 0.5668175817
	--> training ...
	--> checkpointing
	--> checkpoint_2024-12-28_20-17 : iter    1330000 <=> epoch 1.5272841963909065 | train loss 0.5392416716 | val loss 0.5673869252
	--> training ...
	--> checkpointing
	--> checkpoint_2024-12-28_20-37 : iter    1335000 <=> epoch 1.5330258663021505 | train loss 0.5384292603 | val loss 0.5667619705
	--> training ...
	--> checkpointing
	--> checkpoint_2024-12-28_20-58 : iter    1340000 <=> epoch 1.5387675362133943 | train loss 0.5390464664 | val loss 0.5673830509
	--> training ...
	--> checkpointing
	--> checkpoint_2024-12-28_21-18 : iter    1345000 <=> epoch 1.5445092061246384 | train loss 0.5402987003 | val loss 0.5671632290
	--> training ...
	--> checkpointing
	--> checkpoint_2024-12-28_21-38 : iter    1350000 <=> epoch 1.5502508760358824 | train loss 0.5386531949 | val loss 0.5657677054
	--> training ...
	--> checkpointing
	--> checkpoint_2024-12-28_21-58 : iter    1355000 <=> epoch 1.5559925459471264 | train loss 0.5400452018 | val loss 0.5691559315
	--> training ...
	--> checkpointing
	--> checkpoint_2024-12-28_22-18 : iter    1360000 <=> epoch 1.5617342158583705 | train loss 0.5386006832 | val loss 0.5686761737
	--> training ...
	--> checkpointing
	--> checkpoint_2024-12-28_22-39 : iter    1365000 <=> epoch 1.5674758857696145 | train loss 0.5393964648 | val loss 0.5667220950
	--> training ...
	--> checkpointing
	--> checkpoint_2024-12-28_22-59 : iter    1370000 <=> epoch 1.5732175556808585 | train loss 0.5401328802 | val loss 0.5678534508
	--> training ...
	--> checkpointing
	--> checkpoint_2024-12-28_23-19 : iter    1375000 <=> epoch 1.5789592255921026 | train loss 0.5410851240 | val loss 0.5686479807
	--> training ...
	--> checkpointing
	--> checkpoint_2024-12-28_23-39 : iter    1380000 <=> epoch 1.5847008955033466 | train loss 0.5394282937 | val loss 0.5676006079
	--> training ...
	--> checkpointing
	--> checkpoint_2024-12-28_23-59 : iter    1385000 <=> epoch 1.5904425654145906 | train loss 0.5401923060 | val loss 0.5677717328
	--> training ...
	--> checkpointing
	--> checkpoint_2024-12-29_00-19 : iter    1390000 <=> epoch 1.5961842353258346 | train loss 0.5381367207 | val loss 0.5680647492
	--> training ...
	--> checkpointing
	--> checkpoint_2024-12-29_00-40 : iter    1395000 <=> epoch 1.6019259052370785 | train loss 0.5401546955 | val loss 0.5686774850
	--> training ...
	--> checkpointing
	--> checkpoint_2024-12-29_01-00 : iter    1400000 <=> epoch 1.6076675751483225 | train loss 0.5389102101 | val loss 0.5693685412
	--> training ...
	--> checkpointing
	--> checkpoint_2024-12-29_01-20 : iter    1405000 <=> epoch 1.6134092450595665 | train loss 0.5380036831 | val loss 0.5704782009
	--> training ...
	--> checkpointing
	--> checkpoint_2024-12-29_01-40 : iter    1410000 <=> epoch 1.6191509149708105 | train loss 0.5381728411 | val loss 0.5693911314
	--> training ...
	--> checkpointing
	--> checkpoint_2024-12-29_02-00 : iter    1415000 <=> epoch 1.6248925848820546 | train loss 0.5387136936 | val loss 0.5681223273
	--> training ...
	--> checkpointing
	--> checkpoint_2024-12-29_02-20 : iter    1420000 <=> epoch 1.6306342547932986 | train loss 0.5386844873 | val loss 0.5682096481
	--> training ...
	--> checkpointing
	--> checkpoint_2024-12-29_02-40 : iter    1425000 <=> epoch 1.6363759247045426 | train loss 0.5412800908 | val loss 0.5659579635
	--> training ...
	--> checkpointing
	--> checkpoint_2024-12-29_03-00 : iter    1430000 <=> epoch 1.6421175946157867 | train loss 0.5398467183 | val loss 0.5676170588
	--> training ...
	--> checkpointing
	--> checkpoint_2024-12-29_03-21 : iter    1435000 <=> epoch 1.6478592645270307 | train loss 0.5394735336 | val loss 0.5677243471
	--> training ...
	--> checkpointing
	--> checkpoint_2024-12-29_03-41 : iter    1440000 <=> epoch 1.6536009344382747 | train loss 0.5401908159 | val loss 0.5694082379
	--> training ...
	--> checkpointing
	--> checkpoint_2024-12-29_04-01 : iter    1445000 <=> epoch 1.6593426043495187 | train loss 0.5393593907 | val loss 0.5685120821
	--> training ...
	--> checkpointing
	--> checkpoint_2024-12-29_04-21 : iter    1450000 <=> epoch 1.6650842742607626 | train loss 0.5389197469 | val loss 0.5692164898
	--> training ...
	--> checkpointing
	--> checkpoint_2024-12-29_04-41 : iter    1455000 <=> epoch 1.6708259441720066 | train loss 0.5396636128 | val loss 0.5668027401
	--> training ...
	--> checkpointing
	--> checkpoint_2024-12-29_05-01 : iter    1460000 <=> epoch 1.6765676140832506 | train loss 0.5376631021 | val loss 0.5682463646
	--> training ...
	--> checkpointing
	--> checkpoint_2024-12-29_05-21 : iter    1465000 <=> epoch 1.6823092839944946 | train loss 0.5378884077 | val loss 0.5681527257
	--> training ...
	--> checkpointing
	--> checkpoint_2024-12-29_05-41 : iter    1470000 <=> epoch 1.6880509539057387 | train loss 0.5371170044 | val loss 0.5678637624
	--> training ...
	--> checkpointing
	--> checkpoint_2024-12-29_06-01 : iter    1475000 <=> epoch 1.6937926238169827 | train loss 0.5388228297 | val loss 0.5681898594
	--> training ...
	--> checkpointing
	--> checkpoint_2024-12-29_06-21 : iter    1480000 <=> epoch 1.6995342937282267 | train loss 0.5376823545 | val loss 0.5681720376
	--> training ...
