                                                                                                                                                                                                        
                                                                                                                                                                                                        

Loading the dataset:

Split by examples using \n\n:
	--> splitting
	--> freeing data memory
	--> total number of examples: 999,999


Creating the train.txt, val.txt and test.txt:
	--> shuffling examples
	--> creating the train_examples
	--> train_examples has 899999 examples
	--> creating the train_data
	--> writing the train_data to train.txt
	--> creating the val_examples
	--> val_examples has 50000 examples
	--> creating the val_data
	--> writing the val_data to val.txt
	--> creating the test_examples
	--> test_examples has 50000 examples
	--> creating the test_data
	--> test_data has 431869171 tokens
	--> writing the test_data to test.txt
	--> freeing examples memory

We generate the tokenized file of train.txt:

We generate the tokenized file of val.txt:
