|BATCH_LOSS: 0.99159 | TPS:   200662 tokens/sec. | ITERS: 400858 / 400858 | EPOCHS: 1.70 | COMP: 100.00% | RATE: 12.25 it./s | SPD: 81.6495 ms/it.| ERT: (0, 0, 0, 0) | ET: (0, 12, 48, 18)             
val>|ITERS: 500 / 500 | COMP: 100.00% | RATE: 8.01 it./s | SPD: 0.1248 s/it.| ERT: (0, 0, 0, 0) | ET: (0, 0, 2, 5)                                                                                      

vocab_size: 67

Loading train.bin

took (0, 0, 0, 2)

Loading val.bin

took (0, 0, 0, 0)

Compiling the model... (takes a ~minute)

Evaluating initial loss

INITIAL LOSS: train loss 4.4266357422 | val loss 4.4267587662

INIT ITER TIME: 3238.407770395279

INIT ITER TIME: 11.842630386352539

INIT ITER TIME: 0.1286618709564209

INIT ITER TIME: 0.09627699851989746

INIT ITER TIME: 0.09558820724487305

INIT ITER TIME: 0.09433531761169434

INIT ITER TIME: 0.09334325790405273

INIT ITER TIME: 0.09471940994262695

INIT ITER TIME: 0.09401321411132812

INIT ITER TIME: 0.0951228141784668

INIT ITER TIME: 0.0920717716217041

INIT ITER TIME: 0.09455657005310059

INIT ITER TIME: 0.09237051010131836

INIT ITER TIME: 0.0913393497467041

INIT ITER TIME: 0.09345364570617676

INIT ITER TIME: 0.09186196327209473

INIT ITER TIME: 0.09075427055358887

INIT ITER TIME: 0.09133005142211914

INIT ITER TIME: 0.09061193466186523

INIT ITER TIME: 0.0905146598815918

checkpoint_2025-01-06_20-11 : iter       5000 | epoch 0.02 | train loss 1.1113643646 | val loss 1.1117613316


checkpoint_2025-01-06_20-20 : iter      10000 | epoch 0.04 | train loss 1.0834326744 | val loss 1.0839898586


checkpoint_2025-01-06_20-29 : iter      15000 | epoch 0.06 | train loss 1.0694466829 | val loss 1.0688407421


checkpoint_2025-01-06_20-38 : iter      20000 | epoch 0.08 | train loss 1.0608540773 | val loss 1.0618687868


checkpoint_2025-01-06_20-47 : iter      25000 | epoch 0.11 | train loss 1.0569684505 | val loss 1.0559183359


checkpoint_2025-01-06_20-56 : iter      30000 | epoch 0.13 | train loss 1.0429155827 | val loss 1.0427905321


checkpoint_2025-01-06_21-05 : iter      35000 | epoch 0.15 | train loss 1.0350931883 | val loss 1.0357856750


checkpoint_2025-01-06_21-14 : iter      40000 | epoch 0.17 | train loss 1.0310535431 | val loss 1.0307890177


checkpoint_2025-01-06_21-23 : iter      45000 | epoch 0.19 | train loss 1.0294029713 | val loss 1.0281586647


checkpoint_2025-01-06_21-32 : iter      50000 | epoch 0.21 | train loss 1.0240893364 | val loss 1.0240732431


checkpoint_2025-01-06_21-41 : iter      55000 | epoch 0.23 | train loss 1.0219275951 | val loss 1.0201838017


checkpoint_2025-01-06_21-50 : iter      60000 | epoch 0.25 | train loss 1.0183708668 | val loss 1.0188946724


checkpoint_2025-01-06_21-58 : iter      65000 | epoch 0.28 | train loss 1.0175251961 | val loss 1.0174193382


checkpoint_2025-01-06_22-07 : iter      70000 | epoch 0.30 | train loss 1.0147747993 | val loss 1.0159248114


checkpoint_2025-01-06_22-16 : iter      75000 | epoch 0.32 | train loss 1.0155103207 | val loss 1.0154528618


checkpoint_2025-01-06_22-25 : iter      80000 | epoch 0.34 | train loss 1.0142400265 | val loss 1.0142954588


checkpoint_2025-01-06_22-34 : iter      85000 | epoch 0.36 | train loss 1.0136072636 | val loss 1.0141927004


checkpoint_2025-01-06_22-43 : iter      90000 | epoch 0.38 | train loss 1.0111989975 | val loss 1.0119812489


checkpoint_2025-01-06_22-52 : iter      95000 | epoch 0.40 | train loss 1.0125349760 | val loss 1.0122388601


checkpoint_2025-01-06_23-01 : iter     100000 | epoch 0.42 | train loss 1.0107778311 | val loss 1.0108560324


checkpoint_2025-01-06_23-10 : iter     105000 | epoch 0.45 | train loss 1.0084387064 | val loss 1.0090724230


checkpoint_2025-01-06_23-19 : iter     110000 | epoch 0.47 | train loss 1.0085401535 | val loss 1.0075612068


checkpoint_2025-01-06_23-28 : iter     115000 | epoch 0.49 | train loss 1.0080932379 | val loss 1.0075699091


checkpoint_2025-01-06_23-37 : iter     120000 | epoch 0.51 | train loss 1.0077408552 | val loss 1.0066826344


checkpoint_2025-01-06_23-46 : iter     125000 | epoch 0.53 | train loss 1.0076488256 | val loss 1.0074262619


checkpoint_2025-01-06_23-55 : iter     130000 | epoch 0.55 | train loss 1.0060085058 | val loss 1.0051420927


checkpoint_2025-01-07_00-03 : iter     135000 | epoch 0.57 | train loss 1.0041295290 | val loss 1.0037662983


checkpoint_2025-01-07_00-12 : iter     140000 | epoch 0.59 | train loss 1.0039502382 | val loss 1.0040110350


checkpoint_2025-01-07_00-21 : iter     145000 | epoch 0.61 | train loss 1.0024532080 | val loss 1.0035830736


checkpoint_2025-01-07_00-30 : iter     150000 | epoch 0.64 | train loss 1.0019806623 | val loss 1.0020771027


checkpoint_2025-01-07_00-39 : iter     155000 | epoch 0.66 | train loss 1.0071961880 | val loss 1.0075563192


checkpoint_2025-01-07_00-48 : iter     160000 | epoch 0.68 | train loss 1.0021064281 | val loss 1.0019586086


checkpoint_2025-01-07_00-57 : iter     165000 | epoch 0.70 | train loss 1.0015058517 | val loss 1.0018875599


checkpoint_2025-01-07_01-06 : iter     170000 | epoch 0.72 | train loss 1.0004347563 | val loss 1.0013810396


checkpoint_2025-01-07_01-15 : iter     175000 | epoch 0.74 | train loss 0.9999148846 | val loss 1.0005987883


checkpoint_2025-01-07_01-23 : iter     180000 | epoch 0.76 | train loss 1.0004459620 | val loss 1.0011851788


checkpoint_2025-01-07_01-32 : iter     185000 | epoch 0.78 | train loss 0.9997720122 | val loss 1.0002926588


checkpoint_2025-01-07_01-41 : iter     190000 | epoch 0.81 | train loss 0.9992519617 | val loss 1.0001139641


checkpoint_2025-01-07_01-50 : iter     195000 | epoch 0.83 | train loss 0.9992572069 | val loss 0.9994940758


checkpoint_2025-01-07_01-59 : iter     200000 | epoch 0.85 | train loss 0.9995024204 | val loss 1.0001534224


checkpoint_2025-01-07_02-08 : iter     205000 | epoch 0.87 | train loss 0.9989755750 | val loss 0.9984838963


checkpoint_2025-01-07_02-17 : iter     210000 | epoch 0.89 | train loss 1.0005459785 | val loss 0.9986809492


checkpoint_2025-01-07_02-26 : iter     215000 | epoch 0.91 | train loss 0.9984930754 | val loss 0.9982305765


checkpoint_2025-01-07_02-34 : iter     220000 | epoch 0.93 | train loss 0.9984389544 | val loss 0.9971761703


checkpoint_2025-01-07_02-43 : iter     225000 | epoch 0.95 | train loss 0.9980081916 | val loss 0.9978790283


checkpoint_2025-01-07_02-52 : iter     230000 | epoch 0.98 | train loss 1.0003703833 | val loss 1.0004235506


checkpoint_2025-01-07_03-01 : iter     235000 | epoch 1.00 | train loss 0.9975084662 | val loss 0.9982114434


checkpoint_2025-01-07_03-10 : iter     240000 | epoch 1.02 | train loss 0.9976618886 | val loss 0.9988523126


checkpoint_2025-01-07_03-19 : iter     245000 | epoch 1.04 | train loss 0.9985811710 | val loss 0.9981470704


checkpoint_2025-01-07_03-28 : iter     250000 | epoch 1.06 | train loss 0.9982743859 | val loss 0.9992238283


checkpoint_2025-01-07_03-37 : iter     255000 | epoch 1.08 | train loss 0.9990792274 | val loss 0.9998502135


checkpoint_2025-01-07_03-45 : iter     260000 | epoch 1.10 | train loss 0.9963166118 | val loss 0.9969397187


checkpoint_2025-01-07_03-54 : iter     265000 | epoch 1.12 | train loss 0.9994550347 | val loss 0.9989249706


checkpoint_2025-01-07_04-03 : iter     270000 | epoch 1.15 | train loss 1.0005435944 | val loss 1.0012849569


checkpoint_2025-01-07_04-12 : iter     275000 | epoch 1.17 | train loss 0.9954715967 | val loss 0.9962736964


checkpoint_2025-01-07_04-21 : iter     280000 | epoch 1.19 | train loss 0.9963821769 | val loss 0.9966642857


checkpoint_2025-01-07_04-30 : iter     285000 | epoch 1.21 | train loss 0.9894775748 | val loss 0.9895964861


checkpoint_2025-01-07_04-39 : iter     290000 | epoch 1.23 | train loss 0.9891292453 | val loss 0.9881531000


checkpoint_2025-01-07_04-48 : iter     295000 | epoch 1.25 | train loss 0.9881256223 | val loss 0.9894444942


checkpoint_2025-01-07_04-56 : iter     300000 | epoch 1.27 | train loss 0.9880822301 | val loss 0.9885681272


checkpoint_2025-01-07_05-05 : iter     305000 | epoch 1.29 | train loss 0.9878558517 | val loss 0.9881526828


checkpoint_2025-01-07_05-14 : iter     310000 | epoch 1.31 | train loss 0.9875915647 | val loss 0.9873372912


checkpoint_2025-01-07_05-23 : iter     315000 | epoch 1.34 | train loss 0.9877929688 | val loss 0.9878935218


checkpoint_2025-01-07_05-32 : iter     320000 | epoch 1.36 | train loss 0.9882797599 | val loss 0.9869776964


checkpoint_2025-01-07_05-41 : iter     325000 | epoch 1.38 | train loss 0.9870496988 | val loss 0.9866608977


checkpoint_2025-01-07_05-49 : iter     330000 | epoch 1.40 | train loss 0.9867619276 | val loss 0.9862722158


checkpoint_2025-01-07_05-58 : iter     335000 | epoch 1.42 | train loss 0.9869016409 | val loss 0.9865773320


checkpoint_2025-01-07_06-07 : iter     340000 | epoch 1.44 | train loss 0.9868555069 | val loss 0.9874187708


checkpoint_2025-01-07_06-16 : iter     345000 | epoch 1.46 | train loss 0.9876414537 | val loss 0.9879978895


checkpoint_2025-01-07_06-25 : iter     350000 | epoch 1.48 | train loss 0.9872153997 | val loss 0.9867743254


checkpoint_2025-01-07_06-34 : iter     355000 | epoch 1.51 | train loss 0.9866786003 | val loss 0.9859132171


checkpoint_2025-01-07_06-42 : iter     360000 | epoch 1.53 | train loss 0.9865264297 | val loss 0.9869753122


checkpoint_2025-01-07_06-51 : iter     365000 | epoch 1.55 | train loss 0.9864290953 | val loss 0.9864366651


checkpoint_2025-01-07_07-00 : iter     370000 | epoch 1.57 | train loss 0.9860301614 | val loss 0.9874634147


checkpoint_2025-01-07_07-09 : iter     375000 | epoch 1.59 | train loss 0.9864268303 | val loss 0.9865431786


checkpoint_2025-01-07_07-18 : iter     380000 | epoch 1.61 | train loss 0.9866770506 | val loss 0.9880064726


checkpoint_2025-01-07_07-27 : iter     385000 | epoch 1.63 | train loss 0.9867006540 | val loss 0.9868443608


checkpoint_2025-01-07_07-35 : iter     390000 | epoch 1.65 | train loss 0.9863950014 | val loss 0.9857743382


checkpoint_2025-01-07_07-44 : iter     395000 | epoch 1.68 | train loss 0.9875137210 | val loss 0.9870364666


checkpoint_2025-01-07_07-53 : iter     400000 | epoch 1.70 | train loss 0.9866173267 | val loss 0.9871081114


checkpoint_2025-01-07_07-56 : iter     400858 | epoch 1.70 | train loss 0.9866283536 | val loss 0.9873118997

