|BATCH_LOSS: 1.43444 | TPS:   256529 tokens/sec. | ITERS: 183824 / 183824 | EPOCHS: 4.00 | COMP: 100.00% | LR: 0.0001 it./s | SPD: 510.9434 ms/it.| ERT: (0, 0, 0, 0) | ET: (1, 3, 51, 38)              
val>|ITERS: 250 / 250 | COMP: 100.00% | RATE: 2.37 it./s | SPD: 0.4222 s/it.| ERT: (0, 0, 0, 0) | ET: (0, 0, 3, 31)                                                                                     

vocab_size: 67

Loading train.bin

took (0, 0, 0, 2)

Loading val.bin

took (0, 0, 0, 0)

Compiling the model... (takes a ~minute)

Evaluating initial loss

INITIAL LOSS: train loss 4.398996353149414 | val loss 4.398988246917725

WARMUP LOOP TIME: 894.4480004310608

WARMUP LOOP TIME: 58.93078374862671

WARMUP LOOP TIME: 0.5298168659210205

WARMUP LOOP TIME: 0.5113754272460938

WARMUP LOOP TIME: 0.5110805034637451

WARMUP LOOP TIME: 0.5113325119018555

WARMUP LOOP TIME: 0.5112521648406982

WARMUP LOOP TIME: 0.5111639499664307

WARMUP LOOP TIME: 0.5116994380950928

WARMUP LOOP TIME: 0.5115125179290771

WARMUP LOOP TIME: 0.5110499858856201

WARMUP LOOP TIME: 0.5110306739807129

WARMUP LOOP TIME: 0.5111143589019775

WARMUP LOOP TIME: 0.5108556747436523

WARMUP LOOP TIME: 0.5112457275390625

WARMUP LOOP TIME: 0.5110280513763428

WARMUP LOOP TIME: 0.5121710300445557

WARMUP LOOP TIME: 0.5109920501708984

WARMUP LOOP TIME: 0.5130817890167236

WARMUP LOOP TIME: 0.5113270282745361

WARMUP LOOP TIME: 0.5115582942962646


Evaluation and checkpointing ...



checkpoint_2025-01-16_13-09 : iter       9191 | epoch 0.20 | train loss 1.4583039284 | val loss 1.4581435919



Evaluation and checkpointing ...



checkpoint_2025-01-16_14-33 : iter      18382 | epoch 0.40 | train loss 1.4444553852 | val loss 1.4441307783



Evaluation and checkpointing ...



checkpoint_2025-01-16_15-59 : iter      27573 | epoch 0.60 | train loss 1.4420024157 | val loss 1.4423630238



Evaluation and checkpointing ...



checkpoint_2025-01-16_17-21 : iter      36764 | epoch 0.80 | train loss 1.4404335022 | val loss 1.4411416054



Evaluation and checkpointing ...



checkpoint_2025-01-16_18-44 : iter      45955 | epoch 1.00 | train loss 1.4407603741 | val loss 1.4406473637



Evaluation and checkpointing ...



checkpoint_2025-01-16_20-06 : iter      55146 | epoch 1.20 | train loss 1.4405163527 | val loss 1.4404646158



Evaluation and checkpointing ...



checkpoint_2025-01-16_21-28 : iter      64337 | epoch 1.40 | train loss 1.4400578737 | val loss 1.4401776791



Evaluation and checkpointing ...



checkpoint_2025-01-16_22-51 : iter      73528 | epoch 1.60 | train loss 1.4399491549 | val loss 1.4408577681



Evaluation and checkpointing ...



checkpoint_2025-01-17_00-13 : iter      82719 | epoch 1.80 | train loss 1.4385015965 | val loss 1.4389582872



Evaluation and checkpointing ...



checkpoint_2025-01-17_01-35 : iter      91910 | epoch 2.00 | train loss 1.4386547804 | val loss 1.4387404919



Evaluation and checkpointing ...



checkpoint_2025-01-17_02-57 : iter     101101 | epoch 2.20 | train loss 1.4379918575 | val loss 1.4381260872



Evaluation and checkpointing ...



checkpoint_2025-01-17_04-20 : iter     110292 | epoch 2.40 | train loss 1.4379441738 | val loss 1.4384853840



Evaluation and checkpointing ...



checkpoint_2025-01-17_05-42 : iter     119483 | epoch 2.60 | train loss 1.4371675253 | val loss 1.4372377396



Evaluation and checkpointing ...



checkpoint_2025-01-17_07-04 : iter     128674 | epoch 2.80 | train loss 1.4373050928 | val loss 1.4376364946



Evaluation and checkpointing ...



checkpoint_2025-01-17_08-27 : iter     137865 | epoch 3.00 | train loss 1.4366871119 | val loss 1.4366807938



Evaluation and checkpointing ...



checkpoint_2025-01-17_09-49 : iter     147056 | epoch 3.20 | train loss 1.4359972477 | val loss 1.4364082813



Evaluation and checkpointing ...



checkpoint_2025-01-17_11-12 : iter     156247 | epoch 3.40 | train loss 1.4354084730 | val loss 1.4360591173



Evaluation and checkpointing ...



checkpoint_2025-01-17_12-34 : iter     165438 | epoch 3.60 | train loss 1.4355365038 | val loss 1.4365043640



Evaluation and checkpointing ...



checkpoint_2025-01-17_13-56 : iter     174629 | epoch 3.80 | train loss 1.4357894659 | val loss 1.4359220266



Evaluation and checkpointing ...



checkpoint_2025-01-17_15-19 : iter     183820 | epoch 4.00 | train loss 1.4354462624 | val loss 1.4355994463



Evaluation and checkpointing ...



checkpoint_2025-01-17_15-22 : iter     183824 | epoch 4.00 | train loss 1.4356650114 | val loss 1.4360688925

