|BATCH_LOSS: 0.37399 | TPS:   192699 tokens/sec. | ITERS: 252163 / 252163 | EPOCHS: 2.00 | COMP: 100.00% | LR: 0.0001 it./s | SPD: 680.1903 ms/it.| ERT: (0, 0, 0, 0) | ET: (0, 20, 58, 6)              
val>|ITERS: 250 / 250 | COMP: 100.00% | RATE: 1.67 it./s | SPD: 0.5976 s/it.| ERT: (0, 0, 0, 0) | ET: (0, 0, 4, 14)                                                                                     

vocab_size: 77

Loading train.bin

took (0, 0, 0, 7)

Loading val.bin

took (0, 0, 0, 0)

Compiling the model... (takes a ~minute)

INIT ITER TIME: 881.1777267456055

INIT ITER TIME: 76.67665910720825

INIT ITER TIME: 0.5972864627838135

INIT ITER TIME: 0.515235185623169

INIT ITER TIME: 0.6300246715545654

INIT ITER TIME: 0.6048948764801025

INIT ITER TIME: 0.5569148063659668

INIT ITER TIME: 0.5936710834503174

INIT ITER TIME: 0.6036396026611328

INIT ITER TIME: 0.6067545413970947

INIT ITER TIME: 0.530393123626709

INIT ITER TIME: 0.6199121475219727

INIT ITER TIME: 0.6055634021759033

INIT ITER TIME: 0.5963969230651855

INIT ITER TIME: 0.51239013671875

INIT ITER TIME: 0.6574282646179199

INIT ITER TIME: 0.6057400703430176

INIT ITER TIME: 0.57023024559021

INIT ITER TIME: 0.5834143161773682

INIT ITER TIME: 0.6049811840057373

INIT ITER TIME: 0.6085515022277832


Evaluation and checkpointing ...



checkpoint_2025-01-14_17-10 : iter     138688 | epoch 1.10 | train loss 0.3686485887 | val loss 0.3687891364



Evaluation and checkpointing ...



checkpoint_2025-01-14_19-10 : iter     151296 | epoch 1.20 | train loss 0.3702397048 | val loss 0.3702930212



Evaluation and checkpointing ...



checkpoint_2025-01-14_21-11 : iter     163904 | epoch 1.30 | train loss 0.3674160242 | val loss 0.3692027032



Evaluation and checkpointing ...



checkpoint_2025-01-14_23-10 : iter     176512 | epoch 1.40 | train loss 0.3675252497 | val loss 0.3659268618



Evaluation and checkpointing ...



checkpoint_2025-01-15_01-11 : iter     189120 | epoch 1.50 | train loss 0.3665314019 | val loss 0.3661355674



Evaluation and checkpointing ...



checkpoint_2025-01-15_03-11 : iter     201728 | epoch 1.60 | train loss 0.3635574579 | val loss 0.3646145165



Evaluation and checkpointing ...



checkpoint_2025-01-15_05-12 : iter     214336 | epoch 1.70 | train loss 0.3640882671 | val loss 0.3649064302



Evaluation and checkpointing ...



checkpoint_2025-01-15_07-19 : iter     226944 | epoch 1.80 | train loss 0.3660475612 | val loss 0.3636569083



Evaluation and checkpointing ...



checkpoint_2025-01-15_09-31 : iter     239552 | epoch 1.90 | train loss 0.3646033704 | val loss 0.3627540767



Evaluation and checkpointing ...



checkpoint_2025-01-15_11-44 : iter     252160 | epoch 2.00 | train loss 0.3623963892 | val loss 0.3637340963



Evaluation and checkpointing ...



checkpoint_2025-01-15_11-48 : iter     252163 | epoch 2.00 | train loss 0.3635551929 | val loss 0.3618563116

