|BATCH LOSS: 0.36236 | DEPTH: 22 | TPS:   105199 tokens/sec. | LR: 0.000119 | ITERS: 462286 / 504326 | EPOCHS: 1.83 | COMP: 91.66% | RATE: 1.61 it./s | SPD: 622.9677 ms/it.| ITND: 21013 | TTND: (0, 1, 57, 3) | ITNE: 16818 | TTNE: (0, 1, 33, 41) | ERT: (0, 3, 54, 11) | ET: (1, 20, 18, 24)                                                                                                                                                                                                                    
val>|ITERS: 250 / 250 | COMP: 100.00% | RATE: 2.11 it./s | SPD: 0.4746 s/it.| ERT: (0, 0, 0, 0) | ET: (0, 0, 4, 1)                                                                                                                                                                                                                                                                                                                                                                                                  

vocab_size: 77

Loading train.bin

took (0, 0, 0, 0)

Loading val.bin

took (0, 0, 0, 0)

max_iters: 504326

epoch_iters: 252163

deepening_intervals: [ 21013  42026  63039  84052 105065 126078 147091 168104 189117 210130
 231143 252156 273169 294182 315195 336208 357221 378234 399247 420260
 441273 462286 483299]

Compiling the model... (takes a ~minute)

Evaluating initial loss

INITIAL LOSS: train loss 10 | val loss 10

------------------------------------------------------------------------------------------------------------------------

Deepening the model from 1 to 2 blocks

Checkpointing the model first

checkpoint : iter:      21013 | epoch: 0.08 | depth: 1 | train loss: 1.5218096972 | val loss: 1.5222482681

Adding the new block, ddp = False, compile = True

Re-Compiling the model... (takes a ~minute)

Model deepened to 2 blocks

------------------------------------------------------------------------------------------------------------------------

Evaluating and checkpointing ...

checkpoint : iter:      25215 | epoch: 0.10 | depth: 2 | train loss: 0.5090382099 | val loss: 0.5073081851

------------------------------------------------------------------------------------------------------------------------

Deepening the model from 2 to 3 blocks

Checkpointing the model first

checkpoint : iter:      42026 | epoch: 0.17 | depth: 2 | train loss: 0.4432183206 | val loss: 0.4447056055

Adding the new block, ddp = False, compile = True

Re-Compiling the model... (takes a ~minute)

Model deepened to 3 blocks

------------------------------------------------------------------------------------------------------------------------

Evaluating and checkpointing ...

checkpoint : iter:      50431 | epoch: 0.20 | depth: 3 | train loss: 0.4349043071 | val loss: 0.4335641265

------------------------------------------------------------------------------------------------------------------------

Deepening the model from 3 to 4 blocks

Checkpointing the model first

checkpoint : iter:      63039 | epoch: 0.25 | depth: 3 | train loss: 0.4203578532 | val loss: 0.4189304113

Adding the new block, ddp = False, compile = True

Re-Compiling the model... (takes a ~minute)

Model deepened to 4 blocks

------------------------------------------------------------------------------------------------------------------------

Evaluating and checkpointing ...

checkpoint : iter:      75647 | epoch: 0.30 | depth: 4 | train loss: 0.4092422724 | val loss: 0.4099268019

------------------------------------------------------------------------------------------------------------------------

Deepening the model from 4 to 5 blocks

Checkpointing the model first

checkpoint : iter:      84052 | epoch: 0.33 | depth: 4 | train loss: 0.4065895975 | val loss: 0.4069533050

Adding the new block, ddp = False, compile = True

Re-Compiling the model... (takes a ~minute)

Model deepened to 5 blocks

------------------------------------------------------------------------------------------------------------------------

Evaluating and checkpointing ...

checkpoint : iter:     100863 | epoch: 0.40 | depth: 5 | train loss: 0.4011379480 | val loss: 0.3983972073

------------------------------------------------------------------------------------------------------------------------

Deepening the model from 5 to 6 blocks

Checkpointing the model first

checkpoint : iter:     105065 | epoch: 0.42 | depth: 5 | train loss: 0.3990524113 | val loss: 0.3958633542

Adding the new block, ddp = False, compile = True

Re-Compiling the model... (takes a ~minute)

Model deepened to 6 blocks

------------------------------------------------------------------------------------------------------------------------

------------------------------------------------------------------------------------------------------------------------

Deepening the model from 6 to 7 blocks

Checkpointing the model first

checkpoint : iter:     126078 | epoch: 0.50 | depth: 6 | train loss: 0.3920153379 | val loss: 0.3933413029

Adding the new block, ddp = False, compile = True

Re-Compiling the model... (takes a ~minute)

Model deepened to 7 blocks

------------------------------------------------------------------------------------------------------------------------

Evaluating and checkpointing ...

checkpoint : iter:     126079 | epoch: 0.50 | depth: 7 | train loss: 2.8964767456 | val loss: 2.8988890648

------------------------------------------------------------------------------------------------------------------------

Deepening the model from 7 to 8 blocks

Checkpointing the model first

checkpoint : iter:     147091 | epoch: 0.58 | depth: 7 | train loss: 0.3902427256 | val loss: 0.3899047673

Adding the new block, ddp = False, compile = True

Re-Compiling the model... (takes a ~minute)

Model deepened to 8 blocks

------------------------------------------------------------------------------------------------------------------------

Evaluating and checkpointing ...

checkpoint : iter:     151295 | epoch: 0.60 | depth: 8 | train loss: 0.3895199597 | val loss: 0.3891290426

------------------------------------------------------------------------------------------------------------------------

Deepening the model from 8 to 9 blocks

Checkpointing the model first

checkpoint : iter:     168104 | epoch: 0.67 | depth: 8 | train loss: 0.3884311914 | val loss: 0.3870841265

Adding the new block, ddp = False, compile = True

Re-Compiling the model... (takes a ~minute)

Model deepened to 9 blocks

------------------------------------------------------------------------------------------------------------------------

Evaluating and checkpointing ...

checkpoint : iter:     176511 | epoch: 0.70 | depth: 9 | train loss: 0.3886865377 | val loss: 0.3901697993

------------------------------------------------------------------------------------------------------------------------

Deepening the model from 9 to 10 blocks

Checkpointing the model first

checkpoint : iter:     189117 | epoch: 0.75 | depth: 9 | train loss: 0.3878090978 | val loss: 0.3853161931

Adding the new block, ddp = False, compile = True

Re-Compiling the model... (takes a ~minute)

Model deepened to 10 blocks

------------------------------------------------------------------------------------------------------------------------

Evaluating and checkpointing ...

checkpoint : iter:     201727 | epoch: 0.80 | depth: 10 | train loss: 0.3844641447 | val loss: 0.3857819438

------------------------------------------------------------------------------------------------------------------------

Deepening the model from 10 to 11 blocks

Checkpointing the model first

checkpoint : iter:     210130 | epoch: 0.83 | depth: 10 | train loss: 0.3845572770 | val loss: 0.3852114975

Adding the new block, ddp = False, compile = True

Re-Compiling the model... (takes a ~minute)

Model deepened to 11 blocks

------------------------------------------------------------------------------------------------------------------------

Evaluating and checkpointing ...

checkpoint : iter:     226943 | epoch: 0.90 | depth: 11 | train loss: 0.3831837773 | val loss: 0.3838044405

------------------------------------------------------------------------------------------------------------------------

Deepening the model from 11 to 12 blocks

Checkpointing the model first

checkpoint : iter:     231143 | epoch: 0.92 | depth: 11 | train loss: 0.3836967349 | val loss: 0.3830288947

Adding the new block, ddp = False, compile = True

Re-Compiling the model... (takes a ~minute)

Model deepened to 12 blocks

------------------------------------------------------------------------------------------------------------------------

------------------------------------------------------------------------------------------------------------------------

Deepening the model from 12 to 13 blocks

Checkpointing the model first

checkpoint : iter:     252156 | epoch: 1.00 | depth: 12 | train loss: 0.3831492364 | val loss: 0.3823512495

Adding the new block, ddp = False, compile = True

Re-Compiling the model... (takes a ~minute)

Model deepened to 13 blocks

------------------------------------------------------------------------------------------------------------------------

Evaluating and checkpointing ...

checkpoint : iter:     252159 | epoch: 1.00 | depth: 13 | train loss: 2.3900611401 | val loss: 2.3879935741

------------------------------------------------------------------------------------------------------------------------

Deepening the model from 13 to 14 blocks

Checkpointing the model first

checkpoint : iter:     273169 | epoch: 1.08 | depth: 13 | train loss: 0.3819769323 | val loss: 0.3828408122

Adding the new block, ddp = False, compile = True

Re-Compiling the model... (takes a ~minute)

Model deepened to 14 blocks

------------------------------------------------------------------------------------------------------------------------

Evaluating and checkpointing ...

checkpoint : iter:     277375 | epoch: 1.10 | depth: 14 | train loss: 0.3821648359 | val loss: 0.3823720217

------------------------------------------------------------------------------------------------------------------------

Deepening the model from 14 to 15 blocks

Checkpointing the model first

checkpoint : iter:     294182 | epoch: 1.17 | depth: 14 | train loss: 0.3801678717 | val loss: 0.3805032074

Adding the new block, ddp = False, compile = True

Re-Compiling the model... (takes a ~minute)

Model deepened to 15 blocks

------------------------------------------------------------------------------------------------------------------------

Evaluating and checkpointing ...

checkpoint : iter:     302591 | epoch: 1.20 | depth: 15 | train loss: 0.3802045584 | val loss: 0.3790974021

------------------------------------------------------------------------------------------------------------------------

Deepening the model from 15 to 16 blocks

Checkpointing the model first

checkpoint : iter:     315195 | epoch: 1.25 | depth: 15 | train loss: 0.3805672228 | val loss: 0.3774851561

Adding the new block, ddp = False, compile = True

Re-Compiling the model... (takes a ~minute)

Model deepened to 16 blocks

------------------------------------------------------------------------------------------------------------------------

Evaluating and checkpointing ...

checkpoint : iter:     327807 | epoch: 1.30 | depth: 16 | train loss: 0.3791095316 | val loss: 0.3778348267

------------------------------------------------------------------------------------------------------------------------

Deepening the model from 16 to 17 blocks

Checkpointing the model first

checkpoint : iter:     336208 | epoch: 1.33 | depth: 16 | train loss: 0.3784337640 | val loss: 0.3782178164

Adding the new block, ddp = False, compile = True

Re-Compiling the model... (takes a ~minute)

Model deepened to 17 blocks

------------------------------------------------------------------------------------------------------------------------

Evaluating and checkpointing ...

checkpoint : iter:     353023 | epoch: 1.40 | depth: 17 | train loss: 0.3770987988 | val loss: 0.3771053255

------------------------------------------------------------------------------------------------------------------------

Deepening the model from 17 to 18 blocks

Checkpointing the model first

checkpoint : iter:     357221 | epoch: 1.42 | depth: 17 | train loss: 0.3750100434 | val loss: 0.3744238019

Adding the new block, ddp = False, compile = True

Re-Compiling the model... (takes a ~minute)

Model deepened to 18 blocks

------------------------------------------------------------------------------------------------------------------------

------------------------------------------------------------------------------------------------------------------------

Deepening the model from 18 to 19 blocks

Checkpointing the model first

checkpoint : iter:     378234 | epoch: 1.50 | depth: 18 | train loss: 0.3755691051 | val loss: 0.3749074936

Adding the new block, ddp = False, compile = True

Re-Compiling the model... (takes a ~minute)

Model deepened to 19 blocks

------------------------------------------------------------------------------------------------------------------------

Evaluating and checkpointing ...

checkpoint : iter:     378239 | epoch: 1.50 | depth: 19 | train loss: 1.9906519651 | val loss: 1.9873466492

------------------------------------------------------------------------------------------------------------------------

Deepening the model from 19 to 20 blocks

Checkpointing the model first

checkpoint : iter:     399247 | epoch: 1.58 | depth: 19 | train loss: 0.3739119470 | val loss: 0.3719194829

Adding the new block, ddp = False, compile = True

Re-Compiling the model... (takes a ~minute)

Model deepened to 20 blocks

------------------------------------------------------------------------------------------------------------------------

Evaluating and checkpointing ...

checkpoint : iter:     403455 | epoch: 1.60 | depth: 20 | train loss: 0.3745941818 | val loss: 0.3745538890

------------------------------------------------------------------------------------------------------------------------

Deepening the model from 20 to 21 blocks

Checkpointing the model first

checkpoint : iter:     420260 | epoch: 1.67 | depth: 20 | train loss: 0.3732332587 | val loss: 0.3730624616

Adding the new block, ddp = False, compile = True

Re-Compiling the model... (takes a ~minute)

Model deepened to 21 blocks

------------------------------------------------------------------------------------------------------------------------

Evaluating and checkpointing ...

checkpoint : iter:     428671 | epoch: 1.70 | depth: 21 | train loss: 0.3724552989 | val loss: 0.3744344711

------------------------------------------------------------------------------------------------------------------------

Deepening the model from 21 to 22 blocks

Checkpointing the model first

checkpoint : iter:     441273 | epoch: 1.75 | depth: 21 | train loss: 0.3736712933 | val loss: 0.3717268407

Adding the new block, ddp = False, compile = True

Re-Compiling the model... (takes a ~minute)

Model deepened to 22 blocks

------------------------------------------------------------------------------------------------------------------------

Evaluating and checkpointing ...

checkpoint : iter:     453887 | epoch: 1.80 | depth: 22 | train loss: 0.3722179532 | val loss: 0.3729810417

------------------------------------------------------------------------------------------------------------------------

Deepening the model from 22 to 23 blocks

Checkpointing the model first

checkpoint : iter:     462286 | epoch: 1.83 | depth: 22 | train loss: 0.3727521598 | val loss: 0.3711917102

Adding the new block, ddp = False, compile = True

Re-Compiling the model... (takes a ~minute)

Model deepened to 23 blocks

------------------------------------------------------------------------------------------------------------------------
