

ITER 
 0



xb BEFORE SPLIT: 
 tensor([[61, 16, 17,  ..., 16,  1, 16],
        [ 7, 33,  9,  ...,  3, 31, 61],
        [17,  3, 33,  ...,  3, 33, 61],
        ...,
        [16,  1, 16,  ..., 19, 54, 47],
        [34, 16, 29,  ..., 16, 16,  1],
        [61, 16,  0,  ..., 53, 50, 16]], device='cuda:0')



yb BEFORE SPLIT: 
 tensor([[16, 17, 20,  ...,  1, 16, 39],
        [33,  9,  2,  ..., 31, 61, 16],
        [ 3, 33, 61,  ..., 33, 61, 16],
        ...,
        [ 1, 16, 43,  ..., 54, 47, 44],
        [16, 29, 54,  ..., 16,  1, 16],
        [16,  0, 16,  ..., 50, 16,  3]], device='cuda:0')



xb AFTER SPLIT: 
 tensor([[61, 16, 17,  ..., 16,  1, 16],
        [ 7, 33,  9,  ...,  3, 31, 61],
        [17,  3, 33,  ...,  3, 33, 61],
        ...,
        [16,  1, 16,  ..., 19, 54, 47],
        [34, 16, 29,  ..., 16, 16,  1],
        [61, 16,  0,  ..., 53, 50, 16]], device='cuda:0')



yb AFTER SPLIT: 
 tensor([[16, 17, 20,  ...,  1, 16, 39],
        [33,  9,  2,  ..., 31, 61, 16],
        [ 3, 33, 61,  ..., 33, 61, 16],
        ...,
        [ 1, 16, 43,  ..., 54, 47, 44],
        [16, 29, 54,  ..., 16,  1, 16],
        [16,  0, 16,  ..., 50, 16,  3]], device='cuda:0')



model.token_embedding_table.weight BEFORE anything: 
Parameter containing:
tensor([[ 1.92691528797149658203,  1.48728406429290771484,
          0.90071719884872436523,  ...,
          0.33989095687866210938,  0.71996748447418212891,
          0.41140761971473693848],
        [ 1.93116056919097900391,  1.01186382770538330078,
         -1.43640649318695068359,  ...,
          0.56550502777099609375,  0.50579172372817993164,
          0.22245365381240844727],
        [-0.68548160791397094727,  0.56355899572372436523,
         -1.50717508792877197266,  ...,
          0.85406315326690673828, -0.49006801843643188477,
         -0.35945725440979003906],
        ...,
        [-0.79778224229812622070,  1.02609336376190185547,
          1.14654684066772460938,  ...,
         -1.99855887889862060547, -0.74090838432312011719,
          0.70106244087219238281],
        [-1.39381718635559082031,  0.84655475616455078125,
         -1.71914803981781005859,  ...,
          0.44040626287460327148,  1.12740182876586914062,
          0.17676444351673126221],
        [-0.44621872901916503906,  1.18438494205474853516,
         -1.67559111118316650391,  ...,
          1.63542270660400390625, -3.02539229393005371094,
         -0.17634186148643493652]], device='cuda:0', requires_grad=True)

