|ITERS: 222562 / 222562 | COMP: 100.00% | RATE: 2.26 it./s | SPD: 0.4428 s/it.| ERT: (0, 0, 0, 0)                                                                                                       
val>|ITERS: 500 / 500 | COMP: 100.00% | RATE: 7.14 it./s | SPD: 0.1401 s/it.| ERT: (0, 0, 0, 0) |                                                                                                       

Importing ...:
	--> took (0, 0, 0, 1)

Starting the netpune logging:
	--> neptune init
	--> saving the runid

Set the random seed for reproducibility:

Set the device to GPU if available, otherwise CPU:
	--> device set to cuda:2.

Setting arch-hyperparams for the GPT model:

Loading the training and evaluation data:
	--> train.bin
	--> took (0, 0, 0, 1)
	--> val.bin
	--> took (0, 0, 0, 0)

Setting train-hyperparams and util variables:
	--> max_iters = 222562

Defining the model and utilities:

The model:
	--> def get random batch of data
	--> def estimate loss
	--> def human readable

Loading the meta object:
	--> loading
	--> setting vocab size

Creating the model:

The model has 40M trainable parameters:

Preparing for the training loop:
	--> initialiazing the optimizer
	--> initializing the learing rate scheduler
	--> computing the initial loss
	--> saving the last loss for early stopping
	--> neptune logging the initial loss

Training loop:

==========================================================================================:

2024-10-31_03-08 : iter     0 <=> epoch 0 | train loss 4.1816 | val loss 4.1816:
	--> training ...
	--> checkpointing ...

2024-10-31_03-47 : iter       5000 <=> epoch 0.02246556094638398 | train loss 0.7182894349 | val loss 0.7192367315:
	--> training ...
	--> checkpointing ...

2024-10-31_04-26 : iter      10000 <=> epoch 0.04493112189276796 | train loss 0.6896706223 | val loss 0.6904244423:
	--> training ...
	--> checkpointing ...

2024-10-31_05-06 : iter      15000 <=> epoch 0.06739668283915194 | train loss 0.6775524020 | val loss 0.6777974963:
	--> training ...
	--> checkpointing ...

2024-10-31_05-45 : iter      20000 <=> epoch 0.08986224378553592 | train loss 0.6689441800 | val loss 0.6696214080:
	--> training ...
	--> checkpointing ...

2024-10-31_06-24 : iter      25000 <=> epoch 0.11232780473191989 | train loss 0.6641941667 | val loss 0.6646934748:
	--> training ...
	--> checkpointing ...

2024-10-31_07-03 : iter      30000 <=> epoch 0.13479336567830388 | train loss 0.6593256593 | val loss 0.6587201357:
	--> training ...
	--> checkpointing ...

2024-10-31_07-43 : iter      35000 <=> epoch 0.15725892662468785 | train loss 0.6581696272 | val loss 0.6572687030:
	--> training ...
	--> checkpointing ...

2024-10-31_08-22 : iter      40000 <=> epoch 0.17972448757107184 | train loss 0.6546195745 | val loss 0.6557334661:
	--> training ...
	--> checkpointing ...

2024-10-31_09-01 : iter      45000 <=> epoch 0.2021900485174558 | train loss 0.6536890864 | val loss 0.6527505517:
	--> training ...
	--> checkpointing ...

2024-10-31_09-40 : iter      50000 <=> epoch 0.22465560946383978 | train loss 0.6524429917 | val loss 0.6526811719:
	--> training ...
	--> checkpointing ...

2024-10-31_10-20 : iter      55000 <=> epoch 0.24712117041022377 | train loss 0.6500826478 | val loss 0.6520461440:
	--> training ...
	--> checkpointing ...

2024-10-31_10-59 : iter      60000 <=> epoch 0.26958673135660777 | train loss 0.6509136558 | val loss 0.6503602862:
	--> training ...
	--> checkpointing ...

2024-10-31_11-38 : iter      65000 <=> epoch 0.29205229230299173 | train loss 0.6510497928 | val loss 0.6504366994:
	--> training ...
	--> checkpointing ...

2024-10-31_12-18 : iter      70000 <=> epoch 0.3145178532493757 | train loss 0.6488876343 | val loss 0.6515810490:
	--> training ...
	--> checkpointing ...

2024-10-31_12-57 : iter      75000 <=> epoch 0.33698341419575967 | train loss 0.6505911946 | val loss 0.6486580372:
	--> training ...
	--> checkpointing ...

2024-10-31_13-36 : iter      80000 <=> epoch 0.3594489751421437 | train loss 0.6498078704 | val loss 0.6488652229:
	--> training ...
	--> checkpointing ...

2024-10-31_14-15 : iter      85000 <=> epoch 0.38191453608852766 | train loss 0.6476839781 | val loss 0.6483432055:
	--> training ...
	--> checkpointing ...

2024-10-31_14-55 : iter      90000 <=> epoch 0.4043800970349116 | train loss 0.6484158039 | val loss 0.6491506100:
	--> training ...
	--> checkpointing ...

2024-10-31_15-34 : iter      95000 <=> epoch 0.4268456579812956 | train loss 0.6467525363 | val loss 0.6476012468:
	--> training ...
	--> checkpointing ...

2024-10-31_16-13 : iter     100000 <=> epoch 0.44931121892767956 | train loss 0.6477856636 | val loss 0.6479722261:
	--> training ...
	--> checkpointing ...

2024-10-31_16-52 : iter     105000 <=> epoch 0.4717767798740636 | train loss 0.6458985209 | val loss 0.6477771997:
	--> training ...
	--> checkpointing ...

2024-10-31_17-32 : iter     110000 <=> epoch 0.49424234082044755 | train loss 0.6466015577 | val loss 0.6458017826:
	--> training ...
	--> checkpointing ...

2024-10-31_18-11 : iter     115000 <=> epoch 0.5167079017668316 | train loss 0.6460407376 | val loss 0.6467128992:
	--> training ...
	--> checkpointing ...

2024-10-31_18-50 : iter     120000 <=> epoch 0.5391734627132155 | train loss 0.6456006765 | val loss 0.6463570595:
	--> training ...
	--> checkpointing ...

2024-10-31_19-29 : iter     125000 <=> epoch 0.5616390236595995 | train loss 0.6455798745 | val loss 0.6459248066:
	--> training ...
	--> checkpointing ...

2024-10-31_20-09 : iter     130000 <=> epoch 0.5841045846059835 | train loss 0.6447886229 | val loss 0.6468930840:
	--> training ...
	--> checkpointing ...

2024-10-31_20-48 : iter     135000 <=> epoch 0.6065701455523674 | train loss 0.6456459761 | val loss 0.6480948329:
	--> training ...
	--> checkpointing ...

2024-10-31_21-27 : iter     140000 <=> epoch 0.6290357064987514 | train loss 0.6441870928 | val loss 0.6454846263:
	--> training ...
	--> checkpointing ...

2024-10-31_22-06 : iter     145000 <=> epoch 0.6515012674451354 | train loss 0.6439048052 | val loss 0.6471297145:
	--> training ...
	--> checkpointing ...

2024-10-31_22-46 : iter     150000 <=> epoch 0.6739668283915193 | train loss 0.6446453333 | val loss 0.6445511580:
	--> training ...
	--> checkpointing ...

2024-10-31_23-25 : iter     155000 <=> epoch 0.6964323893379033 | train loss 0.6438788772 | val loss 0.6443954110:
	--> training ...
	--> checkpointing ...

2024-11-01_00-04 : iter     160000 <=> epoch 0.7188979502842874 | train loss 0.6418122053 | val loss 0.6413050890:
	--> training ...
	--> checkpointing ...

2024-11-01_00-44 : iter     165000 <=> epoch 0.7413635112306713 | train loss 0.6419153810 | val loss 0.6420384645:
	--> training ...
	--> checkpointing ...

2024-11-01_01-23 : iter     170000 <=> epoch 0.7638290721770553 | train loss 0.6423916221 | val loss 0.6407542229:
	--> training ...
	--> checkpointing ...

2024-11-01_02-02 : iter     175000 <=> epoch 0.7862946331234393 | train loss 0.6407013535 | val loss 0.6403303146:
	--> training ...
	--> checkpointing ...

2024-11-01_02-41 : iter     180000 <=> epoch 0.8087601940698232 | train loss 0.6399031878 | val loss 0.6397675872:
	--> training ...
	--> checkpointing ...

2024-11-01_03-21 : iter     185000 <=> epoch 0.8312257550162072 | train loss 0.6389061213 | val loss 0.6402391791:
	--> training ...
	--> checkpointing ...

2024-11-01_04-00 : iter     190000 <=> epoch 0.8536913159625912 | train loss 0.6401412487 | val loss 0.6392365098:
	--> training ...
	--> checkpointing ...

2024-11-01_04-39 : iter     195000 <=> epoch 0.8761568769089751 | train loss 0.6394841075 | val loss 0.6394514441:
	--> training ...
	--> checkpointing ...

2024-11-01_05-18 : iter     200000 <=> epoch 0.8986224378553591 | train loss 0.6397175193 | val loss 0.6402559876:
	--> training ...
	--> checkpointing ...

2024-11-01_05-58 : iter     205000 <=> epoch 0.9210879988017432 | train loss 0.6391918659 | val loss 0.6396453977:
	--> training ...
	--> checkpointing ...

2024-11-01_06-37 : iter     210000 <=> epoch 0.9435535597481272 | train loss 0.6390429735 | val loss 0.6402733922:
	--> training ...
	--> checkpointing ...

2024-11-01_07-16 : iter     215000 <=> epoch 0.9660191206945111 | train loss 0.6396749020 | val loss 0.6391822696:
	--> training ...
	--> checkpointing ...

2024-11-01_07-55 : iter     220000 <=> epoch 0.9884846816408951 | train loss 0.6388418078 | val loss 0.6397995949:
	--> training ...
