|BATCH_LOSS: 0.00259 | TPS:   231489 tokens/sec. | ITERS: 241428 / 252163 | EPOCHS: 1.91 | COMP: 95.74% | RATE: 1.77 it./s | SPD: 566.2105 ms/it.| ERT: (0, 1, 42, 51) | ET: (1, 16, 15, 4)             
val>|ITERS: 250 / 250 | COMP: 100.00% | RATE: 1.98 it./s | SPD: 0.5059 s/it.| ERT: (0, 0, 0, 0) | ET: (0, 0, 4, 5)                                                                                      

vocab_size: 77

Loading train.bin

took (0, 0, 0, 6)

Loading val.bin

took (0, 0, 0, 0)

Compiling the model... (takes a ~minute)

Evaluating initial loss

INITIAL LOSS: train loss 10 | val loss 10

INIT ITER TIME: 872.3794233798981

INIT ITER TIME: 60.30855417251587

INIT ITER TIME: 0.5414004325866699

INIT ITER TIME: 0.5907113552093506

INIT ITER TIME: 0.5210978984832764

INIT ITER TIME: 0.578953742980957

INIT ITER TIME: 0.5101511478424072

INIT ITER TIME: 0.5788521766662598

INIT ITER TIME: 0.5267627239227295

INIT ITER TIME: 0.5589120388031006

INIT ITER TIME: 0.5616786479949951

INIT ITER TIME: 0.5160820484161377

INIT ITER TIME: 0.5784032344818115

INIT ITER TIME: 0.511850118637085

INIT ITER TIME: 0.5801794528961182

INIT ITER TIME: 0.5333940982818604

INIT ITER TIME: 0.5451712608337402

INIT ITER TIME: 0.5735006332397461

INIT ITER TIME: 0.5124704837799072

INIT ITER TIME: 0.5805225372314453


Evaluation and checkpointing ...



checkpoint_2025-01-12_22-10 : iter      12608 | epoch 0.10 | train loss 0.4032499194 | val loss 0.4029342830



Evaluation and checkpointing ...



checkpoint_2025-01-13_00-19 : iter      25216 | epoch 0.20 | train loss 0.3851684034 | val loss 0.3851919770



Evaluation and checkpointing ...



checkpoint_2025-01-13_02-29 : iter      37824 | epoch 0.30 | train loss 0.3783400953 | val loss 0.3800151050



Evaluation and checkpointing ...



checkpoint_2025-01-13_04-39 : iter      50432 | epoch 0.40 | train loss 0.3771309257 | val loss 0.3753759563



Evaluation and checkpointing ...



checkpoint_2025-01-13_06-41 : iter      63040 | epoch 0.50 | train loss 0.3756938577 | val loss 0.3749580681



Evaluation and checkpointing ...



checkpoint_2025-01-13_08-43 : iter      75648 | epoch 0.60 | train loss 0.3721697032 | val loss 0.3732447326



Evaluation and checkpointing ...



checkpoint_2025-01-13_10-45 : iter      88256 | epoch 0.70 | train loss 0.3725164831 | val loss 0.3730949759



Evaluation and checkpointing ...



checkpoint_2025-01-13_12-47 : iter     100864 | epoch 0.80 | train loss 0.3742119074 | val loss 0.3717799783



Evaluation and checkpointing ...



checkpoint_2025-01-13_14-47 : iter     113472 | epoch 0.90 | train loss 0.3716955781 | val loss 0.3696101606



Evaluation and checkpointing ...



checkpoint_2025-01-13_16-52 : iter     126080 | epoch 1.00 | train loss 0.3687449694 | val loss 0.3702128530



Evaluation and checkpointing ...



checkpoint_2025-01-13_18-59 : iter     138688 | epoch 1.10 | train loss 2.0018236637 | val loss 1.9949487448



Evaluation and checkpointing ...



checkpoint_2025-01-13_21-05 : iter     151296 | epoch 1.20 | train loss 3.0432696342 | val loss 3.0407159328



Evaluation and checkpointing ...



checkpoint_2025-01-13_23-12 : iter     163904 | epoch 1.30 | train loss 3.1458594799 | val loss 3.1224870682



Evaluation and checkpointing ...



checkpoint_2025-01-14_01-17 : iter     176512 | epoch 1.40 | train loss 3.1459531784 | val loss 3.1226170063



Evaluation and checkpointing ...



checkpoint_2025-01-14_03-22 : iter     189120 | epoch 1.50 | train loss 3.1636340618 | val loss 3.1601972580



Evaluation and checkpointing ...



checkpoint_2025-01-14_05-30 : iter     201728 | epoch 1.60 | train loss 3.2346293926 | val loss 3.2201085091



Evaluation and checkpointing ...



checkpoint_2025-01-14_07-37 : iter     214336 | epoch 1.70 | train loss 3.6374952793 | val loss 3.6424829960



Evaluation and checkpointing ...



checkpoint_2025-01-14_09-45 : iter     226944 | epoch 1.80 | train loss 3.5662846565 | val loss 3.5621337891



Evaluation and checkpointing ...



checkpoint_2025-01-14_11-53 : iter     239552 | epoch 1.90 | train loss 3.8017773628 | val loss 3.8076446056

