BATCH_LOSS: 4.24514
BATCH_LOSS: 4.42757
BATCH_LOSS: 4.44801
BATCH_LOSS: 4.08554
BATCH_LOSS: 3.70523
BATCH_LOSS: 3.33971
BATCH_LOSS: 3.09253
BATCH_LOSS: 3.00276
BATCH_LOSS: 3.01220
BATCH_LOSS: 2.94512
BATCH_LOSS: 2.88510
BATCH_LOSS: 2.81513
BATCH_LOSS: 2.77996
BATCH_LOSS: 2.77686
BATCH_LOSS: 2.74411
BATCH_LOSS: 2.68016
BATCH_LOSS: 2.63390
BATCH_LOSS: 2.61265
BATCH_LOSS: 2.60466
BATCH_LOSS: 2.57916
BATCH_LOSS: 2.54871
BATCH_LOSS: 2.53487
BATCH_LOSS: 2.51844
BATCH_LOSS: 2.51034
BATCH_LOSS: 2.48727
BATCH_LOSS: 2.47523
BATCH_LOSS: 2.46253
BATCH_LOSS: 2.46359
BATCH_LOSS: 2.46253
BATCH_LOSS: 2.44588
BATCH_LOSS: 2.42828
BATCH_LOSS: 2.42194
BATCH_LOSS: 2.42777
BATCH_LOSS: 2.40139
BATCH_LOSS: 2.40812
BATCH_LOSS: 2.40136
BATCH_LOSS: 2.40109
BATCH_LOSS: 2.38993
BATCH_LOSS: 2.38932
BATCH_LOSS: 2.37711
BATCH_LOSS: 2.38088
BATCH_LOSS: 2.37927
BATCH_LOSS: 2.37342
BATCH_LOSS: 2.36406
BATCH_LOSS: 2.35596
BATCH_LOSS: 2.37028
BATCH_LOSS: 2.36834
BATCH_LOSS: 2.35443
BATCH_LOSS: 2.35528
BATCH_LOSS: 2.35377
BATCH_LOSS: 2.34470
BATCH_LOSS: 2.36322
BATCH_LOSS: 2.34402
BATCH_LOSS: 2.34806
BATCH_LOSS: 2.34187
BATCH_LOSS: 2.34376
BATCH_LOSS: 2.34084
BATCH_LOSS: 2.34448
BATCH_LOSS: 2.33987
BATCH_LOSS: 2.32711
BATCH_LOSS: 2.32936
BATCH_LOSS: 2.33011
BATCH_LOSS: 2.32248
BATCH_LOSS: 2.33390
BATCH_LOSS: 2.33060
BATCH_LOSS: 2.32465
BATCH_LOSS: 2.32710
BATCH_LOSS: 2.32872
BATCH_LOSS: 2.32691
BATCH_LOSS: 2.33413
BATCH_LOSS: 2.32435
BATCH_LOSS: 2.32936
BATCH_LOSS: 2.32198
BATCH_LOSS: 2.31391
BATCH_LOSS: 2.31909
BATCH_LOSS: 2.31871
BATCH_LOSS: 2.31361
BATCH_LOSS: 2.30928
BATCH_LOSS: 2.30763
BATCH_LOSS: 2.30217
BATCH_LOSS: 2.30961
BATCH_LOSS: 2.31515
BATCH_LOSS: 2.32324
BATCH_LOSS: 2.33514
BATCH_LOSS: 2.32355
BATCH_LOSS: 2.32008
BATCH_LOSS: 2.32578
BATCH_LOSS: 2.31232
BATCH_LOSS: 2.31089
BATCH_LOSS: 2.32734
BATCH_LOSS: 2.31031
BATCH_LOSS: 2.30638
BATCH_LOSS: 2.31513
BATCH_LOSS: 2.29910
BATCH_LOSS: 2.32024
BATCH_LOSS: 2.31066
BATCH_LOSS: 2.29622
BATCH_LOSS: 2.29798
BATCH_LOSS: 2.30216
BATCH_LOSS: 2.30419
BATCH_LOSS: 2.29467
BATCH_LOSS: 2.30041
BATCH_LOSS: 2.28606
BATCH_LOSS: 2.28489
BATCH_LOSS: 2.27587
BATCH_LOSS: 2.30032
BATCH_LOSS: 2.31767
BATCH_LOSS: 2.29945
BATCH_LOSS: 2.28383
BATCH_LOSS: 2.29552
BATCH_LOSS: 2.28736
BATCH_LOSS: 2.29255
BATCH_LOSS: 2.27459
BATCH_LOSS: 2.27883
BATCH_LOSS: 2.28010
BATCH_LOSS: 2.27627
BATCH_LOSS: 2.26846
BATCH_LOSS: 2.26991
BATCH_LOSS: 2.27032
BATCH_LOSS: 2.25818
BATCH_LOSS: 2.27255
BATCH_LOSS: 2.29599
BATCH_LOSS: 2.26199
BATCH_LOSS: 2.30633
BATCH_LOSS: 2.26679
BATCH_LOSS: 2.27818
BATCH_LOSS: 2.27403
BATCH_LOSS: 2.26178
BATCH_LOSS: 2.26920
BATCH_LOSS: 2.25425
BATCH_LOSS: 2.25220
BATCH_LOSS: 2.25725
BATCH_LOSS: 2.25778
BATCH_LOSS: 2.23092
BATCH_LOSS: 2.23475
BATCH_LOSS: 2.21686
BATCH_LOSS: 2.23111
BATCH_LOSS: 2.23668
BATCH_LOSS: 2.21874
BATCH_LOSS: 2.20759
BATCH_LOSS: 2.20505
BATCH_LOSS: 2.20957
BATCH_LOSS: 2.19951
BATCH_LOSS: 2.21786
BATCH_LOSS: 2.31284
BATCH_LOSS: 2.22636
BATCH_LOSS: 2.21926
BATCH_LOSS: 2.23341
BATCH_LOSS: 2.24269
BATCH_LOSS: 2.23640
BATCH_LOSS: 2.21166
BATCH_LOSS: 2.22365
BATCH_LOSS: 2.20485
BATCH_LOSS: 2.20728
BATCH_LOSS: 2.25630
BATCH_LOSS: 2.21573
BATCH_LOSS: 2.22530
BATCH_LOSS: 2.20585
BATCH_LOSS: 2.20404
BATCH_LOSS: 2.18405
BATCH_LOSS: 2.18657
BATCH_LOSS: 2.19251
BATCH_LOSS: 2.16779
BATCH_LOSS: 2.17562
BATCH_LOSS: 2.19216
BATCH_LOSS: 2.16322
BATCH_LOSS: 2.16367
BATCH_LOSS: 2.15603
BATCH_LOSS: 2.15317
BATCH_LOSS: 2.16443
BATCH_LOSS: 2.14549
BATCH_LOSS: 2.14461
BATCH_LOSS: 2.13266
BATCH_LOSS: 2.15230
BATCH_LOSS: 2.13236
BATCH_LOSS: 2.13502
BATCH_LOSS: 2.13639
BATCH_LOSS: 2.13843
BATCH_LOSS: 2.13284
BATCH_LOSS: 2.14089
BATCH_LOSS: 2.16832
BATCH_LOSS: 2.11306
BATCH_LOSS: 2.14047
BATCH_LOSS: 2.12444
BATCH_LOSS: 2.12073
BATCH_LOSS: 2.12108
BATCH_LOSS: 2.11950
BATCH_LOSS: 2.11712
BATCH_LOSS: 2.11618
BATCH_LOSS: 2.10428
BATCH_LOSS: 2.11350
BATCH_LOSS: 2.10941
BATCH_LOSS: 2.09380
BATCH_LOSS: 2.09965
BATCH_LOSS: 2.10065
BATCH_LOSS: 2.09752
BATCH_LOSS: 2.07928
BATCH_LOSS: 2.07995
BATCH_LOSS: 2.08737
BATCH_LOSS: 2.07584
BATCH_LOSS: 2.08178
BATCH_LOSS: 2.07197
BATCH_LOSS: 2.06114
BATCH_LOSS: 2.07171
BATCH_LOSS: 2.07226
BATCH_LOSS: 2.13011
BATCH_LOSS: 2.07347
BATCH_LOSS: 2.10429
BATCH_LOSS: 2.08606
BATCH_LOSS: 2.09967
BATCH_LOSS: 2.07741
BATCH_LOSS: 2.06045
BATCH_LOSS: 2.07405
BATCH_LOSS: 2.06473
BATCH_LOSS: 2.05925
BATCH_LOSS: 2.05639
BATCH_LOSS: 2.04560
BATCH_LOSS: 2.03286
BATCH_LOSS: 2.04114
BATCH_LOSS: 2.03657
BATCH_LOSS: 2.03552
BATCH_LOSS: 2.03013
BATCH_LOSS: 2.01817
BATCH_LOSS: 2.01893
BATCH_LOSS: 2.00327
BATCH_LOSS: 2.00227
BATCH_LOSS: 2.00349
BATCH_LOSS: 2.02175
BATCH_LOSS: 2.08313
BATCH_LOSS: 2.04180
BATCH_LOSS: 2.00320
BATCH_LOSS: 2.01759
BATCH_LOSS: 2.01154
BATCH_LOSS: 2.00236
BATCH_LOSS: 2.00009
BATCH_LOSS: 1.96898
BATCH_LOSS: 1.98349
BATCH_LOSS: 1.98869
BATCH_LOSS: 1.97733
BATCH_LOSS: 1.97270
BATCH_LOSS: 1.94589
BATCH_LOSS: 1.94503
BATCH_LOSS: 1.93371
BATCH_LOSS: 1.92521
BATCH_LOSS: 1.92760
BATCH_LOSS: 1.91750
BATCH_LOSS: 1.92970
BATCH_LOSS: 1.92719
BATCH_LOSS: 2.06312
BATCH_LOSS: 2.06692
BATCH_LOSS: 1.96723
BATCH_LOSS: 1.98894
BATCH_LOSS: 1.96168
BATCH_LOSS: 1.94865
BATCH_LOSS: 1.94155
BATCH_LOSS: 1.92144
BATCH_LOSS: 1.90847
BATCH_LOSS: 1.91647
BATCH_LOSS: 1.90899
BATCH_LOSS: 1.90146
BATCH_LOSS: 1.87740
BATCH_LOSS: 1.87730
BATCH_LOSS: 1.87249
BATCH_LOSS: 1.86767
BATCH_LOSS: 1.85347
BATCH_LOSS: 1.84381
BATCH_LOSS: 1.84555
BATCH_LOSS: 1.83180
BATCH_LOSS: 1.82218
BATCH_LOSS: 1.82808
BATCH_LOSS: 1.81654
BATCH_LOSS: 1.83814
BATCH_LOSS: 1.85471
BATCH_LOSS: 1.83180
BATCH_LOSS: 1.83310
BATCH_LOSS: 1.82382
BATCH_LOSS: 1.80765
BATCH_LOSS: 1.81093
BATCH_LOSS: 1.80612
BATCH_LOSS: 1.79306
BATCH_LOSS: 1.79007
BATCH_LOSS: 1.78252
BATCH_LOSS: 1.77560
BATCH_LOSS: 1.77853
BATCH_LOSS: 1.75729
BATCH_LOSS: 1.76450
BATCH_LOSS: 1.76007
BATCH_LOSS: 1.75981
BATCH_LOSS: 1.77169
BATCH_LOSS: 1.76653
BATCH_LOSS: 1.78163
BATCH_LOSS: 1.77228
BATCH_LOSS: 1.75576
BATCH_LOSS: 1.75966
BATCH_LOSS: 1.74430
BATCH_LOSS: 1.76007
BATCH_LOSS: 1.73878
BATCH_LOSS: 1.75165
BATCH_LOSS: 1.73489
BATCH_LOSS: 1.73376
BATCH_LOSS: 1.73859
BATCH_LOSS: 1.71804
BATCH_LOSS: 1.71815
BATCH_LOSS: 1.70939
BATCH_LOSS: 1.70688
BATCH_LOSS: 1.69680
BATCH_LOSS: 1.70748
BATCH_LOSS: 1.69246
BATCH_LOSS: 1.69478
BATCH_LOSS: 1.70370
BATCH_LOSS: 1.67957
BATCH_LOSS: 1.69705
BATCH_LOSS: 1.68294
BATCH_LOSS: 1.67883
BATCH_LOSS: 1.67991
BATCH_LOSS: 1.68514
BATCH_LOSS: 1.68333
BATCH_LOSS: 1.67957
BATCH_LOSS: 1.67651
BATCH_LOSS: 1.67943
BATCH_LOSS: 1.66791
BATCH_LOSS: 1.66943
BATCH_LOSS: 1.65757
BATCH_LOSS: 1.66587
BATCH_LOSS: 1.65983
BATCH_LOSS: 1.66795
BATCH_LOSS: 1.66140
BATCH_LOSS: 1.64503
BATCH_LOSS: 1.66180
BATCH_LOSS: 1.65639
BATCH_LOSS: 1.66336
BATCH_LOSS: 1.67875
BATCH_LOSS: 1.67793
BATCH_LOSS: 1.65624
BATCH_LOSS: 1.65325
BATCH_LOSS: 1.66444
BATCH_LOSS: 1.65269
BATCH_LOSS: 1.64828
BATCH_LOSS: 1.65609
BATCH_LOSS: 1.65060
BATCH_LOSS: 1.65196
BATCH_LOSS: 1.64637
BATCH_LOSS: 1.64506
BATCH_LOSS: 1.64604
BATCH_LOSS: 1.64383
BATCH_LOSS: 1.64225
BATCH_LOSS: 1.64013
BATCH_LOSS: 1.64180
BATCH_LOSS: 1.64219
BATCH_LOSS: 1.63836
BATCH_LOSS: 1.66108
BATCH_LOSS: 1.68129
BATCH_LOSS: 1.63476
BATCH_LOSS: 1.65788
BATCH_LOSS: 1.63847
BATCH_LOSS: 1.63422
BATCH_LOSS: 1.63774
BATCH_LOSS: 1.64982
BATCH_LOSS: 1.63499
BATCH_LOSS: 1.62995
BATCH_LOSS: 1.62433
BATCH_LOSS: 1.62838
BATCH_LOSS: 1.62574
BATCH_LOSS: 1.61521
BATCH_LOSS: 1.60910
BATCH_LOSS: 1.61522
BATCH_LOSS: 1.60858
BATCH_LOSS: 1.61407
BATCH_LOSS: 1.61690
BATCH_LOSS: 1.60009
BATCH_LOSS: 1.59683
BATCH_LOSS: 1.60472
BATCH_LOSS: 1.58589
BATCH_LOSS: 1.58924
BATCH_LOSS: 1.58724
BATCH_LOSS: 1.59643
BATCH_LOSS: 1.61764
BATCH_LOSS: 1.66676
BATCH_LOSS: 1.60454
BATCH_LOSS: 1.61850
BATCH_LOSS: 1.63797
BATCH_LOSS: 1.61936
BATCH_LOSS: 1.63674
BATCH_LOSS: 1.74641
BATCH_LOSS: 1.80420
BATCH_LOSS: 1.70638
BATCH_LOSS: 1.73119
BATCH_LOSS: 1.72834
BATCH_LOSS: 1.68806
BATCH_LOSS: 1.69040
BATCH_LOSS: 1.67269
BATCH_LOSS: 1.66774
BATCH_LOSS: 1.71463
BATCH_LOSS: 1.65800
BATCH_LOSS: 1.64284
BATCH_LOSS: 1.62007
BATCH_LOSS: 1.61839
BATCH_LOSS: 1.59387
BATCH_LOSS: 1.57932
BATCH_LOSS: 1.56046
BATCH_LOSS: 1.55573
BATCH_LOSS: 1.55193
BATCH_LOSS: 1.53210
BATCH_LOSS: 1.52654
BATCH_LOSS: 1.51455
BATCH_LOSS: 1.51539
BATCH_LOSS: 1.48462
BATCH_LOSS: 1.49218
BATCH_LOSS: 1.47718
BATCH_LOSS: 1.47290
BATCH_LOSS: 1.44806
BATCH_LOSS: 1.46794
BATCH_LOSS: 1.45793
BATCH_LOSS: 1.44728
BATCH_LOSS: 1.43368
BATCH_LOSS: 1.42970
BATCH_LOSS: 1.42762
BATCH_LOSS: 1.41747
BATCH_LOSS: 1.41039
BATCH_LOSS: 1.39235
BATCH_LOSS: 1.40539
BATCH_LOSS: 1.38698
BATCH_LOSS: 1.39226
BATCH_LOSS: 1.39098
BATCH_LOSS: 1.37252
BATCH_LOSS: 1.37942
BATCH_LOSS: 1.38232
BATCH_LOSS: 1.37526
BATCH_LOSS: 1.37852
