|BATCH_LOSS: 1.37852 | TPS:  1606975 tokens/sec. | ITERS: 429 / 117899 | EPOCHS: 0.01 | COMP: 0.36% | RATE: 24.52 it./s | SPD: 40.7822 ms/it.| ERT: (0, 1, 20, 34) | ET: (0, 0, 19, 15)                 
                                                                                                                                                                                                        

vocab_size: 67

Loading train.bin

took (0, 0, 0, 1)

Loading val.bin

took (0, 0, 0, 0)

Compiling the model... (takes a ~minute)


----------------------------------------------
FORWARD:529.3989 sec. | BACKWARD: 401.7446 sec.
-----------------------------------


INIT ITER TIME: 931.2219934463501


----------------------------------------------
FORWARD:5.9984 sec. | BACKWARD: 10.8788 sec.
-----------------------------------


INIT ITER TIME: 16.905290365219116


----------------------------------------------
FORWARD:0.0305 sec. | BACKWARD: 0.0263 sec.
-----------------------------------


INIT ITER TIME: 0.0778040885925293


----------------------------------------------
FORWARD:0.0073 sec. | BACKWARD: 0.0153 sec.
-----------------------------------


INIT ITER TIME: 0.04356980323791504


----------------------------------------------
FORWARD:0.0072 sec. | BACKWARD: 0.0153 sec.
-----------------------------------


INIT ITER TIME: 0.04197430610656738


----------------------------------------------
FORWARD:0.0071 sec. | BACKWARD: 0.0155 sec.
-----------------------------------


INIT ITER TIME: 0.041986703872680664


----------------------------------------------
FORWARD:0.0072 sec. | BACKWARD: 0.0145 sec.
-----------------------------------


INIT ITER TIME: 0.04159140586853027


----------------------------------------------
FORWARD:0.0071 sec. | BACKWARD: 0.0148 sec.
-----------------------------------


INIT ITER TIME: 0.04145646095275879


----------------------------------------------
FORWARD:0.0072 sec. | BACKWARD: 0.0148 sec.
-----------------------------------


INIT ITER TIME: 0.04194307327270508


----------------------------------------------
FORWARD:0.0072 sec. | BACKWARD: 0.0145 sec.
-----------------------------------


INIT ITER TIME: 0.04101705551147461


----------------------------------------------
FORWARD:0.0071 sec. | BACKWARD: 0.0144 sec.
-----------------------------------


INIT ITER TIME: 0.040868282318115234


----------------------------------------------
FORWARD:0.0072 sec. | BACKWARD: 0.0152 sec.
-----------------------------------


INIT ITER TIME: 0.04221463203430176


----------------------------------------------
FORWARD:0.0072 sec. | BACKWARD: 0.0151 sec.
-----------------------------------


INIT ITER TIME: 0.04170727729797363


----------------------------------------------
FORWARD:0.0073 sec. | BACKWARD: 0.0146 sec.
-----------------------------------


INIT ITER TIME: 0.04183030128479004


----------------------------------------------
FORWARD:0.0072 sec. | BACKWARD: 0.0147 sec.
-----------------------------------


INIT ITER TIME: 0.041345834732055664


----------------------------------------------
FORWARD:0.0072 sec. | BACKWARD: 0.0148 sec.
-----------------------------------


INIT ITER TIME: 0.041637420654296875


----------------------------------------------
FORWARD:0.0074 sec. | BACKWARD: 0.0159 sec.
-----------------------------------


INIT ITER TIME: 0.042981624603271484


----------------------------------------------
FORWARD:0.0071 sec. | BACKWARD: 0.0149 sec.
-----------------------------------


INIT ITER TIME: 0.041486263275146484


----------------------------------------------
FORWARD:0.0071 sec. | BACKWARD: 0.0153 sec.
-----------------------------------


INIT ITER TIME: 0.04175257682800293


----------------------------------------------
FORWARD:0.0073 sec. | BACKWARD: 0.0162 sec.
-----------------------------------


INIT ITER TIME: 0.0433039665222168


----------------------------------------------
FORWARD:0.0072 sec. | BACKWARD: 0.0145 sec.
-----------------------------------



----------------------------------------------
FORWARD:0.0073 sec. | BACKWARD: 0.0142 sec.
-----------------------------------



----------------------------------------------
FORWARD:0.0072 sec. | BACKWARD: 0.0138 sec.
-----------------------------------



----------------------------------------------
FORWARD:0.0071 sec. | BACKWARD: 0.0144 sec.
-----------------------------------



----------------------------------------------
FORWARD:0.0072 sec. | BACKWARD: 0.0147 sec.
-----------------------------------



----------------------------------------------
FORWARD:0.0071 sec. | BACKWARD: 0.0166 sec.
-----------------------------------



----------------------------------------------
FORWARD:0.0071 sec. | BACKWARD: 0.0148 sec.
-----------------------------------



----------------------------------------------
FORWARD:0.0071 sec. | BACKWARD: 0.0153 sec.
-----------------------------------



----------------------------------------------
FORWARD:0.0071 sec. | BACKWARD: 0.0144 sec.
-----------------------------------



----------------------------------------------
FORWARD:0.0072 sec. | BACKWARD: 0.0145 sec.
-----------------------------------



----------------------------------------------
FORWARD:0.0071 sec. | BACKWARD: 0.0141 sec.
-----------------------------------



----------------------------------------------
FORWARD:0.0077 sec. | BACKWARD: 0.0144 sec.
-----------------------------------



----------------------------------------------
FORWARD:0.0072 sec. | BACKWARD: 0.0142 sec.
-----------------------------------



----------------------------------------------
FORWARD:0.0072 sec. | BACKWARD: 0.0142 sec.
-----------------------------------



----------------------------------------------
FORWARD:0.0077 sec. | BACKWARD: 0.0140 sec.
-----------------------------------



----------------------------------------------
FORWARD:0.0070 sec. | BACKWARD: 0.0163 sec.
-----------------------------------



----------------------------------------------
FORWARD:0.0077 sec. | BACKWARD: 0.0148 sec.
-----------------------------------



----------------------------------------------
FORWARD:0.0072 sec. | BACKWARD: 0.0143 sec.
-----------------------------------



----------------------------------------------
FORWARD:0.0072 sec. | BACKWARD: 0.0142 sec.
-----------------------------------



----------------------------------------------
FORWARD:0.0077 sec. | BACKWARD: 0.0144 sec.
-----------------------------------



----------------------------------------------
FORWARD:0.0071 sec. | BACKWARD: 0.0144 sec.
-----------------------------------



----------------------------------------------
FORWARD:0.0071 sec. | BACKWARD: 0.0145 sec.
-----------------------------------



----------------------------------------------
FORWARD:0.0072 sec. | BACKWARD: 0.0138 sec.
-----------------------------------



----------------------------------------------
FORWARD:0.0073 sec. | BACKWARD: 0.0138 sec.
-----------------------------------



----------------------------------------------
FORWARD:0.0093 sec. | BACKWARD: 0.0144 sec.
-----------------------------------



----------------------------------------------
FORWARD:0.0072 sec. | BACKWARD: 0.0149 sec.
-----------------------------------



----------------------------------------------
FORWARD:0.0071 sec. | BACKWARD: 0.0153 sec.
-----------------------------------



----------------------------------------------
FORWARD:0.0071 sec. | BACKWARD: 0.0148 sec.
-----------------------------------



----------------------------------------------
FORWARD:0.0072 sec. | BACKWARD: 0.0150 sec.
-----------------------------------



----------------------------------------------
FORWARD:0.0076 sec. | BACKWARD: 0.0148 sec.
-----------------------------------



----------------------------------------------
FORWARD:0.0071 sec. | BACKWARD: 0.0147 sec.
-----------------------------------



----------------------------------------------
FORWARD:0.0072 sec. | BACKWARD: 0.0148 sec.
-----------------------------------



----------------------------------------------
FORWARD:0.0072 sec. | BACKWARD: 0.0145 sec.
-----------------------------------



----------------------------------------------
FORWARD:0.0072 sec. | BACKWARD: 0.0145 sec.
-----------------------------------



----------------------------------------------
FORWARD:0.0073 sec. | BACKWARD: 0.0137 sec.
-----------------------------------



----------------------------------------------
FORWARD:0.0073 sec. | BACKWARD: 0.0136 sec.
-----------------------------------



----------------------------------------------
FORWARD:0.0070 sec. | BACKWARD: 0.0163 sec.
-----------------------------------



----------------------------------------------
FORWARD:0.0070 sec. | BACKWARD: 0.0140 sec.
-----------------------------------



----------------------------------------------
FORWARD:0.0072 sec. | BACKWARD: 0.0143 sec.
-----------------------------------



----------------------------------------------
FORWARD:0.0072 sec. | BACKWARD: 0.0140 sec.
-----------------------------------



----------------------------------------------
FORWARD:0.0072 sec. | BACKWARD: 0.0138 sec.
-----------------------------------



----------------------------------------------
FORWARD:0.0072 sec. | BACKWARD: 0.0137 sec.
-----------------------------------



----------------------------------------------
FORWARD:0.0071 sec. | BACKWARD: 0.0139 sec.
-----------------------------------



----------------------------------------------
FORWARD:0.0071 sec. | BACKWARD: 0.0149 sec.
-----------------------------------



----------------------------------------------
FORWARD:0.0073 sec. | BACKWARD: 0.0147 sec.
-----------------------------------



----------------------------------------------
FORWARD:0.0072 sec. | BACKWARD: 0.0146 sec.
-----------------------------------



----------------------------------------------
FORWARD:0.0072 sec. | BACKWARD: 0.0145 sec.
-----------------------------------



----------------------------------------------
FORWARD:0.0071 sec. | BACKWARD: 0.0151 sec.
-----------------------------------



----------------------------------------------
FORWARD:0.0077 sec. | BACKWARD: 0.0165 sec.
-----------------------------------



----------------------------------------------
FORWARD:0.0074 sec. | BACKWARD: 0.0145 sec.
-----------------------------------



----------------------------------------------
FORWARD:0.0073 sec. | BACKWARD: 0.0139 sec.
-----------------------------------



----------------------------------------------
FORWARD:0.0073 sec. | BACKWARD: 0.0136 sec.
-----------------------------------



----------------------------------------------
FORWARD:0.0073 sec. | BACKWARD: 0.0135 sec.
-----------------------------------



----------------------------------------------
FORWARD:0.0076 sec. | BACKWARD: 0.0140 sec.
-----------------------------------



----------------------------------------------
FORWARD:0.0072 sec. | BACKWARD: 0.0141 sec.
-----------------------------------



----------------------------------------------
FORWARD:0.0071 sec. | BACKWARD: 0.0136 sec.
-----------------------------------



----------------------------------------------
FORWARD:0.0071 sec. | BACKWARD: 0.0169 sec.
-----------------------------------



----------------------------------------------
FORWARD:0.0072 sec. | BACKWARD: 0.0144 sec.
-----------------------------------



----------------------------------------------
FORWARD:0.0073 sec. | BACKWARD: 0.0142 sec.
-----------------------------------



----------------------------------------------
FORWARD:0.0072 sec. | BACKWARD: 0.0136 sec.
-----------------------------------



----------------------------------------------
FORWARD:0.0071 sec. | BACKWARD: 0.0135 sec.
-----------------------------------



----------------------------------------------
FORWARD:0.0071 sec. | BACKWARD: 0.0137 sec.
-----------------------------------



----------------------------------------------
FORWARD:0.0073 sec. | BACKWARD: 0.0140 sec.
-----------------------------------



----------------------------------------------
FORWARD:0.0073 sec. | BACKWARD: 0.0157 sec.
-----------------------------------



----------------------------------------------
FORWARD:0.0072 sec. | BACKWARD: 0.0154 sec.
-----------------------------------



----------------------------------------------
FORWARD:0.0072 sec. | BACKWARD: 0.0149 sec.
-----------------------------------



----------------------------------------------
FORWARD:0.0072 sec. | BACKWARD: 0.0153 sec.
-----------------------------------



----------------------------------------------
FORWARD:0.0071 sec. | BACKWARD: 0.0153 sec.
-----------------------------------



----------------------------------------------
FORWARD:0.0072 sec. | BACKWARD: 0.0152 sec.
-----------------------------------



----------------------------------------------
FORWARD:0.0072 sec. | BACKWARD: 0.0149 sec.
-----------------------------------



----------------------------------------------
FORWARD:0.0071 sec. | BACKWARD: 0.0143 sec.
-----------------------------------



----------------------------------------------
FORWARD:0.0071 sec. | BACKWARD: 0.0143 sec.
-----------------------------------



----------------------------------------------
FORWARD:0.0074 sec. | BACKWARD: 0.0147 sec.
-----------------------------------



----------------------------------------------
FORWARD:0.0071 sec. | BACKWARD: 0.0144 sec.
-----------------------------------



----------------------------------------------
FORWARD:0.0072 sec. | BACKWARD: 0.0156 sec.
-----------------------------------



----------------------------------------------
FORWARD:0.0071 sec. | BACKWARD: 0.0143 sec.
-----------------------------------



----------------------------------------------
FORWARD:0.0072 sec. | BACKWARD: 0.0143 sec.
-----------------------------------



----------------------------------------------
FORWARD:0.0072 sec. | BACKWARD: 0.0150 sec.
-----------------------------------



----------------------------------------------
FORWARD:0.0073 sec. | BACKWARD: 0.0138 sec.
-----------------------------------



----------------------------------------------
FORWARD:0.0072 sec. | BACKWARD: 0.0145 sec.
-----------------------------------



----------------------------------------------
FORWARD:0.0073 sec. | BACKWARD: 0.0137 sec.
-----------------------------------



----------------------------------------------
FORWARD:0.0072 sec. | BACKWARD: 0.0137 sec.
-----------------------------------



----------------------------------------------
FORWARD:0.0073 sec. | BACKWARD: 0.0134 sec.
-----------------------------------



----------------------------------------------
FORWARD:0.0072 sec. | BACKWARD: 0.0135 sec.
-----------------------------------



----------------------------------------------
FORWARD:0.0072 sec. | BACKWARD: 0.0135 sec.
-----------------------------------



----------------------------------------------
FORWARD:0.0073 sec. | BACKWARD: 0.0134 sec.
-----------------------------------



----------------------------------------------
FORWARD:0.0072 sec. | BACKWARD: 0.0137 sec.
-----------------------------------



----------------------------------------------
FORWARD:0.0071 sec. | BACKWARD: 0.0168 sec.
-----------------------------------



----------------------------------------------
FORWARD:0.0071 sec. | BACKWARD: 0.0142 sec.
-----------------------------------



----------------------------------------------
FORWARD:0.0071 sec. | BACKWARD: 0.0146 sec.
-----------------------------------



----------------------------------------------
FORWARD:0.0071 sec. | BACKWARD: 0.0140 sec.
-----------------------------------



----------------------------------------------
FORWARD:0.0071 sec. | BACKWARD: 0.0138 sec.
-----------------------------------



----------------------------------------------
FORWARD:0.0076 sec. | BACKWARD: 0.0137 sec.
-----------------------------------



----------------------------------------------
FORWARD:0.0071 sec. | BACKWARD: 0.0135 sec.
-----------------------------------



----------------------------------------------
FORWARD:0.0072 sec. | BACKWARD: 0.0135 sec.
-----------------------------------



----------------------------------------------
FORWARD:0.0072 sec. | BACKWARD: 0.0139 sec.
-----------------------------------



----------------------------------------------
FORWARD:0.0077 sec. | BACKWARD: 0.0135 sec.
-----------------------------------



----------------------------------------------
FORWARD:0.0072 sec. | BACKWARD: 0.0135 sec.
-----------------------------------



----------------------------------------------
FORWARD:0.0072 sec. | BACKWARD: 0.0148 sec.
-----------------------------------



----------------------------------------------
FORWARD:0.0071 sec. | BACKWARD: 0.0144 sec.
-----------------------------------



----------------------------------------------
FORWARD:0.0071 sec. | BACKWARD: 0.0146 sec.
-----------------------------------



----------------------------------------------
FORWARD:0.0075 sec. | BACKWARD: 0.0147 sec.
-----------------------------------



----------------------------------------------
FORWARD:0.0071 sec. | BACKWARD: 0.0138 sec.
-----------------------------------



----------------------------------------------
FORWARD:0.0071 sec. | BACKWARD: 0.0137 sec.
-----------------------------------



----------------------------------------------
FORWARD:0.0071 sec. | BACKWARD: 0.0134 sec.
-----------------------------------



----------------------------------------------
FORWARD:0.0070 sec. | BACKWARD: 0.0135 sec.
-----------------------------------



----------------------------------------------
FORWARD:0.0075 sec. | BACKWARD: 0.0138 sec.
-----------------------------------



----------------------------------------------
FORWARD:0.0071 sec. | BACKWARD: 0.0142 sec.
-----------------------------------



----------------------------------------------
FORWARD:0.0071 sec. | BACKWARD: 0.0150 sec.
-----------------------------------



----------------------------------------------
FORWARD:0.0070 sec. | BACKWARD: 0.0139 sec.
-----------------------------------



----------------------------------------------
FORWARD:0.0072 sec. | BACKWARD: 0.0140 sec.
-----------------------------------



----------------------------------------------
FORWARD:0.0073 sec. | BACKWARD: 0.0142 sec.
-----------------------------------



----------------------------------------------
FORWARD:0.0075 sec. | BACKWARD: 0.0138 sec.
-----------------------------------



----------------------------------------------
FORWARD:0.0073 sec. | BACKWARD: 0.0176 sec.
-----------------------------------



----------------------------------------------
FORWARD:0.0074 sec. | BACKWARD: 0.0154 sec.
-----------------------------------



----------------------------------------------
FORWARD:0.0094 sec. | BACKWARD: 0.0150 sec.
-----------------------------------



----------------------------------------------
FORWARD:0.0071 sec. | BACKWARD: 0.0145 sec.
-----------------------------------



----------------------------------------------
FORWARD:0.0072 sec. | BACKWARD: 0.0145 sec.
-----------------------------------



----------------------------------------------
FORWARD:0.0073 sec. | BACKWARD: 0.0145 sec.
-----------------------------------



----------------------------------------------
FORWARD:0.0073 sec. | BACKWARD: 0.0144 sec.
-----------------------------------



----------------------------------------------
FORWARD:0.0073 sec. | BACKWARD: 0.0141 sec.
-----------------------------------



----------------------------------------------
FORWARD:0.0074 sec. | BACKWARD: 0.0144 sec.
-----------------------------------



----------------------------------------------
FORWARD:0.0072 sec. | BACKWARD: 0.0149 sec.
-----------------------------------



----------------------------------------------
FORWARD:0.0071 sec. | BACKWARD: 0.0146 sec.
-----------------------------------



----------------------------------------------
FORWARD:0.0075 sec. | BACKWARD: 0.0154 sec.
-----------------------------------



----------------------------------------------
FORWARD:0.0072 sec. | BACKWARD: 0.0144 sec.
-----------------------------------



----------------------------------------------
FORWARD:0.0071 sec. | BACKWARD: 0.0146 sec.
-----------------------------------



----------------------------------------------
FORWARD:0.0071 sec. | BACKWARD: 0.0144 sec.
-----------------------------------



----------------------------------------------
FORWARD:0.0072 sec. | BACKWARD: 0.0163 sec.
-----------------------------------



----------------------------------------------
FORWARD:0.0071 sec. | BACKWARD: 0.0146 sec.
-----------------------------------



----------------------------------------------
FORWARD:0.0071 sec. | BACKWARD: 0.0149 sec.
-----------------------------------



----------------------------------------------
FORWARD:0.0071 sec. | BACKWARD: 0.0142 sec.
-----------------------------------



----------------------------------------------
FORWARD:0.0072 sec. | BACKWARD: 0.0143 sec.
-----------------------------------



----------------------------------------------
FORWARD:0.0071 sec. | BACKWARD: 0.0141 sec.
-----------------------------------



----------------------------------------------
FORWARD:0.0071 sec. | BACKWARD: 0.0145 sec.
-----------------------------------



----------------------------------------------
FORWARD:0.0071 sec. | BACKWARD: 0.0154 sec.
-----------------------------------



----------------------------------------------
FORWARD:0.0071 sec. | BACKWARD: 0.0151 sec.
-----------------------------------



----------------------------------------------
FORWARD:0.0071 sec. | BACKWARD: 0.0137 sec.
-----------------------------------



----------------------------------------------
FORWARD:0.0072 sec. | BACKWARD: 0.0150 sec.
-----------------------------------



----------------------------------------------
FORWARD:0.0073 sec. | BACKWARD: 0.0143 sec.
-----------------------------------



----------------------------------------------
FORWARD:0.0073 sec. | BACKWARD: 0.0140 sec.
-----------------------------------



----------------------------------------------
FORWARD:0.0072 sec. | BACKWARD: 0.0136 sec.
-----------------------------------



----------------------------------------------
FORWARD:0.0073 sec. | BACKWARD: 0.0138 sec.
-----------------------------------



----------------------------------------------
FORWARD:0.0072 sec. | BACKWARD: 0.0142 sec.
-----------------------------------



----------------------------------------------
FORWARD:0.0072 sec. | BACKWARD: 0.0147 sec.
-----------------------------------



----------------------------------------------
FORWARD:0.0071 sec. | BACKWARD: 0.0136 sec.
-----------------------------------



----------------------------------------------
FORWARD:0.0071 sec. | BACKWARD: 0.0142 sec.
-----------------------------------



----------------------------------------------
FORWARD:0.0071 sec. | BACKWARD: 0.0139 sec.
-----------------------------------



----------------------------------------------
FORWARD:0.0072 sec. | BACKWARD: 0.0147 sec.
-----------------------------------



----------------------------------------------
FORWARD:0.0071 sec. | BACKWARD: 0.0145 sec.
-----------------------------------



----------------------------------------------
FORWARD:0.0071 sec. | BACKWARD: 0.0139 sec.
-----------------------------------



----------------------------------------------
FORWARD:0.0076 sec. | BACKWARD: 0.0139 sec.
-----------------------------------



----------------------------------------------
FORWARD:0.0073 sec. | BACKWARD: 0.0138 sec.
-----------------------------------



----------------------------------------------
FORWARD:0.0073 sec. | BACKWARD: 0.0135 sec.
-----------------------------------



----------------------------------------------
FORWARD:0.0072 sec. | BACKWARD: 0.0137 sec.
-----------------------------------



----------------------------------------------
FORWARD:0.0072 sec. | BACKWARD: 0.0138 sec.
-----------------------------------



----------------------------------------------
FORWARD:0.0073 sec. | BACKWARD: 0.0142 sec.
-----------------------------------



----------------------------------------------
FORWARD:0.0072 sec. | BACKWARD: 0.0138 sec.
-----------------------------------



----------------------------------------------
FORWARD:0.0072 sec. | BACKWARD: 0.0145 sec.
-----------------------------------



----------------------------------------------
FORWARD:0.0072 sec. | BACKWARD: 0.0150 sec.
-----------------------------------



----------------------------------------------
FORWARD:0.0073 sec. | BACKWARD: 0.0140 sec.
-----------------------------------



----------------------------------------------
FORWARD:0.0076 sec. | BACKWARD: 0.0153 sec.
-----------------------------------



----------------------------------------------
FORWARD:0.0073 sec. | BACKWARD: 0.0143 sec.
-----------------------------------



----------------------------------------------
FORWARD:0.0073 sec. | BACKWARD: 0.0140 sec.
-----------------------------------



----------------------------------------------
FORWARD:0.0072 sec. | BACKWARD: 0.0140 sec.
-----------------------------------



----------------------------------------------
FORWARD:0.0072 sec. | BACKWARD: 0.0137 sec.
-----------------------------------



----------------------------------------------
FORWARD:0.0072 sec. | BACKWARD: 0.0136 sec.
-----------------------------------



----------------------------------------------
FORWARD:0.0073 sec. | BACKWARD: 0.0136 sec.
-----------------------------------



----------------------------------------------
FORWARD:0.0073 sec. | BACKWARD: 0.0141 sec.
-----------------------------------



----------------------------------------------
FORWARD:0.0071 sec. | BACKWARD: 0.0159 sec.
-----------------------------------



----------------------------------------------
FORWARD:0.0072 sec. | BACKWARD: 0.0148 sec.
-----------------------------------



----------------------------------------------
FORWARD:0.0071 sec. | BACKWARD: 0.0152 sec.
-----------------------------------



----------------------------------------------
FORWARD:0.0071 sec. | BACKWARD: 0.0143 sec.
-----------------------------------



----------------------------------------------
FORWARD:0.0071 sec. | BACKWARD: 0.0151 sec.
-----------------------------------



----------------------------------------------
FORWARD:0.0071 sec. | BACKWARD: 0.0138 sec.
-----------------------------------



----------------------------------------------
FORWARD:0.0072 sec. | BACKWARD: 0.0145 sec.
-----------------------------------



----------------------------------------------
FORWARD:0.0072 sec. | BACKWARD: 0.0142 sec.
-----------------------------------



----------------------------------------------
FORWARD:0.0071 sec. | BACKWARD: 0.0144 sec.
-----------------------------------



----------------------------------------------
FORWARD:0.0071 sec. | BACKWARD: 0.0141 sec.
-----------------------------------



----------------------------------------------
FORWARD:0.0074 sec. | BACKWARD: 0.0157 sec.
-----------------------------------



----------------------------------------------
FORWARD:0.0071 sec. | BACKWARD: 0.0143 sec.
-----------------------------------



----------------------------------------------
FORWARD:0.0071 sec. | BACKWARD: 0.0144 sec.
-----------------------------------



----------------------------------------------
FORWARD:0.0070 sec. | BACKWARD: 0.0141 sec.
-----------------------------------



----------------------------------------------
FORWARD:0.0071 sec. | BACKWARD: 0.0151 sec.
-----------------------------------



----------------------------------------------
FORWARD:0.0071 sec. | BACKWARD: 0.0142 sec.
-----------------------------------



----------------------------------------------
FORWARD:0.0071 sec. | BACKWARD: 0.0149 sec.
-----------------------------------



----------------------------------------------
FORWARD:0.0072 sec. | BACKWARD: 0.0146 sec.
-----------------------------------



----------------------------------------------
FORWARD:0.0072 sec. | BACKWARD: 0.0141 sec.
-----------------------------------



----------------------------------------------
FORWARD:0.0072 sec. | BACKWARD: 0.0158 sec.
-----------------------------------



----------------------------------------------
FORWARD:0.0071 sec. | BACKWARD: 0.0143 sec.
-----------------------------------



----------------------------------------------
FORWARD:0.0071 sec. | BACKWARD: 0.0155 sec.
-----------------------------------



----------------------------------------------
FORWARD:0.0071 sec. | BACKWARD: 0.0143 sec.
-----------------------------------



----------------------------------------------
FORWARD:0.0073 sec. | BACKWARD: 0.0144 sec.
-----------------------------------



----------------------------------------------
FORWARD:0.0073 sec. | BACKWARD: 0.0141 sec.
-----------------------------------



----------------------------------------------
FORWARD:0.0072 sec. | BACKWARD: 0.0138 sec.
-----------------------------------



----------------------------------------------
FORWARD:0.0072 sec. | BACKWARD: 0.0146 sec.
-----------------------------------



----------------------------------------------
FORWARD:0.0072 sec. | BACKWARD: 0.0141 sec.
-----------------------------------



----------------------------------------------
FORWARD:0.0076 sec. | BACKWARD: 0.0141 sec.
-----------------------------------



----------------------------------------------
FORWARD:0.0073 sec. | BACKWARD: 0.0148 sec.
-----------------------------------



----------------------------------------------
FORWARD:0.0072 sec. | BACKWARD: 0.0141 sec.
-----------------------------------



----------------------------------------------
FORWARD:0.0072 sec. | BACKWARD: 0.0165 sec.
-----------------------------------



----------------------------------------------
FORWARD:0.0072 sec. | BACKWARD: 0.0143 sec.
-----------------------------------



----------------------------------------------
FORWARD:0.0073 sec. | BACKWARD: 0.0141 sec.
-----------------------------------



----------------------------------------------
FORWARD:0.0072 sec. | BACKWARD: 0.0139 sec.
-----------------------------------



----------------------------------------------
FORWARD:0.0072 sec. | BACKWARD: 0.0137 sec.
-----------------------------------



----------------------------------------------
FORWARD:0.0071 sec. | BACKWARD: 0.0150 sec.
-----------------------------------



----------------------------------------------
FORWARD:0.0071 sec. | BACKWARD: 0.0142 sec.
-----------------------------------



----------------------------------------------
FORWARD:0.0071 sec. | BACKWARD: 0.0142 sec.
-----------------------------------



----------------------------------------------
FORWARD:0.0072 sec. | BACKWARD: 0.0145 sec.
-----------------------------------



----------------------------------------------
FORWARD:0.0071 sec. | BACKWARD: 0.0141 sec.
-----------------------------------



----------------------------------------------
FORWARD:0.0071 sec. | BACKWARD: 0.0161 sec.
-----------------------------------



----------------------------------------------
FORWARD:0.0071 sec. | BACKWARD: 0.0145 sec.
-----------------------------------



----------------------------------------------
FORWARD:0.0072 sec. | BACKWARD: 0.0141 sec.
-----------------------------------



----------------------------------------------
FORWARD:0.0072 sec. | BACKWARD: 0.0139 sec.
-----------------------------------



----------------------------------------------
FORWARD:0.0071 sec. | BACKWARD: 0.0142 sec.
-----------------------------------



----------------------------------------------
FORWARD:0.0071 sec. | BACKWARD: 0.0138 sec.
-----------------------------------



----------------------------------------------
FORWARD:0.0071 sec. | BACKWARD: 0.0143 sec.
-----------------------------------



----------------------------------------------
FORWARD:0.0072 sec. | BACKWARD: 0.0143 sec.
-----------------------------------



----------------------------------------------
FORWARD:0.0071 sec. | BACKWARD: 0.0143 sec.
-----------------------------------



----------------------------------------------
FORWARD:0.0071 sec. | BACKWARD: 0.0140 sec.
-----------------------------------



----------------------------------------------
FORWARD:0.0071 sec. | BACKWARD: 0.0144 sec.
-----------------------------------



----------------------------------------------
FORWARD:0.0071 sec. | BACKWARD: 0.0140 sec.
-----------------------------------



----------------------------------------------
FORWARD:0.0072 sec. | BACKWARD: 0.0146 sec.
-----------------------------------



----------------------------------------------
FORWARD:0.0071 sec. | BACKWARD: 0.0140 sec.
-----------------------------------



----------------------------------------------
FORWARD:0.0073 sec. | BACKWARD: 0.0136 sec.
-----------------------------------



----------------------------------------------
FORWARD:0.0071 sec. | BACKWARD: 0.0148 sec.
-----------------------------------



----------------------------------------------
FORWARD:0.0071 sec. | BACKWARD: 0.0138 sec.
-----------------------------------



----------------------------------------------
FORWARD:0.0071 sec. | BACKWARD: 0.0138 sec.
-----------------------------------



----------------------------------------------
FORWARD:0.0072 sec. | BACKWARD: 0.0137 sec.
-----------------------------------



----------------------------------------------
FORWARD:0.0071 sec. | BACKWARD: 0.0138 sec.
-----------------------------------



----------------------------------------------
FORWARD:0.0071 sec. | BACKWARD: 0.0136 sec.
-----------------------------------



----------------------------------------------
FORWARD:0.0072 sec. | BACKWARD: 0.0145 sec.
-----------------------------------



----------------------------------------------
FORWARD:0.0071 sec. | BACKWARD: 0.0144 sec.
-----------------------------------



----------------------------------------------
FORWARD:0.0077 sec. | BACKWARD: 0.0146 sec.
-----------------------------------



----------------------------------------------
FORWARD:0.0073 sec. | BACKWARD: 0.0142 sec.
-----------------------------------



----------------------------------------------
FORWARD:0.0072 sec. | BACKWARD: 0.0147 sec.
-----------------------------------



----------------------------------------------
FORWARD:0.0072 sec. | BACKWARD: 0.0138 sec.
-----------------------------------



----------------------------------------------
FORWARD:0.0071 sec. | BACKWARD: 0.0138 sec.
-----------------------------------



----------------------------------------------
FORWARD:0.0072 sec. | BACKWARD: 0.0137 sec.
-----------------------------------



----------------------------------------------
FORWARD:0.0071 sec. | BACKWARD: 0.0135 sec.
-----------------------------------



----------------------------------------------
FORWARD:0.0073 sec. | BACKWARD: 0.0139 sec.
-----------------------------------



----------------------------------------------
FORWARD:0.0071 sec. | BACKWARD: 0.0152 sec.
-----------------------------------



----------------------------------------------
FORWARD:0.0077 sec. | BACKWARD: 0.0141 sec.
-----------------------------------



----------------------------------------------
FORWARD:0.0072 sec. | BACKWARD: 0.0141 sec.
-----------------------------------



----------------------------------------------
FORWARD:0.0072 sec. | BACKWARD: 0.0138 sec.
-----------------------------------



----------------------------------------------
FORWARD:0.0071 sec. | BACKWARD: 0.0142 sec.
-----------------------------------



----------------------------------------------
FORWARD:0.0071 sec. | BACKWARD: 0.0137 sec.
-----------------------------------



----------------------------------------------
FORWARD:0.0072 sec. | BACKWARD: 0.0147 sec.
-----------------------------------



----------------------------------------------
FORWARD:0.0071 sec. | BACKWARD: 0.0139 sec.
-----------------------------------



----------------------------------------------
FORWARD:0.0072 sec. | BACKWARD: 0.0138 sec.
-----------------------------------



----------------------------------------------
FORWARD:0.0072 sec. | BACKWARD: 0.0137 sec.
-----------------------------------



----------------------------------------------
FORWARD:0.0074 sec. | BACKWARD: 0.0142 sec.
-----------------------------------



----------------------------------------------
FORWARD:0.0072 sec. | BACKWARD: 0.0134 sec.
-----------------------------------



----------------------------------------------
FORWARD:0.0071 sec. | BACKWARD: 0.0137 sec.
-----------------------------------



----------------------------------------------
FORWARD:0.0072 sec. | BACKWARD: 0.0134 sec.
-----------------------------------



----------------------------------------------
FORWARD:0.0072 sec. | BACKWARD: 0.0137 sec.
-----------------------------------



----------------------------------------------
FORWARD:0.0072 sec. | BACKWARD: 0.0134 sec.
-----------------------------------



----------------------------------------------
FORWARD:0.0072 sec. | BACKWARD: 0.0144 sec.
-----------------------------------



----------------------------------------------
FORWARD:0.0071 sec. | BACKWARD: 0.0137 sec.
-----------------------------------



----------------------------------------------
FORWARD:0.0072 sec. | BACKWARD: 0.0149 sec.
-----------------------------------



----------------------------------------------
FORWARD:0.0076 sec. | BACKWARD: 0.0139 sec.
-----------------------------------



----------------------------------------------
FORWARD:0.0071 sec. | BACKWARD: 0.0137 sec.
-----------------------------------



----------------------------------------------
FORWARD:0.0070 sec. | BACKWARD: 0.0166 sec.
-----------------------------------



----------------------------------------------
FORWARD:0.0072 sec. | BACKWARD: 0.0142 sec.
-----------------------------------



----------------------------------------------
FORWARD:0.0072 sec. | BACKWARD: 0.0140 sec.
-----------------------------------



----------------------------------------------
FORWARD:0.0073 sec. | BACKWARD: 0.0138 sec.
-----------------------------------



----------------------------------------------
FORWARD:0.0073 sec. | BACKWARD: 0.0138 sec.
-----------------------------------



----------------------------------------------
FORWARD:0.0073 sec. | BACKWARD: 0.0136 sec.
-----------------------------------



----------------------------------------------
FORWARD:0.0071 sec. | BACKWARD: 0.0135 sec.
-----------------------------------



----------------------------------------------
FORWARD:0.0093 sec. | BACKWARD: 0.0146 sec.
-----------------------------------



----------------------------------------------
FORWARD:0.0071 sec. | BACKWARD: 0.0138 sec.
-----------------------------------



----------------------------------------------
FORWARD:0.0072 sec. | BACKWARD: 0.0148 sec.
-----------------------------------



----------------------------------------------
FORWARD:0.0070 sec. | BACKWARD: 0.0166 sec.
-----------------------------------



----------------------------------------------
FORWARD:0.0071 sec. | BACKWARD: 0.0141 sec.
-----------------------------------



----------------------------------------------
FORWARD:0.0071 sec. | BACKWARD: 0.0147 sec.
-----------------------------------



----------------------------------------------
FORWARD:0.0072 sec. | BACKWARD: 0.0142 sec.
-----------------------------------



----------------------------------------------
FORWARD:0.0071 sec. | BACKWARD: 0.0136 sec.
-----------------------------------



----------------------------------------------
FORWARD:0.0071 sec. | BACKWARD: 0.0137 sec.
-----------------------------------



----------------------------------------------
FORWARD:0.0072 sec. | BACKWARD: 0.0140 sec.
-----------------------------------



----------------------------------------------
FORWARD:0.0076 sec. | BACKWARD: 0.0137 sec.
-----------------------------------



----------------------------------------------
FORWARD:0.0072 sec. | BACKWARD: 0.0135 sec.
-----------------------------------



----------------------------------------------
FORWARD:0.0071 sec. | BACKWARD: 0.0136 sec.
-----------------------------------



----------------------------------------------
FORWARD:0.0072 sec. | BACKWARD: 0.0158 sec.
-----------------------------------



----------------------------------------------
FORWARD:0.0072 sec. | BACKWARD: 0.0143 sec.
-----------------------------------



----------------------------------------------
FORWARD:0.0072 sec. | BACKWARD: 0.0151 sec.
-----------------------------------



----------------------------------------------
FORWARD:0.0071 sec. | BACKWARD: 0.0138 sec.
-----------------------------------



----------------------------------------------
FORWARD:0.0072 sec. | BACKWARD: 0.0138 sec.
-----------------------------------



----------------------------------------------
FORWARD:0.0073 sec. | BACKWARD: 0.0138 sec.
-----------------------------------



----------------------------------------------
FORWARD:0.0072 sec. | BACKWARD: 0.0136 sec.
-----------------------------------



----------------------------------------------
FORWARD:0.0072 sec. | BACKWARD: 0.0133 sec.
-----------------------------------



----------------------------------------------
FORWARD:0.0072 sec. | BACKWARD: 0.0137 sec.
-----------------------------------



----------------------------------------------
FORWARD:0.0072 sec. | BACKWARD: 0.0135 sec.
-----------------------------------



----------------------------------------------
FORWARD:0.0072 sec. | BACKWARD: 0.0149 sec.
-----------------------------------



----------------------------------------------
FORWARD:0.0072 sec. | BACKWARD: 0.0145 sec.
-----------------------------------



----------------------------------------------
FORWARD:0.0071 sec. | BACKWARD: 0.0146 sec.
-----------------------------------



----------------------------------------------
FORWARD:0.0071 sec. | BACKWARD: 0.0141 sec.
-----------------------------------



----------------------------------------------
FORWARD:0.0072 sec. | BACKWARD: 0.0149 sec.
-----------------------------------



----------------------------------------------
FORWARD:0.0072 sec. | BACKWARD: 0.0137 sec.
-----------------------------------



----------------------------------------------
FORWARD:0.0071 sec. | BACKWARD: 0.0137 sec.
-----------------------------------



----------------------------------------------
FORWARD:0.0071 sec. | BACKWARD: 0.0136 sec.
-----------------------------------



----------------------------------------------
FORWARD:0.0073 sec. | BACKWARD: 0.0137 sec.
-----------------------------------



----------------------------------------------
FORWARD:0.0072 sec. | BACKWARD: 0.0134 sec.
-----------------------------------



----------------------------------------------
FORWARD:0.0071 sec. | BACKWARD: 0.0137 sec.
-----------------------------------



----------------------------------------------
FORWARD:0.0071 sec. | BACKWARD: 0.0137 sec.
-----------------------------------



----------------------------------------------
FORWARD:0.0073 sec. | BACKWARD: 0.0137 sec.
-----------------------------------



----------------------------------------------
FORWARD:0.0072 sec. | BACKWARD: 0.0136 sec.
-----------------------------------



----------------------------------------------
FORWARD:0.0078 sec. | BACKWARD: 0.0144 sec.
-----------------------------------



----------------------------------------------
FORWARD:0.0071 sec. | BACKWARD: 0.0138 sec.
-----------------------------------



----------------------------------------------
FORWARD:0.0072 sec. | BACKWARD: 0.0148 sec.
-----------------------------------



----------------------------------------------
FORWARD:0.0072 sec. | BACKWARD: 0.0139 sec.
-----------------------------------



----------------------------------------------
FORWARD:0.0072 sec. | BACKWARD: 0.0139 sec.
-----------------------------------



----------------------------------------------
FORWARD:0.0071 sec. | BACKWARD: 0.0138 sec.
-----------------------------------



----------------------------------------------
FORWARD:0.0071 sec. | BACKWARD: 0.0144 sec.
-----------------------------------



----------------------------------------------
FORWARD:0.0071 sec. | BACKWARD: 0.0154 sec.
-----------------------------------



----------------------------------------------
FORWARD:0.0070 sec. | BACKWARD: 0.0147 sec.
-----------------------------------



----------------------------------------------
FORWARD:0.0075 sec. | BACKWARD: 0.0155 sec.
-----------------------------------



----------------------------------------------
FORWARD:0.0072 sec. | BACKWARD: 0.0145 sec.
-----------------------------------



----------------------------------------------
FORWARD:0.0071 sec. | BACKWARD: 0.0145 sec.
-----------------------------------



----------------------------------------------
FORWARD:0.0072 sec. | BACKWARD: 0.0143 sec.
-----------------------------------



----------------------------------------------
FORWARD:0.0071 sec. | BACKWARD: 0.0148 sec.
-----------------------------------



----------------------------------------------
FORWARD:0.0072 sec. | BACKWARD: 0.0144 sec.
-----------------------------------



----------------------------------------------
FORWARD:0.0071 sec. | BACKWARD: 0.0155 sec.
-----------------------------------



----------------------------------------------
FORWARD:0.0071 sec. | BACKWARD: 0.0148 sec.
-----------------------------------



----------------------------------------------
FORWARD:0.0070 sec. | BACKWARD: 0.0166 sec.
-----------------------------------



----------------------------------------------
FORWARD:0.0072 sec. | BACKWARD: 0.0152 sec.
-----------------------------------



----------------------------------------------
FORWARD:0.0072 sec. | BACKWARD: 0.0149 sec.
-----------------------------------



----------------------------------------------
FORWARD:0.0072 sec. | BACKWARD: 0.0144 sec.
-----------------------------------



----------------------------------------------
FORWARD:0.0071 sec. | BACKWARD: 0.0154 sec.
-----------------------------------



----------------------------------------------
FORWARD:0.0071 sec. | BACKWARD: 0.0151 sec.
-----------------------------------



----------------------------------------------
FORWARD:0.0071 sec. | BACKWARD: 0.0146 sec.
-----------------------------------



----------------------------------------------
FORWARD:0.0071 sec. | BACKWARD: 0.0151 sec.
-----------------------------------



----------------------------------------------
FORWARD:0.0071 sec. | BACKWARD: 0.0149 sec.
-----------------------------------



----------------------------------------------
FORWARD:0.0072 sec. | BACKWARD: 0.0144 sec.
-----------------------------------



----------------------------------------------
FORWARD:0.0073 sec. | BACKWARD: 0.0177 sec.
-----------------------------------



----------------------------------------------
FORWARD:0.0070 sec. | BACKWARD: 0.0160 sec.
-----------------------------------



----------------------------------------------
FORWARD:0.0072 sec. | BACKWARD: 0.0145 sec.
-----------------------------------



----------------------------------------------
FORWARD:0.0072 sec. | BACKWARD: 0.0144 sec.
-----------------------------------



----------------------------------------------
FORWARD:0.0071 sec. | BACKWARD: 0.0142 sec.
-----------------------------------



----------------------------------------------
FORWARD:0.0071 sec. | BACKWARD: 0.0140 sec.
-----------------------------------



----------------------------------------------
FORWARD:0.0072 sec. | BACKWARD: 0.0141 sec.
-----------------------------------



----------------------------------------------
FORWARD:0.0071 sec. | BACKWARD: 0.0145 sec.
-----------------------------------



----------------------------------------------
FORWARD:0.0072 sec. | BACKWARD: 0.0147 sec.
-----------------------------------



----------------------------------------------
FORWARD:0.0072 sec. | BACKWARD: 0.0158 sec.
-----------------------------------



----------------------------------------------
FORWARD:0.0072 sec. | BACKWARD: 0.0151 sec.
-----------------------------------



----------------------------------------------
FORWARD:0.0071 sec. | BACKWARD: 0.0152 sec.
-----------------------------------



----------------------------------------------
FORWARD:0.0072 sec. | BACKWARD: 0.0152 sec.
-----------------------------------



----------------------------------------------
FORWARD:0.0072 sec. | BACKWARD: 0.0149 sec.
-----------------------------------



----------------------------------------------
FORWARD:0.0072 sec. | BACKWARD: 0.0148 sec.
-----------------------------------



----------------------------------------------
FORWARD:0.0072 sec. | BACKWARD: 0.0151 sec.
-----------------------------------



----------------------------------------------
FORWARD:0.0072 sec. | BACKWARD: 0.0149 sec.
-----------------------------------



----------------------------------------------
FORWARD:0.0071 sec. | BACKWARD: 0.0146 sec.
-----------------------------------



----------------------------------------------
FORWARD:0.0074 sec. | BACKWARD: 0.0149 sec.
-----------------------------------



----------------------------------------------
FORWARD:0.0072 sec. | BACKWARD: 0.0141 sec.
-----------------------------------



----------------------------------------------
FORWARD:0.0071 sec. | BACKWARD: 0.0143 sec.
-----------------------------------



----------------------------------------------
FORWARD:0.0071 sec. | BACKWARD: 0.0160 sec.
-----------------------------------



----------------------------------------------
FORWARD:0.0071 sec. | BACKWARD: 0.0150 sec.
-----------------------------------



----------------------------------------------
FORWARD:0.0072 sec. | BACKWARD: 0.0149 sec.
-----------------------------------



----------------------------------------------
FORWARD:0.0071 sec. | BACKWARD: 0.0142 sec.
-----------------------------------



----------------------------------------------
FORWARD:0.0071 sec. | BACKWARD: 0.0149 sec.
-----------------------------------



----------------------------------------------
FORWARD:0.0070 sec. | BACKWARD: 0.0142 sec.
-----------------------------------



----------------------------------------------
FORWARD:0.0072 sec. | BACKWARD: 0.0142 sec.
-----------------------------------



----------------------------------------------
FORWARD:0.0071 sec. | BACKWARD: 0.0142 sec.
-----------------------------------



----------------------------------------------
FORWARD:0.0073 sec. | BACKWARD: 0.0143 sec.
-----------------------------------



----------------------------------------------
FORWARD:0.0071 sec. | BACKWARD: 0.0142 sec.
-----------------------------------



----------------------------------------------
FORWARD:0.0072 sec. | BACKWARD: 0.0153 sec.
-----------------------------------



----------------------------------------------
FORWARD:0.0071 sec. | BACKWARD: 0.0148 sec.
-----------------------------------



----------------------------------------------
FORWARD:0.0073 sec. | BACKWARD: 0.0154 sec.
-----------------------------------



----------------------------------------------
FORWARD:0.0072 sec. | BACKWARD: 0.0147 sec.
-----------------------------------



----------------------------------------------
FORWARD:0.0072 sec. | BACKWARD: 0.0156 sec.
-----------------------------------



----------------------------------------------
FORWARD:0.0072 sec. | BACKWARD: 0.0150 sec.
-----------------------------------



----------------------------------------------
FORWARD:0.0072 sec. | BACKWARD: 0.0152 sec.
-----------------------------------



----------------------------------------------
FORWARD:0.0071 sec. | BACKWARD: 0.0148 sec.
-----------------------------------



----------------------------------------------
FORWARD:0.0071 sec. | BACKWARD: 0.0151 sec.
-----------------------------------



----------------------------------------------
FORWARD:0.0071 sec. | BACKWARD: 0.0148 sec.
-----------------------------------



----------------------------------------------
FORWARD:0.0072 sec. | BACKWARD: 0.0144 sec.
-----------------------------------



----------------------------------------------
FORWARD:0.0070 sec. | BACKWARD: 0.0149 sec.
-----------------------------------



----------------------------------------------
FORWARD:0.0071 sec. | BACKWARD: 0.0150 sec.
-----------------------------------



----------------------------------------------
FORWARD:0.0071 sec. | BACKWARD: 0.0143 sec.
-----------------------------------



----------------------------------------------
FORWARD:0.0071 sec. | BACKWARD: 0.0142 sec.
-----------------------------------



----------------------------------------------
FORWARD:0.0071 sec. | BACKWARD: 0.0139 sec.
-----------------------------------



----------------------------------------------
FORWARD:0.0072 sec. | BACKWARD: 0.0143 sec.
-----------------------------------



----------------------------------------------
FORWARD:0.0072 sec. | BACKWARD: 0.0142 sec.
-----------------------------------



----------------------------------------------
FORWARD:0.0071 sec. | BACKWARD: 0.0150 sec.
-----------------------------------



----------------------------------------------
FORWARD:0.0070 sec. | BACKWARD: 0.0147 sec.
-----------------------------------



----------------------------------------------
FORWARD:0.0072 sec. | BACKWARD: 0.0149 sec.
-----------------------------------



----------------------------------------------
FORWARD:0.0071 sec. | BACKWARD: 0.0146 sec.
-----------------------------------



----------------------------------------------
FORWARD:0.0072 sec. | BACKWARD: 0.0141 sec.
-----------------------------------



----------------------------------------------
FORWARD:0.0077 sec. | BACKWARD: 0.0147 sec.
-----------------------------------



----------------------------------------------
FORWARD:0.0072 sec. | BACKWARD: 0.0147 sec.
-----------------------------------



----------------------------------------------
FORWARD:0.0073 sec. | BACKWARD: 0.0142 sec.
-----------------------------------



----------------------------------------------
FORWARD:0.0072 sec. | BACKWARD: 0.0142 sec.
-----------------------------------



----------------------------------------------
FORWARD:0.0074 sec. | BACKWARD: 0.0143 sec.
-----------------------------------



----------------------------------------------
FORWARD:0.0073 sec. | BACKWARD: 0.0143 sec.
-----------------------------------



----------------------------------------------
FORWARD:0.0074 sec. | BACKWARD: 0.0146 sec.
-----------------------------------



----------------------------------------------
FORWARD:0.0074 sec. | BACKWARD: 0.0144 sec.
-----------------------------------



----------------------------------------------
FORWARD:0.0073 sec. | BACKWARD: 0.0157 sec.
-----------------------------------



----------------------------------------------
FORWARD:0.0078 sec. | BACKWARD: 0.0147 sec.
-----------------------------------



----------------------------------------------
FORWARD:0.0073 sec. | BACKWARD: 0.0145 sec.
-----------------------------------



----------------------------------------------
FORWARD:0.0073 sec. | BACKWARD: 0.0142 sec.
-----------------------------------



----------------------------------------------
FORWARD:0.0074 sec. | BACKWARD: 0.0143 sec.
-----------------------------------



----------------------------------------------
FORWARD:0.0075 sec. | BACKWARD: 0.0143 sec.
-----------------------------------



----------------------------------------------
FORWARD:0.0074 sec. | BACKWARD: 0.0145 sec.
-----------------------------------



----------------------------------------------
FORWARD:0.0074 sec. | BACKWARD: 0.0140 sec.
-----------------------------------



----------------------------------------------
FORWARD:0.0074 sec. | BACKWARD: 0.0145 sec.
-----------------------------------



----------------------------------------------
FORWARD:0.0073 sec. | BACKWARD: 0.0142 sec.
-----------------------------------



----------------------------------------------
FORWARD:0.0076 sec. | BACKWARD: 0.0159 sec.
-----------------------------------



----------------------------------------------
FORWARD:0.0072 sec. | BACKWARD: 0.0144 sec.
-----------------------------------



----------------------------------------------
FORWARD:0.0072 sec. | BACKWARD: 0.0153 sec.
-----------------------------------



----------------------------------------------
FORWARD:0.0072 sec. | BACKWARD: 0.0142 sec.
-----------------------------------



----------------------------------------------
FORWARD:0.0071 sec. | BACKWARD: 0.0145 sec.
-----------------------------------

