|BATCH LOSS: 0.38307 | DEPTH: 14 | TPS:   129349 tokens/sec. | LR: 0.000878 | ITERS: 159416 / 504326 | EPOCHS: 0.63 | COMP: 31.61% | RATE: 1.97 it./s | SPD: 506.6583 ms/it.| ITND: 21641 | TTND: (0, 1, 57, 31) | ITNE: 17096 | TTNE: (0, 1, 32, 50) | ERT: (1, 7, 13, 8) | ET: (0, 15, 0, 31)                                                                                                                                                                                                                     
val>|ITERS: 250 / 250 | COMP: 100.00% | RATE: 3.00 it./s | SPD: 0.3332 s/it.| ERT: (0, 0, 0, 0) | ET: (0, 0, 3, 8)                                                                                                                                                                                                                                                                                                                                                                                                  

vocab_size: 77

Loading train.bin

took (0, 0, 0, 0)

Loading val.bin

took (0, 0, 0, 0)

max_iters: 504326

epoch_iters: 252163

deepening_intervals: [  5698  11966  18861  26446  34789  43966  54061  65166  77381  90818
 105599 121858 139743 159416 181057 204862 231047 259851 291535 326388
 364726 406898 453287]

Compiling the model... (takes a ~minute)

Evaluating initial loss

INITIAL LOSS: train loss 10 | val loss 10

------------------------------------------------------------------------------------------------------------------------

Deepening the model from 1 to 2 blocks

Checkpointing the model first

checkpoint : iter:       5698 | epoch: 0.02 | depth: 1 | train loss: 2.1607825756 | val loss: 2.1624555588

Adding the new block, ddp = False, compile = True

Re-Compiling the model... (takes a ~minute)

Model deepened to 2 blocks

------------------------------------------------------------------------------------------------------------------------

------------------------------------------------------------------------------------------------------------------------

Deepening the model from 2 to 3 blocks

Checkpointing the model first

checkpoint : iter:      11966 | epoch: 0.05 | depth: 2 | train loss: 0.6525992155 | val loss: 0.6500030756

Adding the new block, ddp = False, compile = True

Re-Compiling the model... (takes a ~minute)

Model deepened to 3 blocks

------------------------------------------------------------------------------------------------------------------------

------------------------------------------------------------------------------------------------------------------------

Deepening the model from 3 to 4 blocks

Checkpointing the model first

checkpoint : iter:      18861 | epoch: 0.07 | depth: 3 | train loss: 0.4744517207 | val loss: 0.4757593274

Adding the new block, ddp = False, compile = True

Re-Compiling the model... (takes a ~minute)

Model deepened to 4 blocks

------------------------------------------------------------------------------------------------------------------------

Evaluating and checkpointing ...

checkpoint : iter:      25215 | epoch: 0.10 | depth: 4 | train loss: 0.4443391562 | val loss: 0.4428957403

------------------------------------------------------------------------------------------------------------------------

Deepening the model from 4 to 5 blocks

Checkpointing the model first

checkpoint : iter:      26446 | epoch: 0.10 | depth: 4 | train loss: 0.4374060035 | val loss: 0.4356413484

Adding the new block, ddp = False, compile = True

Re-Compiling the model... (takes a ~minute)

Model deepened to 5 blocks

------------------------------------------------------------------------------------------------------------------------

------------------------------------------------------------------------------------------------------------------------

Deepening the model from 5 to 6 blocks

Checkpointing the model first

checkpoint : iter:      34789 | epoch: 0.14 | depth: 5 | train loss: 0.4163892865 | val loss: 0.4173929989

Adding the new block, ddp = False, compile = True

Re-Compiling the model... (takes a ~minute)

Model deepened to 6 blocks

------------------------------------------------------------------------------------------------------------------------

------------------------------------------------------------------------------------------------------------------------

Deepening the model from 6 to 7 blocks

Checkpointing the model first

checkpoint : iter:      43966 | epoch: 0.17 | depth: 6 | train loss: 0.4111500680 | val loss: 0.4112757444

Adding the new block, ddp = False, compile = True

Re-Compiling the model... (takes a ~minute)

Model deepened to 7 blocks

------------------------------------------------------------------------------------------------------------------------

Evaluating and checkpointing ...

checkpoint : iter:      50431 | epoch: 0.20 | depth: 7 | train loss: 0.4096020460 | val loss: 0.4063313007

------------------------------------------------------------------------------------------------------------------------

Deepening the model from 7 to 8 blocks

Checkpointing the model first

checkpoint : iter:      54061 | epoch: 0.21 | depth: 7 | train loss: 0.4046412706 | val loss: 0.4018544555

Adding the new block, ddp = False, compile = True

Re-Compiling the model... (takes a ~minute)

Model deepened to 8 blocks

------------------------------------------------------------------------------------------------------------------------

------------------------------------------------------------------------------------------------------------------------

Deepening the model from 8 to 9 blocks

Checkpointing the model first

checkpoint : iter:      65166 | epoch: 0.26 | depth: 8 | train loss: 0.3961672187 | val loss: 0.3973957300

Adding the new block, ddp = False, compile = True

Re-Compiling the model... (takes a ~minute)

Model deepened to 9 blocks

------------------------------------------------------------------------------------------------------------------------

Evaluating and checkpointing ...

checkpoint : iter:      75647 | epoch: 0.30 | depth: 9 | train loss: 0.3953457773 | val loss: 0.3933967352

------------------------------------------------------------------------------------------------------------------------

Deepening the model from 9 to 10 blocks

Checkpointing the model first

checkpoint : iter:      77381 | epoch: 0.31 | depth: 9 | train loss: 0.3945731819 | val loss: 0.3943177462

Adding the new block, ddp = False, compile = True

Re-Compiling the model... (takes a ~minute)

Model deepened to 10 blocks

------------------------------------------------------------------------------------------------------------------------

------------------------------------------------------------------------------------------------------------------------

Deepening the model from 10 to 11 blocks

Checkpointing the model first

checkpoint : iter:      90818 | epoch: 0.36 | depth: 10 | train loss: 0.3915248215 | val loss: 0.3914194405

Adding the new block, ddp = False, compile = True

Re-Compiling the model... (takes a ~minute)

Model deepened to 11 blocks

------------------------------------------------------------------------------------------------------------------------

Evaluating and checkpointing ...

checkpoint : iter:     100863 | epoch: 0.40 | depth: 11 | train loss: 0.3913755417 | val loss: 0.3897734284

------------------------------------------------------------------------------------------------------------------------

Deepening the model from 11 to 12 blocks

Checkpointing the model first

checkpoint : iter:     105599 | epoch: 0.42 | depth: 11 | train loss: 0.3919858336 | val loss: 0.3935719728

Adding the new block, ddp = False, compile = True

Re-Compiling the model... (takes a ~minute)

Model deepened to 12 blocks

------------------------------------------------------------------------------------------------------------------------

------------------------------------------------------------------------------------------------------------------------

Deepening the model from 12 to 13 blocks

Checkpointing the model first

checkpoint : iter:     121858 | epoch: 0.48 | depth: 12 | train loss: 0.3893614113 | val loss: 0.3865280747

Adding the new block, ddp = False, compile = True

Re-Compiling the model... (takes a ~minute)

Model deepened to 13 blocks

------------------------------------------------------------------------------------------------------------------------

Evaluating and checkpointing ...

checkpoint : iter:     126079 | epoch: 0.50 | depth: 13 | train loss: 0.3870885074 | val loss: 0.3886938691

------------------------------------------------------------------------------------------------------------------------

Deepening the model from 13 to 14 blocks

Checkpointing the model first

checkpoint : iter:     139743 | epoch: 0.55 | depth: 13 | train loss: 0.3869624734 | val loss: 0.3874505162

Adding the new block, ddp = False, compile = True

Re-Compiling the model... (takes a ~minute)

Model deepened to 14 blocks

------------------------------------------------------------------------------------------------------------------------

Evaluating and checkpointing ...

checkpoint : iter:     151295 | epoch: 0.60 | depth: 14 | train loss: 0.3856903017 | val loss: 0.3865689337

------------------------------------------------------------------------------------------------------------------------

Deepening the model from 14 to 15 blocks

Checkpointing the model first

checkpoint : iter:     159416 | epoch: 0.63 | depth: 14 | train loss: 0.3855737746 | val loss: 0.3847680092

Adding the new block, ddp = False, compile = True

Re-Compiling the model... (takes a ~minute)

Model deepened to 15 blocks

------------------------------------------------------------------------------------------------------------------------
