|BATCH LOSS: 0.36037 | DEPTH: 18 | TPS:   155659 tokens/sec. | LR: 0.000652 | ITERS: 244290 / 504326 | EPOCHS: 0.97 | COMP: 48.44% | RATE: 2.38 it./s | SPD: 421.0203 ms/it.| ITND: 47245 | TTND: (0, 5, 8, 32) | ITNE: 7870 | TTNE: (0, 0, 51, 23) | ERT: (1, 4, 18, 14) | ET: (1, 3, 36, 29)                                                                                                                                                                                                                      
val>|ITERS: 250 / 250 | COMP: 100.00% | RATE: 3.33 it./s | SPD: 0.3002 s/it.| ERT: (0, 0, 0, 0) | ET: (0, 0, 2, 59)                                                                                                                                                                                                                                                                                                                                                                                                 

vocab_size: 77

Loading train.bin

took (0, 0, 0, 0)

Loading val.bin

took (0, 0, 0, 0)

max_iters: 504326

epoch_iters: 252163

deepening_intervals: [  5698  11966  18861  26446  34789  43966  54061  65166  77381  90818
 105599 121858 139743 159416 181057 204862 231047 259851 291535 326388
 364726 406898 453287]

Compiling the model... (takes a ~minute)

Evaluating initial loss

INITIAL LOSS: train loss 10 | val loss 10

------------------------------------------------------------------------------------------------------------------------

Deepening the model from 1 to 2 blocks

Checkpointing the model first

checkpoint : iter:       5698 | epoch: 0.02 | depth: 1 | train loss: 2.1609601974 | val loss: 2.1626570225

Adding the new block, ddp = False, compile = True

Re-Compiling the model... (takes a ~minute)

Model deepened to 2 blocks

------------------------------------------------------------------------------------------------------------------------

------------------------------------------------------------------------------------------------------------------------

Deepening the model from 2 to 3 blocks

Checkpointing the model first

checkpoint : iter:      11966 | epoch: 0.05 | depth: 2 | train loss: 0.6833711267 | val loss: 0.6812140346

Adding the new block, ddp = False, compile = True

Re-Compiling the model... (takes a ~minute)

Model deepened to 3 blocks

------------------------------------------------------------------------------------------------------------------------

------------------------------------------------------------------------------------------------------------------------

Deepening the model from 3 to 4 blocks

Checkpointing the model first

checkpoint : iter:      18861 | epoch: 0.07 | depth: 3 | train loss: 0.4667360783 | val loss: 0.4680585861

Adding the new block, ddp = False, compile = True

Re-Compiling the model... (takes a ~minute)

Model deepened to 4 blocks

------------------------------------------------------------------------------------------------------------------------

Evaluating and checkpointing ...

checkpoint : iter:      25215 | epoch: 0.10 | depth: 4 | train loss: 0.4408605993 | val loss: 0.4393673241

------------------------------------------------------------------------------------------------------------------------

Deepening the model from 4 to 5 blocks

Checkpointing the model first

checkpoint : iter:      26446 | epoch: 0.10 | depth: 4 | train loss: 0.4362131357 | val loss: 0.4346065819

Adding the new block, ddp = False, compile = True

Re-Compiling the model... (takes a ~minute)

Model deepened to 5 blocks

------------------------------------------------------------------------------------------------------------------------

------------------------------------------------------------------------------------------------------------------------

Deepening the model from 5 to 6 blocks

Checkpointing the model first

checkpoint : iter:      34789 | epoch: 0.14 | depth: 5 | train loss: 0.4163523912 | val loss: 0.4176986814

Adding the new block, ddp = False, compile = True

Re-Compiling the model... (takes a ~minute)

Model deepened to 6 blocks

------------------------------------------------------------------------------------------------------------------------

------------------------------------------------------------------------------------------------------------------------

Deepening the model from 6 to 7 blocks

Checkpointing the model first

checkpoint : iter:      43966 | epoch: 0.17 | depth: 6 | train loss: 0.4091558754 | val loss: 0.4092226326

Adding the new block, ddp = False, compile = True

Re-Compiling the model... (takes a ~minute)

Model deepened to 7 blocks

------------------------------------------------------------------------------------------------------------------------

Evaluating and checkpointing ...

checkpoint : iter:      50431 | epoch: 0.20 | depth: 7 | train loss: 0.4063310921 | val loss: 0.4030237198

------------------------------------------------------------------------------------------------------------------------

Deepening the model from 7 to 8 blocks

Checkpointing the model first

checkpoint : iter:      54061 | epoch: 0.21 | depth: 7 | train loss: 0.4024081826 | val loss: 0.3996662498

Adding the new block, ddp = False, compile = True

Re-Compiling the model... (takes a ~minute)

Model deepened to 8 blocks

------------------------------------------------------------------------------------------------------------------------

------------------------------------------------------------------------------------------------------------------------

Deepening the model from 8 to 9 blocks

Checkpointing the model first

checkpoint : iter:      65166 | epoch: 0.26 | depth: 8 | train loss: 0.3950584531 | val loss: 0.3963441849

Adding the new block, ddp = False, compile = True

Re-Compiling the model... (takes a ~minute)

Model deepened to 9 blocks

------------------------------------------------------------------------------------------------------------------------

Evaluating and checkpointing ...

checkpoint : iter:      75647 | epoch: 0.30 | depth: 9 | train loss: 0.3937965035 | val loss: 0.3917165995

------------------------------------------------------------------------------------------------------------------------

Deepening the model from 9 to 10 blocks

Checkpointing the model first

checkpoint : iter:      77381 | epoch: 0.31 | depth: 9 | train loss: 0.3936068118 | val loss: 0.3932402134

Adding the new block, ddp = False, compile = True

Re-Compiling the model... (takes a ~minute)

Model deepened to 10 blocks

------------------------------------------------------------------------------------------------------------------------

------------------------------------------------------------------------------------------------------------------------

Deepening the model from 10 to 11 blocks

Checkpointing the model first

checkpoint : iter:      90818 | epoch: 0.36 | depth: 10 | train loss: 0.3894743025 | val loss: 0.3893480301

Adding the new block, ddp = False, compile = True

Re-Compiling the model... (takes a ~minute)

Model deepened to 11 blocks

------------------------------------------------------------------------------------------------------------------------

Evaluating and checkpointing ...

checkpoint : iter:     100863 | epoch: 0.40 | depth: 11 | train loss: 0.3902296424 | val loss: 0.3886233866

------------------------------------------------------------------------------------------------------------------------

Deepening the model from 11 to 12 blocks

Checkpointing the model first

checkpoint : iter:     105599 | epoch: 0.42 | depth: 11 | train loss: 0.3902382851 | val loss: 0.3914298713

Adding the new block, ddp = False, compile = True

Re-Compiling the model... (takes a ~minute)

Model deepened to 12 blocks

------------------------------------------------------------------------------------------------------------------------

------------------------------------------------------------------------------------------------------------------------

Deepening the model from 12 to 13 blocks

Checkpointing the model first

checkpoint : iter:     121858 | epoch: 0.48 | depth: 12 | train loss: 0.3891255856 | val loss: 0.3861138821

Adding the new block, ddp = False, compile = True

Re-Compiling the model... (takes a ~minute)

Model deepened to 13 blocks

------------------------------------------------------------------------------------------------------------------------

Evaluating and checkpointing ...

checkpoint : iter:     126079 | epoch: 0.50 | depth: 13 | train loss: 0.3860460520 | val loss: 0.3877440691

------------------------------------------------------------------------------------------------------------------------

Deepening the model from 13 to 14 blocks

Checkpointing the model first

checkpoint : iter:     139743 | epoch: 0.55 | depth: 13 | train loss: 0.3867211342 | val loss: 0.3871964216

Adding the new block, ddp = False, compile = True

Re-Compiling the model... (takes a ~minute)

Model deepened to 14 blocks

------------------------------------------------------------------------------------------------------------------------

Evaluating and checkpointing ...

checkpoint : iter:     151295 | epoch: 0.60 | depth: 14 | train loss: 0.3861004710 | val loss: 0.3867793381

------------------------------------------------------------------------------------------------------------------------

Deepening the model from 14 to 15 blocks

Checkpointing the model first

checkpoint : iter:     159416 | epoch: 0.63 | depth: 14 | train loss: 0.3859088421 | val loss: 0.3853883147

Adding the new block, ddp = False, compile = True

Re-Compiling the model... (takes a ~minute)

Model deepened to 15 blocks

------------------------------------------------------------------------------------------------------------------------

Evaluating and checkpointing ...

checkpoint : iter:     176511 | epoch: 0.70 | depth: 15 | train loss: 0.3861035109 | val loss: 0.3851645589

------------------------------------------------------------------------------------------------------------------------

Deepening the model from 15 to 16 blocks

Checkpointing the model first

checkpoint : iter:     181057 | epoch: 0.72 | depth: 15 | train loss: 0.3865733445 | val loss: 0.3827289939

Adding the new block, ddp = False, compile = True

Re-Compiling the model... (takes a ~minute)

Model deepened to 16 blocks

------------------------------------------------------------------------------------------------------------------------

Evaluating and checkpointing ...

checkpoint : iter:     201727 | epoch: 0.80 | depth: 16 | train loss: 0.3842828572 | val loss: 0.3851953149

------------------------------------------------------------------------------------------------------------------------

Deepening the model from 16 to 17 blocks

Checkpointing the model first

checkpoint : iter:     204862 | epoch: 0.81 | depth: 16 | train loss: 0.3834264576 | val loss: 0.3835892677

Adding the new block, ddp = False, compile = True

Re-Compiling the model... (takes a ~minute)

Model deepened to 17 blocks

------------------------------------------------------------------------------------------------------------------------

Evaluating and checkpointing ...

checkpoint : iter:     226943 | epoch: 0.90 | depth: 17 | train loss: 0.3817248046 | val loss: 0.3822276592

------------------------------------------------------------------------------------------------------------------------

Deepening the model from 17 to 18 blocks

Checkpointing the model first

checkpoint : iter:     231047 | epoch: 0.92 | depth: 17 | train loss: 0.3826230466 | val loss: 0.3816713691

Adding the new block, ddp = False, compile = True

Re-Compiling the model... (takes a ~minute)

Model deepened to 18 blocks

------------------------------------------------------------------------------------------------------------------------
