|BATCH_LOSS: 0.00311 | TPS:   663740 tokens/sec. | ITERS: 9924 / 9924 | EPOCHS: 1.70 | COMP: 100.00% | RATE: 2.03 it./s | SPD: 493.6869 ms/it.| ERT: (0, 0, 0, 0) | ET: (0, 1, 50, 41)                  
val>|ITERS: 100 / 100 | COMP: 100.00% | RATE: 2.33 it./s | SPD: 0.4300 s/it.| ERT: (0, 0, 0, 0) | ET: (0, 0, 1, 26)                                                                                     

vocab_size: 77

Loading train.bin

took (0, 0, 0, 1)

Loading val.bin

took (0, 0, 0, 0)

Compiling the model... (takes a ~minute)

Evaluating initial loss

INITIAL LOSS: train loss 4.4886112213 | val loss 4.4878253937

INIT ITER TIME: 1262.4891262054443

INIT ITER TIME: 17.286455154418945

INIT ITER TIME: 0.5197975635528564

INIT ITER TIME: 0.4936959743499756

INIT ITER TIME: 0.4938998222351074

INIT ITER TIME: 0.49350643157958984

INIT ITER TIME: 0.4944183826446533

INIT ITER TIME: 0.4938216209411621

INIT ITER TIME: 0.49334001541137695

INIT ITER TIME: 0.4954335689544678

INIT ITER TIME: 0.4932975769042969

INIT ITER TIME: 0.4934237003326416

INIT ITER TIME: 0.4977748394012451

INIT ITER TIME: 0.49373412132263184

INIT ITER TIME: 0.4931056499481201

INIT ITER TIME: 0.49362874031066895

INIT ITER TIME: 0.49359917640686035

INIT ITER TIME: 0.4931318759918213

INIT ITER TIME: 0.49338746070861816

INIT ITER TIME: 0.4940187931060791

checkpoint_2025-01-05_22-01 : iter       2000 | epoch 0.34 | train loss 1.7327609062 | val loss 1.7366148233


checkpoint_2025-01-05_22-19 : iter       4000 | epoch 0.69 | train loss 0.7192142606 | val loss 0.7197544575


checkpoint_2025-01-05_22-37 : iter       6000 | epoch 1.03 | train loss 1.4267688990 | val loss 1.4038336277


checkpoint_2025-01-05_22-55 : iter       8000 | epoch 1.37 | train loss 1.8747742176 | val loss 1.8930075169

