|BATCH_LOSS: 0.36415 | TPS:   369454 tokens/sec. | ITERS: 231246 / 263388 | EPOCHS: 1.76 | COMP: 87.80% | LR: 0.0001 it./s | SPD: 709.5432 ms/it.| ERT: (0, 6, 51, 47) | ET: (2, 9, 32, 18)             
val>|ITERS: 250 / 250 | COMP: 100.00% | RATE: 1.69 it./s | SPD: 0.5915 s/it.| ERT: (0, 0, 0, 0) | ET: (0, 0, 4, 55)                                                                                     

vocab_size: 77

Loading train.bin

took (0, 0, 0, 0)

Loading val.bin

took (0, 0, 0, 0)

Compiling the model... (takes a ~minute)

Evaluating initial loss

INITIAL LOSS: train loss 4.489980697631836 | val loss 4.4925336837768555

INIT ITER TIME: 505.6732039451599

INIT ITER TIME: 0.8381304740905762

INIT ITER TIME: 0.8260166645050049

INIT ITER TIME: 0.8436367511749268

INIT ITER TIME: 0.8333263397216797

INIT ITER TIME: 1.0568652153015137

INIT ITER TIME: 0.8100988864898682

INIT ITER TIME: 0.8486707210540771

INIT ITER TIME: 0.8711841106414795

INIT ITER TIME: 1.017024040222168

INIT ITER TIME: 0.8138160705566406

INIT ITER TIME: 0.8222522735595703

INIT ITER TIME: 0.8222877979278564

INIT ITER TIME: 0.8443260192871094

INIT ITER TIME: 0.9328024387359619

INIT ITER TIME: 0.7990448474884033

INIT ITER TIME: 0.8560328483581543

INIT ITER TIME: 0.8115711212158203

INIT ITER TIME: 0.8094439506530762

INIT ITER TIME: 0.799445390701294

INIT ITER TIME: 0.8540618419647217


Evaluation and checkpointing ...



checkpoint_2025-01-25_07-17 : iter       6584 | epoch 0.05 | train loss 0.4473562837 | val loss 0.4444835186



Evaluation and checkpointing ...



checkpoint_2025-01-25_09-00 : iter      13168 | epoch 0.10 | train loss 0.4059993625 | val loss 0.4075457752



Evaluation and checkpointing ...



checkpoint_2025-01-25_10-41 : iter      19752 | epoch 0.15 | train loss 0.3942385018 | val loss 0.3921630383



Evaluation and checkpointing ...



checkpoint_2025-01-25_12-22 : iter      26336 | epoch 0.20 | train loss 0.3868565857 | val loss 0.3909640312



Evaluation and checkpointing ...



checkpoint_2025-01-25_14-03 : iter      32920 | epoch 0.25 | train loss 0.3833776116 | val loss 0.3858198524



Evaluation and checkpointing ...



checkpoint_2025-01-25_15-44 : iter      39504 | epoch 0.30 | train loss 0.3855964541 | val loss 0.3814441264



Evaluation and checkpointing ...



checkpoint_2025-01-25_17-25 : iter      46088 | epoch 0.35 | train loss 0.3804652393 | val loss 0.3811466098



Evaluation and checkpointing ...



checkpoint_2025-01-25_19-07 : iter      52672 | epoch 0.40 | train loss 0.3819826841 | val loss 0.3827835619



Evaluation and checkpointing ...



checkpoint_2025-01-25_20-48 : iter      59256 | epoch 0.45 | train loss 0.3777937591 | val loss 0.3808682263



Evaluation and checkpointing ...



checkpoint_2025-01-25_22-26 : iter      65840 | epoch 0.50 | train loss 0.3785871267 | val loss 0.3804476857



Evaluation and checkpointing ...



checkpoint_2025-01-25_23-51 : iter      72424 | epoch 0.55 | train loss 0.3783437610 | val loss 0.3782684207



Evaluation and checkpointing ...



checkpoint_2025-01-26_01-15 : iter      79008 | epoch 0.60 | train loss 0.3772674501 | val loss 0.3794139624



Evaluation and checkpointing ...



checkpoint_2025-01-26_02-39 : iter      85592 | epoch 0.65 | train loss 0.3741405308 | val loss 0.3776080906



Evaluation and checkpointing ...



checkpoint_2025-01-26_04-03 : iter      92176 | epoch 0.70 | train loss 0.3756546676 | val loss 0.3799985051



Evaluation and checkpointing ...



checkpoint_2025-01-26_05-27 : iter      98760 | epoch 0.75 | train loss 0.3726791441 | val loss 0.3785868883



Evaluation and checkpointing ...



checkpoint_2025-01-26_06-51 : iter     105344 | epoch 0.80 | train loss 0.3769489825 | val loss 0.3781005740



Evaluation and checkpointing ...



checkpoint_2025-01-26_08-15 : iter     111928 | epoch 0.85 | train loss 0.3731460869 | val loss 0.3778171241



Evaluation and checkpointing ...



checkpoint_2025-01-26_09-39 : iter     118512 | epoch 0.90 | train loss 0.3799607754 | val loss 0.3768065572



Evaluation and checkpointing ...



checkpoint_2025-01-26_11-03 : iter     125096 | epoch 0.95 | train loss 0.3742231131 | val loss 0.3779146671



Evaluation and checkpointing ...



checkpoint_2025-01-26_12-28 : iter     131680 | epoch 1.00 | train loss 0.3733993173 | val loss 0.3770589530



Evaluation and checkpointing ...



checkpoint_2025-01-26_13-52 : iter     138264 | epoch 1.05 | train loss 0.3771484196 | val loss 0.3773558438



Evaluation and checkpointing ...



checkpoint_2025-01-26_15-16 : iter     144848 | epoch 1.10 | train loss 0.3753582835 | val loss 0.3751219511



Evaluation and checkpointing ...



checkpoint_2025-01-26_16-40 : iter     151432 | epoch 1.15 | train loss 0.3691784143 | val loss 0.3757804930



Evaluation and checkpointing ...



checkpoint_2025-01-26_18-04 : iter     158016 | epoch 1.20 | train loss 0.3739100993 | val loss 0.3747487366



Evaluation and checkpointing ...



checkpoint_2025-01-26_19-48 : iter     164600 | epoch 1.25 | train loss 0.3739700913 | val loss 0.3755952418



Evaluation and checkpointing ...



checkpoint_2025-01-26_22-02 : iter     171184 | epoch 1.30 | train loss 0.3733599782 | val loss 0.3760468662



Evaluation and checkpointing ...



checkpoint_2025-01-27_00-07 : iter     177768 | epoch 1.35 | train loss 0.3726445436 | val loss 0.3748162985



Evaluation and checkpointing ...



checkpoint_2025-01-27_01-31 : iter     184352 | epoch 1.40 | train loss 0.3721820116 | val loss 0.3735366166



Evaluation and checkpointing ...



checkpoint_2025-01-27_02-55 : iter     190936 | epoch 1.45 | train loss 0.3729938567 | val loss 0.3739018440



Evaluation and checkpointing ...



checkpoint_2025-01-27_05-15 : iter     197520 | epoch 1.50 | train loss 0.3703464270 | val loss 0.3730586171



Evaluation and checkpointing ...



checkpoint_2025-01-27_07-57 : iter     204104 | epoch 1.55 | train loss 0.3692133427 | val loss 0.3735145330



Evaluation and checkpointing ...



checkpoint_2025-01-27_10-31 : iter     210688 | epoch 1.60 | train loss 0.3705058694 | val loss 0.3733403385



Evaluation and checkpointing ...



checkpoint_2025-01-27_11-55 : iter     217272 | epoch 1.65 | train loss 0.3720688224 | val loss 0.3725380301



Evaluation and checkpointing ...



checkpoint_2025-01-27_13-20 : iter     223856 | epoch 1.70 | train loss 0.3705412745 | val loss 0.3707759082



Evaluation and checkpointing ...



checkpoint_2025-01-27_14-44 : iter     230440 | epoch 1.75 | train loss 0.3681865931 | val loss 0.3716948330

