|ITERS: 222562 / 222562 | COMP: 100.00% | RATE: 1.20 it./s | SPD: 0.8317 s/it.| ERT: (0, 0, 0, 0)                                                                                                       
val>|ITERS: 500 / 500 | COMP: 100.00% | RATE: 3.76 it./s | SPD: 0.2660 s/it.| ERT: (0, 0, 0, 0) |                                                                                                       

Importing ...:
	--> took (0, 0, 0, 1)

Starting the netpune logging:
	--> neptune init
	--> saving the runid

Set the random seed for reproducibility:

Set the device to GPU if available, otherwise CPU:
	--> device set to cuda:2.

Setting arch-hyperparams for the GPT model:

Loading the training and evaluation data:
	--> train.bin
	--> took (0, 0, 0, 1)
	--> val.bin
	--> took (0, 0, 0, 0)

Setting train-hyperparams and util variables:
	--> max_iters = 222562

Defining the model and utilities:

The model:
	--> def get random batch of data
	--> def estimate loss
	--> def human readable

Loading the meta object:
	--> loading
	--> setting vocab size

Creating the model:

The model has 71M trainable parameters:

Preparing for the training loop:
	--> initialiazing the optimizer
	--> initializing the learing rate scheduler
	--> computing the initial loss
	--> saving the last loss for early stopping
	--> neptune logging the initial loss

Training loop:

==========================================================================================:

2024-11-01_17-25 : iter     0 <=> epoch 0 | train loss 4.1239 | val loss 4.1236:
	--> training ...
	--> checkpointing ...

2024-11-01_18-39 : iter       5000 <=> epoch 0.02246556094638398 | train loss 0.7188452482 | val loss 0.7209365368:
	--> training ...
	--> checkpointing ...

2024-11-01_19-53 : iter      10000 <=> epoch 0.04493112189276796 | train loss 0.7027172446 | val loss 0.7023061514:
	--> training ...
	--> checkpointing ...

2024-11-01_21-07 : iter      15000 <=> epoch 0.06739668283915194 | train loss 0.6849995255 | val loss 0.6859077215:
	--> training ...
	--> checkpointing ...

2024-11-01_22-21 : iter      20000 <=> epoch 0.08986224378553592 | train loss 0.6743421555 | val loss 0.6750304103:
	--> training ...
	--> checkpointing ...

2024-11-01_23-35 : iter      25000 <=> epoch 0.11232780473191989 | train loss 0.6679469943 | val loss 0.6686539650:
	--> training ...
	--> checkpointing ...

2024-11-02_00-49 : iter      30000 <=> epoch 0.13479336567830388 | train loss 0.6628612280 | val loss 0.6650068164:
	--> training ...
	--> checkpointing ...

2024-11-02_02-03 : iter      35000 <=> epoch 0.15725892662468785 | train loss 0.6610029936 | val loss 0.6613028646:
	--> training ...
	--> checkpointing ...

2024-11-02_03-17 : iter      40000 <=> epoch 0.17972448757107184 | train loss 0.6577782035 | val loss 0.6578046083:
	--> training ...
	--> checkpointing ...

2024-11-02_04-30 : iter      45000 <=> epoch 0.2021900485174558 | train loss 0.6558601260 | val loss 0.6562932134:
	--> training ...
	--> checkpointing ...

2024-11-02_05-44 : iter      50000 <=> epoch 0.22465560946383978 | train loss 0.6533188820 | val loss 0.6534490585:
	--> training ...
	--> checkpointing ...

2024-11-02_06-58 : iter      55000 <=> epoch 0.24712117041022377 | train loss 0.6520746946 | val loss 0.6527593732:
	--> training ...
	--> checkpointing ...

2024-11-02_08-12 : iter      60000 <=> epoch 0.26958673135660777 | train loss 0.6514463425 | val loss 0.6515902281:
	--> training ...
	--> checkpointing ...

2024-11-02_09-26 : iter      65000 <=> epoch 0.29205229230299173 | train loss 0.6512657404 | val loss 0.6516634226:
	--> training ...
	--> checkpointing ...

2024-11-02_10-40 : iter      70000 <=> epoch 0.3145178532493757 | train loss 0.6498468518 | val loss 0.6481927633:
	--> training ...
	--> checkpointing ...

2024-11-02_11-53 : iter      75000 <=> epoch 0.33698341419575967 | train loss 0.6480056047 | val loss 0.6482098103:
	--> training ...
	--> checkpointing ...

2024-11-02_13-07 : iter      80000 <=> epoch 0.3594489751421437 | train loss 0.6477754712 | val loss 0.6480437517:
	--> training ...
	--> checkpointing ...

2024-11-02_14-21 : iter      85000 <=> epoch 0.38191453608852766 | train loss 0.6460586786 | val loss 0.6472985148:
	--> training ...
	--> checkpointing ...

2024-11-02_15-35 : iter      90000 <=> epoch 0.4043800970349116 | train loss 0.6475635767 | val loss 0.6476787329:
	--> training ...
	--> checkpointing ...

2024-11-02_16-49 : iter      95000 <=> epoch 0.4268456579812956 | train loss 0.6468765140 | val loss 0.6462428570:
	--> training ...
	--> checkpointing ...

2024-11-02_18-02 : iter     100000 <=> epoch 0.44931121892767956 | train loss 0.6453533769 | val loss 0.6456205845:
	--> training ...
	--> checkpointing ...

2024-11-02_19-16 : iter     105000 <=> epoch 0.4717767798740636 | train loss 0.6452018023 | val loss 0.6477544904:
	--> training ...
	--> checkpointing ...

2024-11-02_20-30 : iter     110000 <=> epoch 0.49424234082044755 | train loss 0.6456294656 | val loss 0.6471810341:
	--> training ...
	--> checkpointing ...

2024-11-02_21-44 : iter     115000 <=> epoch 0.5167079017668316 | train loss 0.6445981860 | val loss 0.6436810493:
	--> training ...
	--> checkpointing ...

2024-11-02_22-58 : iter     120000 <=> epoch 0.5391734627132155 | train loss 0.6448802352 | val loss 0.6453972459:
	--> training ...
	--> checkpointing ...

2024-11-03_00-12 : iter     125000 <=> epoch 0.5616390236595995 | train loss 0.6436308026 | val loss 0.6440555453:
	--> training ...
	--> checkpointing ...

2024-11-03_01-25 : iter     130000 <=> epoch 0.5841045846059835 | train loss 0.6441255808 | val loss 0.6441585422:
	--> training ...
	--> checkpointing ...

2024-11-03_02-39 : iter     135000 <=> epoch 0.6065701455523674 | train loss 0.6423868537 | val loss 0.6426062584:
	--> training ...
	--> checkpointing ...

2024-11-03_03-53 : iter     140000 <=> epoch 0.6290357064987514 | train loss 0.6420723796 | val loss 0.6432210803:
	--> training ...
	--> checkpointing ...

2024-11-03_05-07 : iter     145000 <=> epoch 0.6515012674451354 | train loss 0.6431536674 | val loss 0.6445514560:
	--> training ...
	--> checkpointing ...

2024-11-03_06-21 : iter     150000 <=> epoch 0.6739668283915193 | train loss 0.6437309980 | val loss 0.6427867413:
	--> training ...
	--> checkpointing ...

2024-11-03_07-34 : iter     155000 <=> epoch 0.6964323893379033 | train loss 0.6426371932 | val loss 0.6441465020:
	--> training ...
	--> checkpointing ...

2024-11-03_08-48 : iter     160000 <=> epoch 0.7188979502842874 | train loss 0.6390894055 | val loss 0.6392137408:
	--> training ...
	--> checkpointing ...

2024-11-03_10-02 : iter     165000 <=> epoch 0.7413635112306713 | train loss 0.6392641664 | val loss 0.6402547359:
	--> training ...
	--> checkpointing ...

2024-11-03_11-16 : iter     170000 <=> epoch 0.7638290721770553 | train loss 0.6393600106 | val loss 0.6401385665:
	--> training ...
	--> checkpointing ...

2024-11-03_12-29 : iter     175000 <=> epoch 0.7862946331234393 | train loss 0.6383901834 | val loss 0.6395540237:
	--> training ...
	--> checkpointing ...

2024-11-03_13-43 : iter     180000 <=> epoch 0.8087601940698232 | train loss 0.6381019950 | val loss 0.6377335191:
	--> training ...
	--> checkpointing ...

2024-11-03_14-57 : iter     185000 <=> epoch 0.8312257550162072 | train loss 0.6372409463 | val loss 0.6377902627:
	--> training ...
	--> checkpointing ...

2024-11-03_16-11 : iter     190000 <=> epoch 0.8536913159625912 | train loss 0.6388038993 | val loss 0.6386519670:
	--> training ...
	--> checkpointing ...

2024-11-03_17-25 : iter     195000 <=> epoch 0.8761568769089751 | train loss 0.6379044652 | val loss 0.6391641498:
	--> training ...
	--> checkpointing ...

2024-11-03_18-38 : iter     200000 <=> epoch 0.8986224378553591 | train loss 0.6386357546 | val loss 0.6380254030:
	--> training ...
	--> checkpointing ...

2024-11-03_19-52 : iter     205000 <=> epoch 0.9210879988017432 | train loss 0.6387907267 | val loss 0.6376682520:
	--> training ...
	--> checkpointing ...

2024-11-03_21-06 : iter     210000 <=> epoch 0.9435535597481272 | train loss 0.6389451027 | val loss 0.6384038329:
	--> training ...
	--> checkpointing ...

2024-11-03_22-22 : iter     215000 <=> epoch 0.9660191206945111 | train loss 0.6384146214 | val loss 0.6394092441:
	--> training ...
	--> checkpointing ...

2024-11-03_23-36 : iter     220000 <=> epoch 0.9884846816408951 | train loss 0.6375471354 | val loss 0.6384820938:
	--> training ...
